[0.128s] DEBUG:colcon:Command line arguments: ['/usr/bin/colcon', 'build']
[0.128s] DEBUG:colcon:Parsed command line arguments: Namespace(allow_overriding=[], ament_cmake_args=None, base_paths=['.'], build_base='build', catkin_cmake_args=None, catkin_skip_building_tests=False, cmake_args=None, cmake_clean_cache=False, cmake_clean_first=False, cmake_force_configure=False, cmake_target=None, cmake_target_skip_unavailable=False, continue_on_error=False, event_handlers=None, executor='parallel', ignore_user_meta=False, install_base='install', log_base=None, log_level=None, main=<bound method BuildVerb.main of <colcon_core.verb.build.BuildVerb object at 0x7f7212583a30>>, merge_install=False, metas=['./colcon.meta'], packages_above=None, packages_above_and_dependencies=None, packages_above_depth=None, packages_end=None, packages_ignore=None, packages_ignore_regex=None, packages_select=None, packages_select_build_failed=False, packages_select_by_dep=None, packages_select_regex=None, packages_select_test_failures=False, packages_skip=None, packages_skip_build_finished=False, packages_skip_by_dep=None, packages_skip_regex=None, packages_skip_test_passed=False, packages_skip_up_to=None, packages_start=None, packages_up_to=None, packages_up_to_regex=None, parallel_workers=8, paths=None, symlink_install=False, test_result_base=None, verb_extension=<colcon_core.verb.build.BuildVerb object at 0x7f7212583a30>, verb_name='build', verb_parser=<colcon_defaults.argument_parser.defaults.DefaultArgumentsDecorator object at 0x7f7212583fa0>)
[0.150s] Level 1:colcon.colcon_core.package_discovery:discover_packages(colcon_meta) check parameters
[0.150s] Level 1:colcon.colcon_core.package_discovery:discover_packages(recursive) check parameters
[0.150s] Level 1:colcon.colcon_core.package_discovery:discover_packages(ignore) check parameters
[0.150s] Level 1:colcon.colcon_core.package_discovery:discover_packages(path) check parameters
[0.150s] Level 1:colcon.colcon_core.package_discovery:discover_packages(colcon_meta) discover
[0.150s] Level 1:colcon.colcon_core.package_discovery:discover_packages(recursive) discover
[0.151s] INFO:colcon.colcon_core.package_discovery:Crawling recursively for packages in '/home/carsten/ros2_test_ws'
[0.151s] Level 1:colcon.colcon_core.package_identification:_identify(.) by extensions ['ignore', 'ignore_ament_install']
[0.151s] Level 1:colcon.colcon_core.package_identification:_identify(.) by extension 'ignore'
[0.151s] Level 1:colcon.colcon_core.package_identification:_identify(.) by extension 'ignore_ament_install'
[0.151s] Level 1:colcon.colcon_core.package_identification:_identify(.) by extensions ['colcon_pkg']
[0.151s] Level 1:colcon.colcon_core.package_identification:_identify(.) by extension 'colcon_pkg'
[0.151s] Level 1:colcon.colcon_core.package_identification:_identify(.) by extensions ['colcon_meta']
[0.151s] Level 1:colcon.colcon_core.package_identification:_identify(.) by extension 'colcon_meta'
[0.151s] Level 1:colcon.colcon_core.package_identification:_identify(.) by extensions ['ros']
[0.151s] Level 1:colcon.colcon_core.package_identification:_identify(.) by extension 'ros'
[0.161s] Level 1:colcon.colcon_core.package_identification:_identify(.) by extensions ['cmake', 'python']
[0.161s] Level 1:colcon.colcon_core.package_identification:_identify(.) by extension 'cmake'
[0.161s] Level 1:colcon.colcon_core.package_identification:_identify(.) by extension 'python'
[0.161s] Level 1:colcon.colcon_core.package_identification:_identify(.) by extensions ['python_setup_py']
[0.161s] Level 1:colcon.colcon_core.package_identification:_identify(.) by extension 'python_setup_py'
[0.162s] Level 1:colcon.colcon_core.package_identification:_identify(build) by extensions ['ignore', 'ignore_ament_install']
[0.162s] Level 1:colcon.colcon_core.package_identification:_identify(build) by extension 'ignore'
[0.162s] Level 1:colcon.colcon_core.package_identification:_identify(build) ignored
[0.162s] Level 1:colcon.colcon_core.package_identification:_identify(install) by extensions ['ignore', 'ignore_ament_install']
[0.162s] Level 1:colcon.colcon_core.package_identification:_identify(install) by extension 'ignore'
[0.162s] Level 1:colcon.colcon_core.package_identification:_identify(install) ignored
[0.162s] Level 1:colcon.colcon_core.package_identification:_identify(log) by extensions ['ignore', 'ignore_ament_install']
[0.162s] Level 1:colcon.colcon_core.package_identification:_identify(log) by extension 'ignore'
[0.162s] Level 1:colcon.colcon_core.package_identification:_identify(log) ignored
[0.162s] Level 1:colcon.colcon_core.package_identification:_identify(src) by extensions ['ignore', 'ignore_ament_install']
[0.163s] Level 1:colcon.colcon_core.package_identification:_identify(src) by extension 'ignore'
[0.163s] Level 1:colcon.colcon_core.package_identification:_identify(src) by extension 'ignore_ament_install'
[0.163s] Level 1:colcon.colcon_core.package_identification:_identify(src) by extensions ['colcon_pkg']
[0.163s] Level 1:colcon.colcon_core.package_identification:_identify(src) by extension 'colcon_pkg'
[0.163s] Level 1:colcon.colcon_core.package_identification:_identify(src) by extensions ['colcon_meta']
[0.163s] Level 1:colcon.colcon_core.package_identification:_identify(src) by extension 'colcon_meta'
[0.163s] Level 1:colcon.colcon_core.package_identification:_identify(src) by extensions ['ros']
[0.163s] Level 1:colcon.colcon_core.package_identification:_identify(src) by extension 'ros'
[0.163s] Level 1:colcon.colcon_core.package_identification:_identify(src) by extensions ['cmake', 'python']
[0.163s] Level 1:colcon.colcon_core.package_identification:_identify(src) by extension 'cmake'
[0.163s] Level 1:colcon.colcon_core.package_identification:_identify(src) by extension 'python'
[0.163s] Level 1:colcon.colcon_core.package_identification:_identify(src) by extensions ['python_setup_py']
[0.163s] Level 1:colcon.colcon_core.package_identification:_identify(src) by extension 'python_setup_py'
[0.163s] Level 1:colcon.colcon_core.package_identification:_identify(src/cpp_pubsub) by extensions ['ignore', 'ignore_ament_install']
[0.164s] Level 1:colcon.colcon_core.package_identification:_identify(src/cpp_pubsub) by extension 'ignore'
[0.164s] Level 1:colcon.colcon_core.package_identification:_identify(src/cpp_pubsub) by extension 'ignore_ament_install'
[0.164s] Level 1:colcon.colcon_core.package_identification:_identify(src/cpp_pubsub) by extensions ['colcon_pkg']
[0.164s] Level 1:colcon.colcon_core.package_identification:_identify(src/cpp_pubsub) by extension 'colcon_pkg'
[0.164s] Level 1:colcon.colcon_core.package_identification:_identify(src/cpp_pubsub) by extensions ['colcon_meta']
[0.164s] Level 1:colcon.colcon_core.package_identification:_identify(src/cpp_pubsub) by extension 'colcon_meta'
[0.164s] Level 1:colcon.colcon_core.package_identification:_identify(src/cpp_pubsub) by extensions ['ros']
[0.164s] Level 1:colcon.colcon_core.package_identification:_identify(src/cpp_pubsub) by extension 'ros'
[0.167s] DEBUG:colcon.colcon_core.package_identification:Package 'src/cpp_pubsub' with type 'ros.ament_cmake' and name 'cpp_pubsub'
[0.167s] Level 1:colcon.colcon_core.package_identification:_identify(src/cv_basics) by extensions ['ignore', 'ignore_ament_install']
[0.167s] Level 1:colcon.colcon_core.package_identification:_identify(src/cv_basics) by extension 'ignore'
[0.167s] Level 1:colcon.colcon_core.package_identification:_identify(src/cv_basics) by extension 'ignore_ament_install'
[0.168s] Level 1:colcon.colcon_core.package_identification:_identify(src/cv_basics) by extensions ['colcon_pkg']
[0.168s] Level 1:colcon.colcon_core.package_identification:_identify(src/cv_basics) by extension 'colcon_pkg'
[0.168s] Level 1:colcon.colcon_core.package_identification:_identify(src/cv_basics) by extensions ['colcon_meta']
[0.168s] Level 1:colcon.colcon_core.package_identification:_identify(src/cv_basics) by extension 'colcon_meta'
[0.168s] Level 1:colcon.colcon_core.package_identification:_identify(src/cv_basics) by extensions ['ros']
[0.168s] Level 1:colcon.colcon_core.package_identification:_identify(src/cv_basics) by extension 'ros'
[0.171s] DEBUG:colcon.colcon_core.package_identification:Package 'src/cv_basics' with type 'ros.ament_python' and name 'cv_basics'
[0.171s] Level 1:colcon.colcon_core.package_identification:_identify(src/py_pubsub) by extensions ['ignore', 'ignore_ament_install']
[0.171s] Level 1:colcon.colcon_core.package_identification:_identify(src/py_pubsub) by extension 'ignore'
[0.171s] Level 1:colcon.colcon_core.package_identification:_identify(src/py_pubsub) by extension 'ignore_ament_install'
[0.172s] Level 1:colcon.colcon_core.package_identification:_identify(src/py_pubsub) by extensions ['colcon_pkg']
[0.172s] Level 1:colcon.colcon_core.package_identification:_identify(src/py_pubsub) by extension 'colcon_pkg'
[0.172s] Level 1:colcon.colcon_core.package_identification:_identify(src/py_pubsub) by extensions ['colcon_meta']
[0.172s] Level 1:colcon.colcon_core.package_identification:_identify(src/py_pubsub) by extension 'colcon_meta'
[0.172s] Level 1:colcon.colcon_core.package_identification:_identify(src/py_pubsub) by extensions ['ros']
[0.172s] Level 1:colcon.colcon_core.package_identification:_identify(src/py_pubsub) by extension 'ros'
[0.172s] DEBUG:colcon.colcon_core.package_identification:Package 'src/py_pubsub' with type 'ros.ament_python' and name 'py_pubsub'
[0.172s] Level 1:colcon.colcon_core.package_discovery:discover_packages(recursive) using defaults
[0.172s] Level 1:colcon.colcon_core.package_discovery:discover_packages(ignore) discover
[0.172s] Level 1:colcon.colcon_core.package_discovery:discover_packages(ignore) using defaults
[0.172s] Level 1:colcon.colcon_core.package_discovery:discover_packages(path) discover
[0.173s] Level 1:colcon.colcon_core.package_discovery:discover_packages(path) using defaults
[0.201s] Level 1:colcon.colcon_core.package_discovery:discover_packages(prefix_path) check parameters
[0.201s] Level 1:colcon.colcon_core.package_discovery:discover_packages(prefix_path) discover
[0.205s] DEBUG:colcon.colcon_installed_package_information.package_discovery:Found 262 installed packages in /opt/ros/foxy
[0.206s] Level 1:colcon.colcon_core.package_discovery:discover_packages(prefix_path) using defaults
[0.285s] Level 5:colcon.colcon_core.verb:set package 'cpp_pubsub' build argument 'cmake_args' from command line to 'None'
[0.285s] Level 5:colcon.colcon_core.verb:set package 'cpp_pubsub' build argument 'cmake_target' from command line to 'None'
[0.286s] Level 5:colcon.colcon_core.verb:set package 'cpp_pubsub' build argument 'cmake_target_skip_unavailable' from command line to 'False'
[0.286s] Level 5:colcon.colcon_core.verb:set package 'cpp_pubsub' build argument 'cmake_clean_cache' from command line to 'False'
[0.286s] Level 5:colcon.colcon_core.verb:set package 'cpp_pubsub' build argument 'cmake_clean_first' from command line to 'False'
[0.286s] Level 5:colcon.colcon_core.verb:set package 'cpp_pubsub' build argument 'cmake_force_configure' from command line to 'False'
[0.286s] Level 5:colcon.colcon_core.verb:set package 'cpp_pubsub' build argument 'ament_cmake_args' from command line to 'None'
[0.286s] Level 5:colcon.colcon_core.verb:set package 'cpp_pubsub' build argument 'catkin_cmake_args' from command line to 'None'
[0.286s] Level 5:colcon.colcon_core.verb:set package 'cpp_pubsub' build argument 'catkin_skip_building_tests' from command line to 'False'
[0.286s] DEBUG:colcon.colcon_core.verb:Building package 'cpp_pubsub' with the following arguments: {'ament_cmake_args': None, 'build_base': '/home/carsten/ros2_test_ws/build/cpp_pubsub', 'catkin_cmake_args': None, 'catkin_skip_building_tests': False, 'cmake_args': None, 'cmake_clean_cache': False, 'cmake_clean_first': False, 'cmake_force_configure': False, 'cmake_target': None, 'cmake_target_skip_unavailable': False, 'install_base': '/home/carsten/ros2_test_ws/install/cpp_pubsub', 'merge_install': False, 'path': '/home/carsten/ros2_test_ws/src/cpp_pubsub', 'symlink_install': False, 'test_result_base': None}
[0.287s] Level 5:colcon.colcon_core.verb:set package 'cv_basics' build argument 'cmake_args' from command line to 'None'
[0.287s] Level 5:colcon.colcon_core.verb:set package 'cv_basics' build argument 'cmake_target' from command line to 'None'
[0.287s] Level 5:colcon.colcon_core.verb:set package 'cv_basics' build argument 'cmake_target_skip_unavailable' from command line to 'False'
[0.287s] Level 5:colcon.colcon_core.verb:set package 'cv_basics' build argument 'cmake_clean_cache' from command line to 'False'
[0.287s] Level 5:colcon.colcon_core.verb:set package 'cv_basics' build argument 'cmake_clean_first' from command line to 'False'
[0.287s] Level 5:colcon.colcon_core.verb:set package 'cv_basics' build argument 'cmake_force_configure' from command line to 'False'
[0.287s] Level 5:colcon.colcon_core.verb:set package 'cv_basics' build argument 'ament_cmake_args' from command line to 'None'
[0.287s] Level 5:colcon.colcon_core.verb:set package 'cv_basics' build argument 'catkin_cmake_args' from command line to 'None'
[0.287s] Level 5:colcon.colcon_core.verb:set package 'cv_basics' build argument 'catkin_skip_building_tests' from command line to 'False'
[0.287s] DEBUG:colcon.colcon_core.verb:Building package 'cv_basics' with the following arguments: {'ament_cmake_args': None, 'build_base': '/home/carsten/ros2_test_ws/build/cv_basics', 'catkin_cmake_args': None, 'catkin_skip_building_tests': False, 'cmake_args': None, 'cmake_clean_cache': False, 'cmake_clean_first': False, 'cmake_force_configure': False, 'cmake_target': None, 'cmake_target_skip_unavailable': False, 'install_base': '/home/carsten/ros2_test_ws/install/cv_basics', 'merge_install': False, 'path': '/home/carsten/ros2_test_ws/src/cv_basics', 'symlink_install': False, 'test_result_base': None}
[0.288s] Level 5:colcon.colcon_core.verb:set package 'py_pubsub' build argument 'cmake_args' from command line to 'None'
[0.288s] Level 5:colcon.colcon_core.verb:set package 'py_pubsub' build argument 'cmake_target' from command line to 'None'
[0.288s] Level 5:colcon.colcon_core.verb:set package 'py_pubsub' build argument 'cmake_target_skip_unavailable' from command line to 'False'
[0.288s] Level 5:colcon.colcon_core.verb:set package 'py_pubsub' build argument 'cmake_clean_cache' from command line to 'False'
[0.288s] Level 5:colcon.colcon_core.verb:set package 'py_pubsub' build argument 'cmake_clean_first' from command line to 'False'
[0.288s] Level 5:colcon.colcon_core.verb:set package 'py_pubsub' build argument 'cmake_force_configure' from command line to 'False'
[0.288s] Level 5:colcon.colcon_core.verb:set package 'py_pubsub' build argument 'ament_cmake_args' from command line to 'None'
[0.288s] Level 5:colcon.colcon_core.verb:set package 'py_pubsub' build argument 'catkin_cmake_args' from command line to 'None'
[0.288s] Level 5:colcon.colcon_core.verb:set package 'py_pubsub' build argument 'catkin_skip_building_tests' from command line to 'False'
[0.288s] DEBUG:colcon.colcon_core.verb:Building package 'py_pubsub' with the following arguments: {'ament_cmake_args': None, 'build_base': '/home/carsten/ros2_test_ws/build/py_pubsub', 'catkin_cmake_args': None, 'catkin_skip_building_tests': False, 'cmake_args': None, 'cmake_clean_cache': False, 'cmake_clean_first': False, 'cmake_force_configure': False, 'cmake_target': None, 'cmake_target_skip_unavailable': False, 'install_base': '/home/carsten/ros2_test_ws/install/py_pubsub', 'merge_install': False, 'path': '/home/carsten/ros2_test_ws/src/py_pubsub', 'symlink_install': False, 'test_result_base': None}
[0.289s] INFO:colcon.colcon_core.executor:Executing jobs using 'parallel' executor
[0.293s] DEBUG:colcon.colcon_parallel_executor.executor.parallel:run_until_complete
[0.294s] INFO:colcon.colcon_ros.task.ament_cmake.build:Building ROS package in '/home/carsten/ros2_test_ws/src/cpp_pubsub' with build type 'ament_cmake'
[0.294s] INFO:colcon.colcon_cmake.task.cmake.build:Building CMake package in '/home/carsten/ros2_test_ws/src/cpp_pubsub'
[0.299s] INFO:colcon.colcon_core.plugin_system:Skipping extension 'colcon_core.shell.bat': Not used on non-Windows systems
[0.299s] INFO:colcon.colcon_core.shell:Skip shell extension 'powershell' for command environment: Not usable outside of PowerShell
[0.299s] DEBUG:colcon.colcon_core.shell:Skip shell extension 'dsv' for command environment
[0.304s] INFO:colcon.colcon_ros.task.ament_python.build:Building ROS package in '/home/carsten/ros2_test_ws/src/cv_basics' with build type 'ament_python'
[0.305s] Level 1:colcon.colcon_core.shell:create_environment_hook('cv_basics', 'ament_prefix_path')
[0.325s] INFO:colcon.colcon_core.shell:Creating environment hook '/home/carsten/ros2_test_ws/install/cv_basics/share/cv_basics/hook/ament_prefix_path.ps1'
[0.328s] INFO:colcon.colcon_core.shell:Creating environment descriptor '/home/carsten/ros2_test_ws/install/cv_basics/share/cv_basics/hook/ament_prefix_path.dsv'
[0.330s] INFO:colcon.colcon_core.shell:Creating environment hook '/home/carsten/ros2_test_ws/install/cv_basics/share/cv_basics/hook/ament_prefix_path.sh'
[0.337s] INFO:colcon.colcon_core.shell:Skip shell extension 'powershell' for command environment: Not usable outside of PowerShell
[0.337s] DEBUG:colcon.colcon_core.shell:Skip shell extension 'dsv' for command environment
[0.346s] INFO:colcon.colcon_ros.task.ament_python.build:Building ROS package in '/home/carsten/ros2_test_ws/src/py_pubsub' with build type 'ament_python'
[0.347s] Level 1:colcon.colcon_core.shell:create_environment_hook('py_pubsub', 'ament_prefix_path')
[0.350s] INFO:colcon.colcon_core.shell:Creating environment hook '/home/carsten/ros2_test_ws/install/py_pubsub/share/py_pubsub/hook/ament_prefix_path.ps1'
[0.351s] INFO:colcon.colcon_core.shell:Creating environment descriptor '/home/carsten/ros2_test_ws/install/py_pubsub/share/py_pubsub/hook/ament_prefix_path.dsv'
[0.351s] INFO:colcon.colcon_core.shell:Creating environment hook '/home/carsten/ros2_test_ws/install/py_pubsub/share/py_pubsub/hook/ament_prefix_path.sh'
[0.355s] INFO:colcon.colcon_core.shell:Skip shell extension 'powershell' for command environment: Not usable outside of PowerShell
[0.355s] DEBUG:colcon.colcon_core.shell:Skip shell extension 'dsv' for command environment
[0.368s] DEBUG:colcon.colcon_core.event_handler.log_command:Invoking command in '/home/carsten/ros2_test_ws/build/cpp_pubsub': CMAKE_PREFIX_PATH=/opt/ros/foxy /usr/bin/cmake --build /home/carsten/ros2_test_ws/build/cpp_pubsub -- -j8 -l8
[0.768s] INFO:colcon.colcon_core.task.python.build:Building Python package in '/home/carsten/ros2_test_ws/src/cv_basics'
[0.770s] INFO:colcon.colcon_core.shell:Skip shell extension 'powershell' for command environment: Not usable outside of PowerShell
[0.770s] DEBUG:colcon.colcon_core.shell:Skip shell extension 'dsv' for command environment
[1.096s] INFO:colcon.colcon_core.task.python.build:Building Python package in '/home/carsten/ros2_test_ws/src/py_pubsub'
[1.098s] INFO:colcon.colcon_core.shell:Skip shell extension 'powershell' for command environment: Not usable outside of PowerShell
[1.099s] DEBUG:colcon.colcon_core.shell:Skip shell extension 'dsv' for command environment
[1.108s] DEBUG:colcon.colcon_core.event_handler.log_command:Invoked command in '/home/carsten/ros2_test_ws/build/cpp_pubsub' returned '0': CMAKE_PREFIX_PATH=/opt/ros/foxy /usr/bin/cmake --build /home/carsten/ros2_test_ws/build/cpp_pubsub -- -j8 -l8
[1.157s] DEBUG:colcon.colcon_core.event_handler.log_command:Invoking command in '/home/carsten/ros2_test_ws/build/cpp_pubsub': CMAKE_PREFIX_PATH=/opt/ros/foxy /usr/bin/cmake --install /home/carsten/ros2_test_ws/build/cpp_pubsub
[1.170s] Level 1:colcon.colcon_core.environment:create_environment_scripts_only(cpp_pubsub)
[1.171s] DEBUG:colcon.colcon_core.event_handler.log_command:Invoked command in '/home/carsten/ros2_test_ws/build/cpp_pubsub' returned '0': CMAKE_PREFIX_PATH=/opt/ros/foxy /usr/bin/cmake --install /home/carsten/ros2_test_ws/build/cpp_pubsub
[1.179s] Level 1:colcon.colcon_core.environment:checking '/home/carsten/ros2_test_ws/install/cpp_pubsub' for CMake module files
[1.180s] Level 1:colcon.colcon_core.environment:checking '/home/carsten/ros2_test_ws/install/cpp_pubsub' for CMake config files
[1.180s] Level 1:colcon.colcon_core.shell:create_environment_hook('cpp_pubsub', 'cmake_prefix_path')
[1.183s] INFO:colcon.colcon_core.shell:Creating environment hook '/home/carsten/ros2_test_ws/install/cpp_pubsub/share/cpp_pubsub/hook/cmake_prefix_path.ps1'
[1.184s] INFO:colcon.colcon_core.shell:Creating environment descriptor '/home/carsten/ros2_test_ws/install/cpp_pubsub/share/cpp_pubsub/hook/cmake_prefix_path.dsv'
[1.184s] INFO:colcon.colcon_core.shell:Creating environment hook '/home/carsten/ros2_test_ws/install/cpp_pubsub/share/cpp_pubsub/hook/cmake_prefix_path.sh'
[1.185s] Level 1:colcon.colcon_core.environment:checking '/home/carsten/ros2_test_ws/install/cpp_pubsub/bin'
[1.185s] Level 1:colcon.colcon_core.environment:checking '/home/carsten/ros2_test_ws/install/cpp_pubsub/lib/pkgconfig/cpp_pubsub.pc'
[1.185s] Level 1:colcon.colcon_core.environment:checking '/home/carsten/ros2_test_ws/install/cpp_pubsub/lib/python3.8/site-packages'
[1.186s] Level 1:colcon.colcon_core.environment:checking '/home/carsten/ros2_test_ws/install/cpp_pubsub/bin'
[1.188s] INFO:colcon.colcon_core.shell:Creating package script '/home/carsten/ros2_test_ws/install/cpp_pubsub/share/cpp_pubsub/package.ps1'
[1.189s] INFO:colcon.colcon_core.shell:Creating package descriptor '/home/carsten/ros2_test_ws/install/cpp_pubsub/share/cpp_pubsub/package.dsv'
[1.190s] INFO:colcon.colcon_core.shell:Creating package script '/home/carsten/ros2_test_ws/install/cpp_pubsub/share/cpp_pubsub/package.sh'
[1.191s] INFO:colcon.colcon_core.shell:Creating package script '/home/carsten/ros2_test_ws/install/cpp_pubsub/share/cpp_pubsub/package.bash'
[1.192s] INFO:colcon.colcon_core.shell:Creating package script '/home/carsten/ros2_test_ws/install/cpp_pubsub/share/cpp_pubsub/package.zsh'
[1.193s] Level 1:colcon.colcon_core.environment:create_file_with_runtime_dependencies(/home/carsten/ros2_test_ws/install/cpp_pubsub/share/colcon-core/packages/cpp_pubsub)
[1.263s] Level 1:colcon.colcon_core.environment:create_environment_scripts_only(cpp_pubsub)
[1.267s] Level 1:colcon.colcon_core.environment:checking '/home/carsten/ros2_test_ws/install/cpp_pubsub' for CMake module files
[1.268s] Level 1:colcon.colcon_core.environment:checking '/home/carsten/ros2_test_ws/install/cpp_pubsub' for CMake config files
[1.268s] Level 1:colcon.colcon_core.shell:create_environment_hook('cpp_pubsub', 'cmake_prefix_path')
[1.270s] INFO:colcon.colcon_core.shell:Creating environment hook '/home/carsten/ros2_test_ws/install/cpp_pubsub/share/cpp_pubsub/hook/cmake_prefix_path.ps1'
[1.272s] INFO:colcon.colcon_core.shell:Creating environment descriptor '/home/carsten/ros2_test_ws/install/cpp_pubsub/share/cpp_pubsub/hook/cmake_prefix_path.dsv'
[1.272s] INFO:colcon.colcon_core.shell:Creating environment hook '/home/carsten/ros2_test_ws/install/cpp_pubsub/share/cpp_pubsub/hook/cmake_prefix_path.sh'
[1.273s] Level 1:colcon.colcon_core.environment:checking '/home/carsten/ros2_test_ws/install/cpp_pubsub/bin'
[1.273s] Level 1:colcon.colcon_core.environment:checking '/home/carsten/ros2_test_ws/install/cpp_pubsub/lib/pkgconfig/cpp_pubsub.pc'
[1.273s] Level 1:colcon.colcon_core.environment:checking '/home/carsten/ros2_test_ws/install/cpp_pubsub/lib/python3.8/site-packages'
[1.274s] Level 1:colcon.colcon_core.environment:checking '/home/carsten/ros2_test_ws/install/cpp_pubsub/bin'
[1.276s] INFO:colcon.colcon_core.shell:Creating package script '/home/carsten/ros2_test_ws/install/cpp_pubsub/share/cpp_pubsub/package.ps1'
[1.277s] INFO:colcon.colcon_core.shell:Creating package descriptor '/home/carsten/ros2_test_ws/install/cpp_pubsub/share/cpp_pubsub/package.dsv'
[1.278s] INFO:colcon.colcon_core.shell:Creating package script '/home/carsten/ros2_test_ws/install/cpp_pubsub/share/cpp_pubsub/package.sh'
[1.278s] INFO:colcon.colcon_core.shell:Creating package script '/home/carsten/ros2_test_ws/install/cpp_pubsub/share/cpp_pubsub/package.bash'
[1.279s] INFO:colcon.colcon_core.shell:Creating package script '/home/carsten/ros2_test_ws/install/cpp_pubsub/share/cpp_pubsub/package.zsh'
[1.279s] Level 1:colcon.colcon_core.environment:create_file_with_runtime_dependencies(/home/carsten/ros2_test_ws/install/cpp_pubsub/share/colcon-core/packages/cpp_pubsub)
[1.864s] DEBUG:colcon.colcon_core.event_handler.log_command:Invoking command in '/home/carsten/ros2_test_ws/src/cv_basics': PYTHONPATH=/home/carsten/ros2_test_ws/install/cv_basics/lib/python3.8/site-packages:${PYTHONPATH} /usr/bin/python3 setup.py egg_info --egg-base ../../build/cv_basics build --build-base /home/carsten/ros2_test_ws/build/cv_basics/build install --prefix /home/carsten/ros2_test_ws/install/cv_basics --record /home/carsten/ros2_test_ws/build/cv_basics/install.log --single-version-externally-managed
[1.878s] DEBUG:colcon.colcon_core.event_handler.log_command:Invoking command in '/home/carsten/ros2_test_ws/src/py_pubsub': PYTHONPATH=/home/carsten/ros2_test_ws/install/py_pubsub/lib/python3.8/site-packages:${PYTHONPATH} /usr/bin/python3 setup.py egg_info --egg-base ../../build/py_pubsub build --build-base /home/carsten/ros2_test_ws/build/py_pubsub/build install --prefix /home/carsten/ros2_test_ws/install/py_pubsub --record /home/carsten/ros2_test_ws/build/py_pubsub/install.log --single-version-externally-managed
[2.422s] Level 1:colcon.colcon_core.environment:checking '/home/carsten/ros2_test_ws/install/py_pubsub' for CMake module files
[2.424s] Level 1:colcon.colcon_core.environment:checking '/home/carsten/ros2_test_ws/install/py_pubsub' for CMake config files
[2.425s] DEBUG:colcon.colcon_core.event_handler.log_command:Invoked command in '/home/carsten/ros2_test_ws/src/py_pubsub' returned '0': PYTHONPATH=/home/carsten/ros2_test_ws/install/py_pubsub/lib/python3.8/site-packages:${PYTHONPATH} /usr/bin/python3 setup.py egg_info --egg-base ../../build/py_pubsub build --build-base /home/carsten/ros2_test_ws/build/py_pubsub/build install --prefix /home/carsten/ros2_test_ws/install/py_pubsub --record /home/carsten/ros2_test_ws/build/py_pubsub/install.log --single-version-externally-managed
[2.426s] Level 1:colcon.colcon_core.environment:checking '/home/carsten/ros2_test_ws/install/py_pubsub/lib'
[2.427s] Level 1:colcon.colcon_core.environment:checking '/home/carsten/ros2_test_ws/install/py_pubsub/bin'
[2.427s] Level 1:colcon.colcon_core.environment:checking '/home/carsten/ros2_test_ws/install/py_pubsub/lib/pkgconfig/py_pubsub.pc'
[2.428s] Level 1:colcon.colcon_core.environment:checking '/home/carsten/ros2_test_ws/install/py_pubsub/lib/python3.8/site-packages'
[2.428s] Level 1:colcon.colcon_core.shell:create_environment_hook('py_pubsub', 'pythonpath')
[2.431s] INFO:colcon.colcon_core.shell:Creating environment hook '/home/carsten/ros2_test_ws/install/py_pubsub/share/py_pubsub/hook/pythonpath.ps1'
[2.432s] INFO:colcon.colcon_core.shell:Creating environment descriptor '/home/carsten/ros2_test_ws/install/py_pubsub/share/py_pubsub/hook/pythonpath.dsv'
[2.432s] INFO:colcon.colcon_core.shell:Creating environment hook '/home/carsten/ros2_test_ws/install/py_pubsub/share/py_pubsub/hook/pythonpath.sh'
[2.433s] Level 1:colcon.colcon_core.environment:checking '/home/carsten/ros2_test_ws/install/py_pubsub/bin'
[2.434s] Level 1:colcon.colcon_core.environment:create_environment_scripts_only(py_pubsub)
[2.436s] INFO:colcon.colcon_core.shell:Creating package script '/home/carsten/ros2_test_ws/install/py_pubsub/share/py_pubsub/package.ps1'
[2.437s] INFO:colcon.colcon_core.shell:Creating package descriptor '/home/carsten/ros2_test_ws/install/py_pubsub/share/py_pubsub/package.dsv'
[2.437s] INFO:colcon.colcon_core.shell:Creating package script '/home/carsten/ros2_test_ws/install/py_pubsub/share/py_pubsub/package.sh'
[2.438s] INFO:colcon.colcon_core.shell:Creating package script '/home/carsten/ros2_test_ws/install/py_pubsub/share/py_pubsub/package.bash'
[2.438s] INFO:colcon.colcon_core.shell:Creating package script '/home/carsten/ros2_test_ws/install/py_pubsub/share/py_pubsub/package.zsh'
[2.438s] Level 1:colcon.colcon_core.environment:create_file_with_runtime_dependencies(/home/carsten/ros2_test_ws/install/py_pubsub/share/colcon-core/packages/py_pubsub)
[2.442s] Level 1:colcon.colcon_core.environment:checking '/home/carsten/ros2_test_ws/install/cv_basics' for CMake module files
[2.444s] DEBUG:colcon.colcon_core.event_handler.log_command:Invoked command in '/home/carsten/ros2_test_ws/src/cv_basics' returned '0': PYTHONPATH=/home/carsten/ros2_test_ws/install/cv_basics/lib/python3.8/site-packages:${PYTHONPATH} /usr/bin/python3 setup.py egg_info --egg-base ../../build/cv_basics build --build-base /home/carsten/ros2_test_ws/build/cv_basics/build install --prefix /home/carsten/ros2_test_ws/install/cv_basics --record /home/carsten/ros2_test_ws/build/cv_basics/install.log --single-version-externally-managed
[2.444s] Level 1:colcon.colcon_core.environment:checking '/home/carsten/ros2_test_ws/install/cv_basics' for CMake config files
[2.445s] Level 1:colcon.colcon_core.environment:checking '/home/carsten/ros2_test_ws/install/cv_basics/lib'
[2.445s] Level 1:colcon.colcon_core.environment:checking '/home/carsten/ros2_test_ws/install/cv_basics/bin'
[2.445s] Level 1:colcon.colcon_core.environment:checking '/home/carsten/ros2_test_ws/install/cv_basics/lib/pkgconfig/cv_basics.pc'
[2.445s] Level 1:colcon.colcon_core.environment:checking '/home/carsten/ros2_test_ws/install/cv_basics/lib/python3.8/site-packages'
[2.445s] Level 1:colcon.colcon_core.shell:create_environment_hook('cv_basics', 'pythonpath')
[2.448s] INFO:colcon.colcon_core.shell:Creating environment hook '/home/carsten/ros2_test_ws/install/cv_basics/share/cv_basics/hook/pythonpath.ps1'
[2.449s] INFO:colcon.colcon_core.shell:Creating environment descriptor '/home/carsten/ros2_test_ws/install/cv_basics/share/cv_basics/hook/pythonpath.dsv'
[2.449s] INFO:colcon.colcon_core.shell:Creating environment hook '/home/carsten/ros2_test_ws/install/cv_basics/share/cv_basics/hook/pythonpath.sh'
[2.450s] Level 1:colcon.colcon_core.environment:checking '/home/carsten/ros2_test_ws/install/cv_basics/bin'
[2.450s] Level 1:colcon.colcon_core.environment:create_environment_scripts_only(cv_basics)
[2.452s] INFO:colcon.colcon_core.shell:Creating package script '/home/carsten/ros2_test_ws/install/cv_basics/share/cv_basics/package.ps1'
[2.453s] INFO:colcon.colcon_core.shell:Creating package descriptor '/home/carsten/ros2_test_ws/install/cv_basics/share/cv_basics/package.dsv'
[2.453s] INFO:colcon.colcon_core.shell:Creating package script '/home/carsten/ros2_test_ws/install/cv_basics/share/cv_basics/package.sh'
[2.454s] INFO:colcon.colcon_core.shell:Creating package script '/home/carsten/ros2_test_ws/install/cv_basics/share/cv_basics/package.bash'
[2.454s] INFO:colcon.colcon_core.shell:Creating package script '/home/carsten/ros2_test_ws/install/cv_basics/share/cv_basics/package.zsh'
[2.455s] Level 1:colcon.colcon_core.environment:create_file_with_runtime_dependencies(/home/carsten/ros2_test_ws/install/cv_basics/share/colcon-core/packages/cv_basics)
[2.455s] DEBUG:colcon.colcon_parallel_executor.executor.parallel:closing loop
[2.455s] DEBUG:colcon.colcon_parallel_executor.executor.parallel:loop closed
[2.456s] DEBUG:colcon.colcon_parallel_executor.executor.parallel:run_until_complete finished with '0'
[2.456s] DEBUG:colcon.colcon_core.event_reactor:joining thread
[2.466s] INFO:colcon.colcon_core.plugin_system:Skipping extension 'colcon_notification.desktop_notification.terminal_notifier': Not used on non-Darwin systems
[2.466s] INFO:colcon.colcon_core.plugin_system:Skipping extension 'colcon_notification.desktop_notification.win32': Not used on non-Windows systems
[2.466s] INFO:colcon.colcon_notification.desktop_notification:Sending desktop notification using 'notify2'
[2.505s] DEBUG:colcon.colcon_core.event_reactor:joined thread
[2.508s] INFO:colcon.colcon_core.shell:Creating prefix script '/home/carsten/ros2_test_ws/install/local_setup.ps1'
[2.510s] INFO:colcon.colcon_core.shell:Creating prefix util module '/home/carsten/ros2_test_ws/install/_local_setup_util_ps1.py'
[2.512s] INFO:colcon.colcon_core.shell:Creating prefix chain script '/home/carsten/ros2_test_ws/install/setup.ps1'
[2.515s] INFO:colcon.colcon_core.shell:Creating prefix script '/home/carsten/ros2_test_ws/install/local_setup.sh'
[2.516s] INFO:colcon.colcon_core.shell:Creating prefix util module '/home/carsten/ros2_test_ws/install/_local_setup_util_sh.py'
[2.516s] INFO:colcon.colcon_core.shell:Creating prefix chain script '/home/carsten/ros2_test_ws/install/setup.sh'
[2.530s] INFO:colcon.colcon_core.shell:Creating prefix script '/home/carsten/ros2_test_ws/install/local_setup.bash'
[2.536s] INFO:colcon.colcon_core.shell:Creating prefix chain script '/home/carsten/ros2_test_ws/install/setup.bash'
[2.545s] INFO:colcon.colcon_core.shell:Creating prefix script '/home/carsten/ros2_test_ws/install/local_setup.zsh'
[2.548s] INFO:colcon.colcon_core.shell:Creating prefix chain script '/home/carsten/ros2_test_ws/install/setup.zsh'
