[1.551s] Invoking command in '/home/carsten/ros2_test_ws/src/py_pubsub': PYTHONPATH=/home/carsten/ros2_test_ws/install/py_pubsub/lib/python3.8/site-packages:${PYTHONPATH} /usr/bin/python3 setup.py egg_info --egg-base ../../build/py_pubsub build --build-base /home/carsten/ros2_test_ws/build/py_pubsub/build install --prefix /home/carsten/ros2_test_ws/install/py_pubsub --record /home/carsten/ros2_test_ws/build/py_pubsub/install.log --single-version-externally-managed
[1.887s] running egg_info
[1.887s] writing ../../build/py_pubsub/py_pubsub.egg-info/PKG-INFO
[1.887s] writing dependency_links to ../../build/py_pubsub/py_pubsub.egg-info/dependency_links.txt
[1.888s] writing entry points to ../../build/py_pubsub/py_pubsub.egg-info/entry_points.txt
[1.888s] writing requirements to ../../build/py_pubsub/py_pubsub.egg-info/requires.txt
[1.888s] writing top-level names to ../../build/py_pubsub/py_pubsub.egg-info/top_level.txt
[1.966s] reading manifest file '../../build/py_pubsub/py_pubsub.egg-info/SOURCES.txt'
[1.967s] writing manifest file '../../build/py_pubsub/py_pubsub.egg-info/SOURCES.txt'
[1.968s] running build
[1.968s] running build_py
[1.968s] running install
[1.969s] running install_lib
[1.971s] running install_data
[1.972s] running install_egg_info
[1.973s] removing '/home/carsten/ros2_test_ws/install/py_pubsub/lib/python3.8/site-packages/py_pubsub-0.0.0-py3.8.egg-info' (and everything under it)
[1.974s] Copying ../../build/py_pubsub/py_pubsub.egg-info to /home/carsten/ros2_test_ws/install/py_pubsub/lib/python3.8/site-packages/py_pubsub-0.0.0-py3.8.egg-info
[1.975s] running install_scripts
[1.992s] writing list of installed files to '/home/carsten/ros2_test_ws/build/py_pubsub/install.log'
[2.048s] Invoked command in '/home/carsten/ros2_test_ws/src/py_pubsub' returned '0': PYTHONPATH=/home/carsten/ros2_test_ws/install/py_pubsub/lib/python3.8/site-packages:${PYTHONPATH} /usr/bin/python3 setup.py egg_info --egg-base ../../build/py_pubsub build --build-base /home/carsten/ros2_test_ws/build/py_pubsub/build install --prefix /home/carsten/ros2_test_ws/install/py_pubsub --record /home/carsten/ros2_test_ws/build/py_pubsub/install.log --single-version-externally-managed
