[2.481s] Invoking command in '/home/carsten/ros2_test_ws/src/py_pubsub': PYTHONPATH=/home/carsten/ros2_test_ws/install/py_pubsub/lib/python3.8/site-packages:${PYTHONPATH} /usr/bin/python3 setup.py egg_info --egg-base ../../build/py_pubsub build --build-base /home/carsten/ros2_test_ws/build/py_pubsub/build install --prefix /home/carsten/ros2_test_ws/install/py_pubsub --record /home/carsten/ros2_test_ws/build/py_pubsub/install.log --single-version-externally-managed
[3.058s] running egg_info
[3.065s] writing ../../build/py_pubsub/py_pubsub.egg-info/PKG-INFO
[3.067s] writing dependency_links to ../../build/py_pubsub/py_pubsub.egg-info/dependency_links.txt
[3.069s] writing entry points to ../../build/py_pubsub/py_pubsub.egg-info/entry_points.txt
[3.070s] writing requirements to ../../build/py_pubsub/py_pubsub.egg-info/requires.txt
[3.071s] writing top-level names to ../../build/py_pubsub/py_pubsub.egg-info/top_level.txt
[3.164s] reading manifest file '../../build/py_pubsub/py_pubsub.egg-info/SOURCES.txt'
[3.166s] writing manifest file '../../build/py_pubsub/py_pubsub.egg-info/SOURCES.txt'
[3.166s] running build
[3.167s] running build_py
[3.167s] running install
[3.169s] running install_lib
[3.171s] running install_data
[3.172s] running install_egg_info
[3.176s] removing '/home/carsten/ros2_test_ws/install/py_pubsub/lib/python3.8/site-packages/py_pubsub-0.0.0-py3.8.egg-info' (and everything under it)
[3.176s] Copying ../../build/py_pubsub/py_pubsub.egg-info to /home/carsten/ros2_test_ws/install/py_pubsub/lib/python3.8/site-packages/py_pubsub-0.0.0-py3.8.egg-info
[3.178s] running install_scripts
[3.234s] writing list of installed files to '/home/carsten/ros2_test_ws/build/py_pubsub/install.log'
[3.280s] Invoked command in '/home/carsten/ros2_test_ws/src/py_pubsub' returned '0': PYTHONPATH=/home/carsten/ros2_test_ws/install/py_pubsub/lib/python3.8/site-packages:${PYTHONPATH} /usr/bin/python3 setup.py egg_info --egg-base ../../build/py_pubsub build --build-base /home/carsten/ros2_test_ws/build/py_pubsub/build install --prefix /home/carsten/ros2_test_ws/install/py_pubsub --record /home/carsten/ros2_test_ws/build/py_pubsub/install.log --single-version-externally-managed
