[0.133s] DEBUG:colcon:Command line arguments: ['/usr/bin/colcon', 'build']
[0.133s] DEBUG:colcon:Parsed command line arguments: Namespace(allow_overriding=[], ament_cmake_args=None, base_paths=['.'], build_base='build', catkin_cmake_args=None, catkin_skip_building_tests=False, cmake_args=None, cmake_clean_cache=False, cmake_clean_first=False, cmake_force_configure=False, cmake_target=None, cmake_target_skip_unavailable=False, continue_on_error=False, event_handlers=None, executor='parallel', ignore_user_meta=False, install_base='install', log_base=None, log_level=None, main=<bound method BuildVerb.main of <colcon_core.verb.build.BuildVerb object at 0x7fec163219d0>>, merge_install=False, metas=['./colcon.meta'], packages_above=None, packages_above_and_dependencies=None, packages_above_depth=None, packages_end=None, packages_ignore=None, packages_ignore_regex=None, packages_select=None, packages_select_build_failed=False, packages_select_by_dep=None, packages_select_regex=None, packages_select_test_failures=False, packages_skip=None, packages_skip_build_finished=False, packages_skip_by_dep=None, packages_skip_regex=None, packages_skip_test_passed=False, packages_skip_up_to=None, packages_start=None, packages_up_to=None, packages_up_to_regex=None, parallel_workers=8, paths=None, symlink_install=False, test_result_base=None, verb_extension=<colcon_core.verb.build.BuildVerb object at 0x7fec163219d0>, verb_name='build', verb_parser=<colcon_defaults.argument_parser.defaults.DefaultArgumentsDecorator object at 0x7fec16321f40>)
[0.202s] Level 1:colcon.colcon_core.package_discovery:discover_packages(colcon_meta) check parameters
[0.202s] Level 1:colcon.colcon_core.package_discovery:discover_packages(recursive) check parameters
[0.203s] Level 1:colcon.colcon_core.package_discovery:discover_packages(ignore) check parameters
[0.203s] Level 1:colcon.colcon_core.package_discovery:discover_packages(path) check parameters
[0.203s] Level 1:colcon.colcon_core.package_discovery:discover_packages(colcon_meta) discover
[0.203s] Level 1:colcon.colcon_core.package_discovery:discover_packages(recursive) discover
[0.203s] INFO:colcon.colcon_core.package_discovery:Crawling recursively for packages in '/home/carsten/ros2_test_ws'
[0.203s] Level 1:colcon.colcon_core.package_identification:_identify(.) by extensions ['ignore', 'ignore_ament_install']
[0.203s] Level 1:colcon.colcon_core.package_identification:_identify(.) by extension 'ignore'
[0.203s] Level 1:colcon.colcon_core.package_identification:_identify(.) by extension 'ignore_ament_install'
[0.203s] Level 1:colcon.colcon_core.package_identification:_identify(.) by extensions ['colcon_pkg']
[0.203s] Level 1:colcon.colcon_core.package_identification:_identify(.) by extension 'colcon_pkg'
[0.204s] Level 1:colcon.colcon_core.package_identification:_identify(.) by extensions ['colcon_meta']
[0.204s] Level 1:colcon.colcon_core.package_identification:_identify(.) by extension 'colcon_meta'
[0.204s] Level 1:colcon.colcon_core.package_identification:_identify(.) by extensions ['ros']
[0.204s] Level 1:colcon.colcon_core.package_identification:_identify(.) by extension 'ros'
[0.220s] Level 1:colcon.colcon_core.package_identification:_identify(.) by extensions ['cmake', 'python']
[0.220s] Level 1:colcon.colcon_core.package_identification:_identify(.) by extension 'cmake'
[0.220s] Level 1:colcon.colcon_core.package_identification:_identify(.) by extension 'python'
[0.221s] Level 1:colcon.colcon_core.package_identification:_identify(.) by extensions ['python_setup_py']
[0.221s] Level 1:colcon.colcon_core.package_identification:_identify(.) by extension 'python_setup_py'
[0.221s] Level 1:colcon.colcon_core.package_identification:_identify(build) by extensions ['ignore', 'ignore_ament_install']
[0.221s] Level 1:colcon.colcon_core.package_identification:_identify(build) by extension 'ignore'
[0.221s] Level 1:colcon.colcon_core.package_identification:_identify(build) ignored
[0.221s] Level 1:colcon.colcon_core.package_identification:_identify(install) by extensions ['ignore', 'ignore_ament_install']
[0.221s] Level 1:colcon.colcon_core.package_identification:_identify(install) by extension 'ignore'
[0.221s] Level 1:colcon.colcon_core.package_identification:_identify(install) ignored
[0.222s] Level 1:colcon.colcon_core.package_identification:_identify(log) by extensions ['ignore', 'ignore_ament_install']
[0.222s] Level 1:colcon.colcon_core.package_identification:_identify(log) by extension 'ignore'
[0.222s] Level 1:colcon.colcon_core.package_identification:_identify(log) ignored
[0.222s] Level 1:colcon.colcon_core.package_identification:_identify(src) by extensions ['ignore', 'ignore_ament_install']
[0.222s] Level 1:colcon.colcon_core.package_identification:_identify(src) by extension 'ignore'
[0.222s] Level 1:colcon.colcon_core.package_identification:_identify(src) by extension 'ignore_ament_install'
[0.222s] Level 1:colcon.colcon_core.package_identification:_identify(src) by extensions ['colcon_pkg']
[0.222s] Level 1:colcon.colcon_core.package_identification:_identify(src) by extension 'colcon_pkg'
[0.222s] Level 1:colcon.colcon_core.package_identification:_identify(src) by extensions ['colcon_meta']
[0.222s] Level 1:colcon.colcon_core.package_identification:_identify(src) by extension 'colcon_meta'
[0.222s] Level 1:colcon.colcon_core.package_identification:_identify(src) by extensions ['ros']
[0.222s] Level 1:colcon.colcon_core.package_identification:_identify(src) by extension 'ros'
[0.223s] Level 1:colcon.colcon_core.package_identification:_identify(src) by extensions ['cmake', 'python']
[0.223s] Level 1:colcon.colcon_core.package_identification:_identify(src) by extension 'cmake'
[0.223s] Level 1:colcon.colcon_core.package_identification:_identify(src) by extension 'python'
[0.223s] Level 1:colcon.colcon_core.package_identification:_identify(src) by extensions ['python_setup_py']
[0.223s] Level 1:colcon.colcon_core.package_identification:_identify(src) by extension 'python_setup_py'
[0.223s] Level 1:colcon.colcon_core.package_identification:_identify(src/cpp_pubsub) by extensions ['ignore', 'ignore_ament_install']
[0.223s] Level 1:colcon.colcon_core.package_identification:_identify(src/cpp_pubsub) by extension 'ignore'
[0.223s] Level 1:colcon.colcon_core.package_identification:_identify(src/cpp_pubsub) by extension 'ignore_ament_install'
[0.223s] Level 1:colcon.colcon_core.package_identification:_identify(src/cpp_pubsub) by extensions ['colcon_pkg']
[0.223s] Level 1:colcon.colcon_core.package_identification:_identify(src/cpp_pubsub) by extension 'colcon_pkg'
[0.224s] Level 1:colcon.colcon_core.package_identification:_identify(src/cpp_pubsub) by extensions ['colcon_meta']
[0.224s] Level 1:colcon.colcon_core.package_identification:_identify(src/cpp_pubsub) by extension 'colcon_meta'
[0.224s] Level 1:colcon.colcon_core.package_identification:_identify(src/cpp_pubsub) by extensions ['ros']
[0.224s] Level 1:colcon.colcon_core.package_identification:_identify(src/cpp_pubsub) by extension 'ros'
[0.228s] DEBUG:colcon.colcon_core.package_identification:Package 'src/cpp_pubsub' with type 'ros.ament_cmake' and name 'cpp_pubsub'
[0.228s] Level 1:colcon.colcon_core.package_identification:_identify(src/cv_basics) by extensions ['ignore', 'ignore_ament_install']
[0.228s] Level 1:colcon.colcon_core.package_identification:_identify(src/cv_basics) by extension 'ignore'
[0.228s] Level 1:colcon.colcon_core.package_identification:_identify(src/cv_basics) by extension 'ignore_ament_install'
[0.228s] Level 1:colcon.colcon_core.package_identification:_identify(src/cv_basics) by extensions ['colcon_pkg']
[0.228s] Level 1:colcon.colcon_core.package_identification:_identify(src/cv_basics) by extension 'colcon_pkg'
[0.228s] Level 1:colcon.colcon_core.package_identification:_identify(src/cv_basics) by extensions ['colcon_meta']
[0.228s] Level 1:colcon.colcon_core.package_identification:_identify(src/cv_basics) by extension 'colcon_meta'
[0.228s] Level 1:colcon.colcon_core.package_identification:_identify(src/cv_basics) by extensions ['ros']
[0.228s] Level 1:colcon.colcon_core.package_identification:_identify(src/cv_basics) by extension 'ros'
[0.230s] DEBUG:colcon.colcon_core.package_identification:Package 'src/cv_basics' with type 'ros.ament_python' and name 'cv_basics'
[0.230s] Level 1:colcon.colcon_core.package_identification:_identify(src/py_pubsub) by extensions ['ignore', 'ignore_ament_install']
[0.230s] Level 1:colcon.colcon_core.package_identification:_identify(src/py_pubsub) by extension 'ignore'
[0.230s] Level 1:colcon.colcon_core.package_identification:_identify(src/py_pubsub) by extension 'ignore_ament_install'
[0.230s] Level 1:colcon.colcon_core.package_identification:_identify(src/py_pubsub) by extensions ['colcon_pkg']
[0.230s] Level 1:colcon.colcon_core.package_identification:_identify(src/py_pubsub) by extension 'colcon_pkg'
[0.230s] Level 1:colcon.colcon_core.package_identification:_identify(src/py_pubsub) by extensions ['colcon_meta']
[0.230s] Level 1:colcon.colcon_core.package_identification:_identify(src/py_pubsub) by extension 'colcon_meta'
[0.230s] Level 1:colcon.colcon_core.package_identification:_identify(src/py_pubsub) by extensions ['ros']
[0.230s] Level 1:colcon.colcon_core.package_identification:_identify(src/py_pubsub) by extension 'ros'
[0.231s] DEBUG:colcon.colcon_core.package_identification:Package 'src/py_pubsub' with type 'ros.ament_python' and name 'py_pubsub'
[0.231s] Level 1:colcon.colcon_core.package_discovery:discover_packages(recursive) using defaults
[0.231s] Level 1:colcon.colcon_core.package_discovery:discover_packages(ignore) discover
[0.231s] Level 1:colcon.colcon_core.package_discovery:discover_packages(ignore) using defaults
[0.231s] Level 1:colcon.colcon_core.package_discovery:discover_packages(path) discover
[0.231s] Level 1:colcon.colcon_core.package_discovery:discover_packages(path) using defaults
[0.272s] Level 1:colcon.colcon_core.package_discovery:discover_packages(prefix_path) check parameters
[0.272s] Level 1:colcon.colcon_core.package_discovery:discover_packages(prefix_path) discover
[0.277s] DEBUG:colcon.colcon_installed_package_information.package_discovery:Found 262 installed packages in /opt/ros/foxy
[0.279s] Level 1:colcon.colcon_core.package_discovery:discover_packages(prefix_path) using defaults
[0.353s] Level 5:colcon.colcon_core.verb:set package 'cpp_pubsub' build argument 'cmake_args' from command line to 'None'
[0.353s] Level 5:colcon.colcon_core.verb:set package 'cpp_pubsub' build argument 'cmake_target' from command line to 'None'
[0.353s] Level 5:colcon.colcon_core.verb:set package 'cpp_pubsub' build argument 'cmake_target_skip_unavailable' from command line to 'False'
[0.353s] Level 5:colcon.colcon_core.verb:set package 'cpp_pubsub' build argument 'cmake_clean_cache' from command line to 'False'
[0.353s] Level 5:colcon.colcon_core.verb:set package 'cpp_pubsub' build argument 'cmake_clean_first' from command line to 'False'
[0.353s] Level 5:colcon.colcon_core.verb:set package 'cpp_pubsub' build argument 'cmake_force_configure' from command line to 'False'
[0.353s] Level 5:colcon.colcon_core.verb:set package 'cpp_pubsub' build argument 'ament_cmake_args' from command line to 'None'
[0.353s] Level 5:colcon.colcon_core.verb:set package 'cpp_pubsub' build argument 'catkin_cmake_args' from command line to 'None'
[0.354s] Level 5:colcon.colcon_core.verb:set package 'cpp_pubsub' build argument 'catkin_skip_building_tests' from command line to 'False'
[0.354s] DEBUG:colcon.colcon_core.verb:Building package 'cpp_pubsub' with the following arguments: {'ament_cmake_args': None, 'build_base': '/home/carsten/ros2_test_ws/build/cpp_pubsub', 'catkin_cmake_args': None, 'catkin_skip_building_tests': False, 'cmake_args': None, 'cmake_clean_cache': False, 'cmake_clean_first': False, 'cmake_force_configure': False, 'cmake_target': None, 'cmake_target_skip_unavailable': False, 'install_base': '/home/carsten/ros2_test_ws/install/cpp_pubsub', 'merge_install': False, 'path': '/home/carsten/ros2_test_ws/src/cpp_pubsub', 'symlink_install': False, 'test_result_base': None}
[0.355s] Level 5:colcon.colcon_core.verb:set package 'cv_basics' build argument 'cmake_args' from command line to 'None'
[0.355s] Level 5:colcon.colcon_core.verb:set package 'cv_basics' build argument 'cmake_target' from command line to 'None'
[0.355s] Level 5:colcon.colcon_core.verb:set package 'cv_basics' build argument 'cmake_target_skip_unavailable' from command line to 'False'
[0.355s] Level 5:colcon.colcon_core.verb:set package 'cv_basics' build argument 'cmake_clean_cache' from command line to 'False'
[0.355s] Level 5:colcon.colcon_core.verb:set package 'cv_basics' build argument 'cmake_clean_first' from command line to 'False'
[0.356s] Level 5:colcon.colcon_core.verb:set package 'cv_basics' build argument 'cmake_force_configure' from command line to 'False'
[0.356s] Level 5:colcon.colcon_core.verb:set package 'cv_basics' build argument 'ament_cmake_args' from command line to 'None'
[0.356s] Level 5:colcon.colcon_core.verb:set package 'cv_basics' build argument 'catkin_cmake_args' from command line to 'None'
[0.356s] Level 5:colcon.colcon_core.verb:set package 'cv_basics' build argument 'catkin_skip_building_tests' from command line to 'False'
[0.356s] DEBUG:colcon.colcon_core.verb:Building package 'cv_basics' with the following arguments: {'ament_cmake_args': None, 'build_base': '/home/carsten/ros2_test_ws/build/cv_basics', 'catkin_cmake_args': None, 'catkin_skip_building_tests': False, 'cmake_args': None, 'cmake_clean_cache': False, 'cmake_clean_first': False, 'cmake_force_configure': False, 'cmake_target': None, 'cmake_target_skip_unavailable': False, 'install_base': '/home/carsten/ros2_test_ws/install/cv_basics', 'merge_install': False, 'path': '/home/carsten/ros2_test_ws/src/cv_basics', 'symlink_install': False, 'test_result_base': None}
[0.357s] Level 5:colcon.colcon_core.verb:set package 'py_pubsub' build argument 'cmake_args' from command line to 'None'
[0.357s] Level 5:colcon.colcon_core.verb:set package 'py_pubsub' build argument 'cmake_target' from command line to 'None'
[0.357s] Level 5:colcon.colcon_core.verb:set package 'py_pubsub' build argument 'cmake_target_skip_unavailable' from command line to 'False'
[0.357s] Level 5:colcon.colcon_core.verb:set package 'py_pubsub' build argument 'cmake_clean_cache' from command line to 'False'
[0.358s] Level 5:colcon.colcon_core.verb:set package 'py_pubsub' build argument 'cmake_clean_first' from command line to 'False'
[0.358s] Level 5:colcon.colcon_core.verb:set package 'py_pubsub' build argument 'cmake_force_configure' from command line to 'False'
[0.358s] Level 5:colcon.colcon_core.verb:set package 'py_pubsub' build argument 'ament_cmake_args' from command line to 'None'
[0.358s] Level 5:colcon.colcon_core.verb:set package 'py_pubsub' build argument 'catkin_cmake_args' from command line to 'None'
[0.358s] Level 5:colcon.colcon_core.verb:set package 'py_pubsub' build argument 'catkin_skip_building_tests' from command line to 'False'
[0.358s] DEBUG:colcon.colcon_core.verb:Building package 'py_pubsub' with the following arguments: {'ament_cmake_args': None, 'build_base': '/home/carsten/ros2_test_ws/build/py_pubsub', 'catkin_cmake_args': None, 'catkin_skip_building_tests': False, 'cmake_args': None, 'cmake_clean_cache': False, 'cmake_clean_first': False, 'cmake_force_configure': False, 'cmake_target': None, 'cmake_target_skip_unavailable': False, 'install_base': '/home/carsten/ros2_test_ws/install/py_pubsub', 'merge_install': False, 'path': '/home/carsten/ros2_test_ws/src/py_pubsub', 'symlink_install': False, 'test_result_base': None}
[0.359s] INFO:colcon.colcon_core.executor:Executing jobs using 'parallel' executor
[0.364s] DEBUG:colcon.colcon_parallel_executor.executor.parallel:run_until_complete
[0.364s] INFO:colcon.colcon_ros.task.ament_cmake.build:Building ROS package in '/home/carsten/ros2_test_ws/src/cpp_pubsub' with build type 'ament_cmake'
[0.364s] INFO:colcon.colcon_cmake.task.cmake.build:Building CMake package in '/home/carsten/ros2_test_ws/src/cpp_pubsub'
[0.371s] INFO:colcon.colcon_core.plugin_system:Skipping extension 'colcon_core.shell.bat': Not used on non-Windows systems
[0.371s] INFO:colcon.colcon_core.shell:Skip shell extension 'powershell' for command environment: Not usable outside of PowerShell
[0.371s] DEBUG:colcon.colcon_core.shell:Skip shell extension 'dsv' for command environment
[0.376s] INFO:colcon.colcon_ros.task.ament_python.build:Building ROS package in '/home/carsten/ros2_test_ws/src/cv_basics' with build type 'ament_python'
[0.377s] Level 1:colcon.colcon_core.shell:create_environment_hook('cv_basics', 'ament_prefix_path')
[0.379s] INFO:colcon.colcon_core.shell:Creating environment hook '/home/carsten/ros2_test_ws/install/cv_basics/share/cv_basics/hook/ament_prefix_path.ps1'
[0.380s] INFO:colcon.colcon_core.shell:Creating environment descriptor '/home/carsten/ros2_test_ws/install/cv_basics/share/cv_basics/hook/ament_prefix_path.dsv'
[0.381s] INFO:colcon.colcon_core.shell:Creating environment hook '/home/carsten/ros2_test_ws/install/cv_basics/share/cv_basics/hook/ament_prefix_path.sh'
[0.383s] INFO:colcon.colcon_core.shell:Skip shell extension 'powershell' for command environment: Not usable outside of PowerShell
[0.384s] DEBUG:colcon.colcon_core.shell:Skip shell extension 'dsv' for command environment
[0.390s] INFO:colcon.colcon_ros.task.ament_python.build:Building ROS package in '/home/carsten/ros2_test_ws/src/py_pubsub' with build type 'ament_python'
[0.391s] Level 1:colcon.colcon_core.shell:create_environment_hook('py_pubsub', 'ament_prefix_path')
[0.393s] INFO:colcon.colcon_core.shell:Creating environment hook '/home/carsten/ros2_test_ws/install/py_pubsub/share/py_pubsub/hook/ament_prefix_path.ps1'
[0.393s] INFO:colcon.colcon_core.shell:Creating environment descriptor '/home/carsten/ros2_test_ws/install/py_pubsub/share/py_pubsub/hook/ament_prefix_path.dsv'
[0.394s] INFO:colcon.colcon_core.shell:Creating environment hook '/home/carsten/ros2_test_ws/install/py_pubsub/share/py_pubsub/hook/ament_prefix_path.sh'
[0.396s] INFO:colcon.colcon_core.shell:Skip shell extension 'powershell' for command environment: Not usable outside of PowerShell
[0.396s] DEBUG:colcon.colcon_core.shell:Skip shell extension 'dsv' for command environment
[0.409s] DEBUG:colcon.colcon_core.event_handler.log_command:Invoking command in '/home/carsten/ros2_test_ws/build/cpp_pubsub': CMAKE_PREFIX_PATH=/opt/ros/foxy /usr/bin/cmake /home/carsten/ros2_test_ws/src/cpp_pubsub -DCMAKE_INSTALL_PREFIX=/home/carsten/ros2_test_ws/install/cpp_pubsub
[0.698s] INFO:colcon.colcon_core.task.python.build:Building Python package in '/home/carsten/ros2_test_ws/src/cv_basics'
[0.701s] INFO:colcon.colcon_core.shell:Skip shell extension 'powershell' for command environment: Not usable outside of PowerShell
[0.701s] DEBUG:colcon.colcon_core.shell:Skip shell extension 'dsv' for command environment
[0.997s] INFO:colcon.colcon_core.task.python.build:Building Python package in '/home/carsten/ros2_test_ws/src/py_pubsub'
[1.000s] INFO:colcon.colcon_core.shell:Skip shell extension 'powershell' for command environment: Not usable outside of PowerShell
[1.000s] DEBUG:colcon.colcon_core.shell:Skip shell extension 'dsv' for command environment
[1.751s] DEBUG:colcon.colcon_core.event_handler.log_command:Invoked command in '/home/carsten/ros2_test_ws/build/cpp_pubsub' returned '0': CMAKE_PREFIX_PATH=/opt/ros/foxy /usr/bin/cmake /home/carsten/ros2_test_ws/src/cpp_pubsub -DCMAKE_INSTALL_PREFIX=/home/carsten/ros2_test_ws/install/cpp_pubsub
[1.755s] DEBUG:colcon.colcon_core.event_handler.log_command:Invoking command in '/home/carsten/ros2_test_ws/build/cpp_pubsub': CMAKE_PREFIX_PATH=/opt/ros/foxy /usr/bin/cmake --build /home/carsten/ros2_test_ws/build/cpp_pubsub -- -j8 -l8
[1.817s] DEBUG:colcon.colcon_core.event_handler.log_command:Invoked command in '/home/carsten/ros2_test_ws/build/cpp_pubsub' returned '0': CMAKE_PREFIX_PATH=/opt/ros/foxy /usr/bin/cmake --build /home/carsten/ros2_test_ws/build/cpp_pubsub -- -j8 -l8
[1.874s] DEBUG:colcon.colcon_core.event_handler.log_command:Invoking command in '/home/carsten/ros2_test_ws/build/cpp_pubsub': CMAKE_PREFIX_PATH=/opt/ros/foxy /usr/bin/cmake --install /home/carsten/ros2_test_ws/build/cpp_pubsub
[1.889s] DEBUG:colcon.colcon_core.event_handler.log_command:Invoking command in '/home/carsten/ros2_test_ws/src/cv_basics': PYTHONPATH=/home/carsten/ros2_test_ws/install/cv_basics/lib/python3.8/site-packages:${PYTHONPATH} /usr/bin/python3 setup.py egg_info --egg-base ../../build/cv_basics build --build-base /home/carsten/ros2_test_ws/build/cv_basics/build install --prefix /home/carsten/ros2_test_ws/install/cv_basics --record /home/carsten/ros2_test_ws/build/cv_basics/install.log --single-version-externally-managed
[1.900s] DEBUG:colcon.colcon_core.event_handler.log_command:Invoking command in '/home/carsten/ros2_test_ws/src/py_pubsub': PYTHONPATH=/home/carsten/ros2_test_ws/install/py_pubsub/lib/python3.8/site-packages:${PYTHONPATH} /usr/bin/python3 setup.py egg_info --egg-base ../../build/py_pubsub build --build-base /home/carsten/ros2_test_ws/build/py_pubsub/build install --prefix /home/carsten/ros2_test_ws/install/py_pubsub --record /home/carsten/ros2_test_ws/build/py_pubsub/install.log --single-version-externally-managed
[1.909s] Level 1:colcon.colcon_core.environment:create_environment_scripts_only(cpp_pubsub)
[1.913s] DEBUG:colcon.colcon_core.event_handler.log_command:Invoked command in '/home/carsten/ros2_test_ws/build/cpp_pubsub' returned '0': CMAKE_PREFIX_PATH=/opt/ros/foxy /usr/bin/cmake --install /home/carsten/ros2_test_ws/build/cpp_pubsub
[1.923s] Level 1:colcon.colcon_core.environment:checking '/home/carsten/ros2_test_ws/install/cpp_pubsub' for CMake module files
[1.923s] Level 1:colcon.colcon_core.environment:checking '/home/carsten/ros2_test_ws/install/cpp_pubsub' for CMake config files
[1.924s] Level 1:colcon.colcon_core.shell:create_environment_hook('cpp_pubsub', 'cmake_prefix_path')
[1.926s] INFO:colcon.colcon_core.shell:Creating environment hook '/home/carsten/ros2_test_ws/install/cpp_pubsub/share/cpp_pubsub/hook/cmake_prefix_path.ps1'
[1.927s] INFO:colcon.colcon_core.shell:Creating environment descriptor '/home/carsten/ros2_test_ws/install/cpp_pubsub/share/cpp_pubsub/hook/cmake_prefix_path.dsv'
[1.928s] INFO:colcon.colcon_core.shell:Creating environment hook '/home/carsten/ros2_test_ws/install/cpp_pubsub/share/cpp_pubsub/hook/cmake_prefix_path.sh'
[1.929s] Level 1:colcon.colcon_core.environment:checking '/home/carsten/ros2_test_ws/install/cpp_pubsub/bin'
[1.929s] Level 1:colcon.colcon_core.environment:checking '/home/carsten/ros2_test_ws/install/cpp_pubsub/lib/pkgconfig/cpp_pubsub.pc'
[1.929s] Level 1:colcon.colcon_core.environment:checking '/home/carsten/ros2_test_ws/install/cpp_pubsub/lib/python3.8/site-packages'
[1.930s] Level 1:colcon.colcon_core.environment:checking '/home/carsten/ros2_test_ws/install/cpp_pubsub/bin'
[1.933s] INFO:colcon.colcon_core.shell:Creating package script '/home/carsten/ros2_test_ws/install/cpp_pubsub/share/cpp_pubsub/package.ps1'
[1.934s] INFO:colcon.colcon_core.shell:Creating package descriptor '/home/carsten/ros2_test_ws/install/cpp_pubsub/share/cpp_pubsub/package.dsv'
[1.935s] INFO:colcon.colcon_core.shell:Creating package script '/home/carsten/ros2_test_ws/install/cpp_pubsub/share/cpp_pubsub/package.sh'
[1.937s] INFO:colcon.colcon_core.shell:Creating package script '/home/carsten/ros2_test_ws/install/cpp_pubsub/share/cpp_pubsub/package.bash'
[1.938s] INFO:colcon.colcon_core.shell:Creating package script '/home/carsten/ros2_test_ws/install/cpp_pubsub/share/cpp_pubsub/package.zsh'
[1.940s] Level 1:colcon.colcon_core.environment:create_file_with_runtime_dependencies(/home/carsten/ros2_test_ws/install/cpp_pubsub/share/colcon-core/packages/cpp_pubsub)
[2.056s] Level 1:colcon.colcon_core.environment:create_environment_scripts_only(cpp_pubsub)
[2.059s] Level 1:colcon.colcon_core.environment:checking '/home/carsten/ros2_test_ws/install/cpp_pubsub' for CMake module files
[2.060s] Level 1:colcon.colcon_core.environment:checking '/home/carsten/ros2_test_ws/install/cpp_pubsub' for CMake config files
[2.060s] Level 1:colcon.colcon_core.shell:create_environment_hook('cpp_pubsub', 'cmake_prefix_path')
[2.063s] INFO:colcon.colcon_core.shell:Creating environment hook '/home/carsten/ros2_test_ws/install/cpp_pubsub/share/cpp_pubsub/hook/cmake_prefix_path.ps1'
[2.063s] INFO:colcon.colcon_core.shell:Creating environment descriptor '/home/carsten/ros2_test_ws/install/cpp_pubsub/share/cpp_pubsub/hook/cmake_prefix_path.dsv'
[2.064s] INFO:colcon.colcon_core.shell:Creating environment hook '/home/carsten/ros2_test_ws/install/cpp_pubsub/share/cpp_pubsub/hook/cmake_prefix_path.sh'
[2.065s] Level 1:colcon.colcon_core.environment:checking '/home/carsten/ros2_test_ws/install/cpp_pubsub/bin'
[2.065s] Level 1:colcon.colcon_core.environment:checking '/home/carsten/ros2_test_ws/install/cpp_pubsub/lib/pkgconfig/cpp_pubsub.pc'
[2.065s] Level 1:colcon.colcon_core.environment:checking '/home/carsten/ros2_test_ws/install/cpp_pubsub/lib/python3.8/site-packages'
[2.065s] Level 1:colcon.colcon_core.environment:checking '/home/carsten/ros2_test_ws/install/cpp_pubsub/bin'
[2.068s] INFO:colcon.colcon_core.shell:Creating package script '/home/carsten/ros2_test_ws/install/cpp_pubsub/share/cpp_pubsub/package.ps1'
[2.068s] INFO:colcon.colcon_core.shell:Creating package descriptor '/home/carsten/ros2_test_ws/install/cpp_pubsub/share/cpp_pubsub/package.dsv'
[2.069s] INFO:colcon.colcon_core.shell:Creating package script '/home/carsten/ros2_test_ws/install/cpp_pubsub/share/cpp_pubsub/package.sh'
[2.070s] INFO:colcon.colcon_core.shell:Creating package script '/home/carsten/ros2_test_ws/install/cpp_pubsub/share/cpp_pubsub/package.bash'
[2.071s] INFO:colcon.colcon_core.shell:Creating package script '/home/carsten/ros2_test_ws/install/cpp_pubsub/share/cpp_pubsub/package.zsh'
[2.071s] Level 1:colcon.colcon_core.environment:create_file_with_runtime_dependencies(/home/carsten/ros2_test_ws/install/cpp_pubsub/share/colcon-core/packages/cpp_pubsub)
[2.431s] Level 1:colcon.colcon_core.environment:checking '/home/carsten/ros2_test_ws/install/cv_basics' for CMake module files
[2.432s] DEBUG:colcon.colcon_core.event_handler.log_command:Invoked command in '/home/carsten/ros2_test_ws/src/cv_basics' returned '0': PYTHONPATH=/home/carsten/ros2_test_ws/install/cv_basics/lib/python3.8/site-packages:${PYTHONPATH} /usr/bin/python3 setup.py egg_info --egg-base ../../build/cv_basics build --build-base /home/carsten/ros2_test_ws/build/cv_basics/build install --prefix /home/carsten/ros2_test_ws/install/cv_basics --record /home/carsten/ros2_test_ws/build/cv_basics/install.log --single-version-externally-managed
[2.433s] Level 1:colcon.colcon_core.environment:checking '/home/carsten/ros2_test_ws/install/cv_basics' for CMake config files
[2.433s] Level 1:colcon.colcon_core.environment:checking '/home/carsten/ros2_test_ws/install/cv_basics/lib'
[2.434s] Level 1:colcon.colcon_core.environment:checking '/home/carsten/ros2_test_ws/install/cv_basics/bin'
[2.434s] Level 1:colcon.colcon_core.environment:checking '/home/carsten/ros2_test_ws/install/cv_basics/lib/pkgconfig/cv_basics.pc'
[2.434s] Level 1:colcon.colcon_core.environment:checking '/home/carsten/ros2_test_ws/install/cv_basics/lib/python3.8/site-packages'
[2.435s] Level 1:colcon.colcon_core.shell:create_environment_hook('cv_basics', 'pythonpath')
[2.437s] INFO:colcon.colcon_core.shell:Creating environment hook '/home/carsten/ros2_test_ws/install/cv_basics/share/cv_basics/hook/pythonpath.ps1'
[2.438s] INFO:colcon.colcon_core.shell:Creating environment descriptor '/home/carsten/ros2_test_ws/install/cv_basics/share/cv_basics/hook/pythonpath.dsv'
[2.438s] INFO:colcon.colcon_core.shell:Creating environment hook '/home/carsten/ros2_test_ws/install/cv_basics/share/cv_basics/hook/pythonpath.sh'
[2.439s] Level 1:colcon.colcon_core.environment:checking '/home/carsten/ros2_test_ws/install/cv_basics/bin'
[2.439s] Level 1:colcon.colcon_core.environment:create_environment_scripts_only(cv_basics)
[2.441s] INFO:colcon.colcon_core.shell:Creating package script '/home/carsten/ros2_test_ws/install/cv_basics/share/cv_basics/package.ps1'
[2.442s] INFO:colcon.colcon_core.shell:Creating package descriptor '/home/carsten/ros2_test_ws/install/cv_basics/share/cv_basics/package.dsv'
[2.443s] INFO:colcon.colcon_core.shell:Creating package script '/home/carsten/ros2_test_ws/install/cv_basics/share/cv_basics/package.sh'
[2.444s] INFO:colcon.colcon_core.shell:Creating package script '/home/carsten/ros2_test_ws/install/cv_basics/share/cv_basics/package.bash'
[2.444s] INFO:colcon.colcon_core.shell:Creating package script '/home/carsten/ros2_test_ws/install/cv_basics/share/cv_basics/package.zsh'
[2.445s] Level 1:colcon.colcon_core.environment:create_file_with_runtime_dependencies(/home/carsten/ros2_test_ws/install/cv_basics/share/colcon-core/packages/cv_basics)
[2.469s] Level 1:colcon.colcon_core.environment:checking '/home/carsten/ros2_test_ws/install/py_pubsub' for CMake module files
[2.470s] DEBUG:colcon.colcon_core.event_handler.log_command:Invoked command in '/home/carsten/ros2_test_ws/src/py_pubsub' returned '0': PYTHONPATH=/home/carsten/ros2_test_ws/install/py_pubsub/lib/python3.8/site-packages:${PYTHONPATH} /usr/bin/python3 setup.py egg_info --egg-base ../../build/py_pubsub build --build-base /home/carsten/ros2_test_ws/build/py_pubsub/build install --prefix /home/carsten/ros2_test_ws/install/py_pubsub --record /home/carsten/ros2_test_ws/build/py_pubsub/install.log --single-version-externally-managed
[2.470s] Level 1:colcon.colcon_core.environment:checking '/home/carsten/ros2_test_ws/install/py_pubsub' for CMake config files
[2.471s] Level 1:colcon.colcon_core.environment:checking '/home/carsten/ros2_test_ws/install/py_pubsub/lib'
[2.471s] Level 1:colcon.colcon_core.environment:checking '/home/carsten/ros2_test_ws/install/py_pubsub/bin'
[2.471s] Level 1:colcon.colcon_core.environment:checking '/home/carsten/ros2_test_ws/install/py_pubsub/lib/pkgconfig/py_pubsub.pc'
[2.472s] Level 1:colcon.colcon_core.environment:checking '/home/carsten/ros2_test_ws/install/py_pubsub/lib/python3.8/site-packages'
[2.472s] Level 1:colcon.colcon_core.shell:create_environment_hook('py_pubsub', 'pythonpath')
[2.474s] INFO:colcon.colcon_core.shell:Creating environment hook '/home/carsten/ros2_test_ws/install/py_pubsub/share/py_pubsub/hook/pythonpath.ps1'
[2.475s] INFO:colcon.colcon_core.shell:Creating environment descriptor '/home/carsten/ros2_test_ws/install/py_pubsub/share/py_pubsub/hook/pythonpath.dsv'
[2.475s] INFO:colcon.colcon_core.shell:Creating environment hook '/home/carsten/ros2_test_ws/install/py_pubsub/share/py_pubsub/hook/pythonpath.sh'
[2.476s] Level 1:colcon.colcon_core.environment:checking '/home/carsten/ros2_test_ws/install/py_pubsub/bin'
[2.476s] Level 1:colcon.colcon_core.environment:create_environment_scripts_only(py_pubsub)
[2.478s] INFO:colcon.colcon_core.shell:Creating package script '/home/carsten/ros2_test_ws/install/py_pubsub/share/py_pubsub/package.ps1'
[2.479s] INFO:colcon.colcon_core.shell:Creating package descriptor '/home/carsten/ros2_test_ws/install/py_pubsub/share/py_pubsub/package.dsv'
[2.480s] INFO:colcon.colcon_core.shell:Creating package script '/home/carsten/ros2_test_ws/install/py_pubsub/share/py_pubsub/package.sh'
[2.480s] INFO:colcon.colcon_core.shell:Creating package script '/home/carsten/ros2_test_ws/install/py_pubsub/share/py_pubsub/package.bash'
[2.481s] INFO:colcon.colcon_core.shell:Creating package script '/home/carsten/ros2_test_ws/install/py_pubsub/share/py_pubsub/package.zsh'
[2.481s] Level 1:colcon.colcon_core.environment:create_file_with_runtime_dependencies(/home/carsten/ros2_test_ws/install/py_pubsub/share/colcon-core/packages/py_pubsub)
[2.482s] DEBUG:colcon.colcon_parallel_executor.executor.parallel:closing loop
[2.482s] DEBUG:colcon.colcon_parallel_executor.executor.parallel:loop closed
[2.482s] DEBUG:colcon.colcon_parallel_executor.executor.parallel:run_until_complete finished with '0'
[2.483s] DEBUG:colcon.colcon_core.event_reactor:joining thread
[2.500s] INFO:colcon.colcon_core.plugin_system:Skipping extension 'colcon_notification.desktop_notification.terminal_notifier': Not used on non-Darwin systems
[2.501s] INFO:colcon.colcon_core.plugin_system:Skipping extension 'colcon_notification.desktop_notification.win32': Not used on non-Windows systems
[2.501s] INFO:colcon.colcon_notification.desktop_notification:Sending desktop notification using 'notify2'
[2.535s] DEBUG:colcon.colcon_core.event_reactor:joined thread
[2.537s] INFO:colcon.colcon_core.shell:Creating prefix script '/home/carsten/ros2_test_ws/install/local_setup.ps1'
[2.542s] INFO:colcon.colcon_core.shell:Creating prefix util module '/home/carsten/ros2_test_ws/install/_local_setup_util_ps1.py'
[2.544s] INFO:colcon.colcon_core.shell:Creating prefix chain script '/home/carsten/ros2_test_ws/install/setup.ps1'
[2.551s] INFO:colcon.colcon_core.shell:Creating prefix script '/home/carsten/ros2_test_ws/install/local_setup.sh'
[2.552s] INFO:colcon.colcon_core.shell:Creating prefix util module '/home/carsten/ros2_test_ws/install/_local_setup_util_sh.py'
[2.553s] INFO:colcon.colcon_core.shell:Creating prefix chain script '/home/carsten/ros2_test_ws/install/setup.sh'
[2.555s] INFO:colcon.colcon_core.shell:Creating prefix script '/home/carsten/ros2_test_ws/install/local_setup.bash'
[2.556s] INFO:colcon.colcon_core.shell:Creating prefix chain script '/home/carsten/ros2_test_ws/install/setup.bash'
[2.558s] INFO:colcon.colcon_core.shell:Creating prefix script '/home/carsten/ros2_test_ws/install/local_setup.zsh'
[2.559s] INFO:colcon.colcon_core.shell:Creating prefix chain script '/home/carsten/ros2_test_ws/install/setup.zsh'
