running egg_info
creating ../../build/cv_basics/cv_basics.egg-info
writing ../../build/cv_basics/cv_basics.egg-info/PKG-INFO
writing dependency_links to ../../build/cv_basics/cv_basics.egg-info/dependency_links.txt
writing entry points to ../../build/cv_basics/cv_basics.egg-info/entry_points.txt
writing requirements to ../../build/cv_basics/cv_basics.egg-info/requires.txt
writing top-level names to ../../build/cv_basics/cv_basics.egg-info/top_level.txt
writing manifest file '../../build/cv_basics/cv_basics.egg-info/SOURCES.txt'
reading manifest file '../../build/cv_basics/cv_basics.egg-info/SOURCES.txt'
writing manifest file '../../build/cv_basics/cv_basics.egg-info/SOURCES.txt'
running build
running build_py
creating /home/carsten/ros2_test_ws/build/cv_basics/build
creating /home/carsten/ros2_test_ws/build/cv_basics/build/lib
creating /home/carsten/ros2_test_ws/build/cv_basics/build/lib/cv_basics
copying cv_basics/__init__.py -> /home/carsten/ros2_test_ws/build/cv_basics/build/lib/cv_basics
running install
running install_lib
creating /home/carsten/ros2_test_ws/install/cv_basics/lib/python3.8/site-packages/cv_basics
copying /home/carsten/ros2_test_ws/build/cv_basics/build/lib/cv_basics/__init__.py -> /home/carsten/ros2_test_ws/install/cv_basics/lib/python3.8/site-packages/cv_basics
byte-compiling /home/carsten/ros2_test_ws/install/cv_basics/lib/python3.8/site-packages/cv_basics/__init__.py to __init__.cpython-38.pyc
running install_data
creating /home/carsten/ros2_test_ws/install/cv_basics/share/ament_index
creating /home/carsten/ros2_test_ws/install/cv_basics/share/ament_index/resource_index
creating /home/carsten/ros2_test_ws/install/cv_basics/share/ament_index/resource_index/packages
copying resource/cv_basics -> /home/carsten/ros2_test_ws/install/cv_basics/share/ament_index/resource_index/packages
copying package.xml -> /home/carsten/ros2_test_ws/install/cv_basics/share/cv_basics
running install_egg_info
Copying ../../build/cv_basics/cv_basics.egg-info to /home/carsten/ros2_test_ws/install/cv_basics/lib/python3.8/site-packages/cv_basics-0.0.0-py3.8.egg-info
running install_scripts
writing list of installed files to '/home/carsten/ros2_test_ws/build/cv_basics/install.log'
