[0.675s] Invoking command in '/home/carsten/ros2_test_ws/src/cv_basics': PYTHONPATH=/home/carsten/ros2_test_ws/install/cv_basics/lib/python3.8/site-packages:${PYTHONPATH} /usr/bin/python3 setup.py egg_info --egg-base ../../build/cv_basics build --build-base /home/carsten/ros2_test_ws/build/cv_basics/build install --prefix /home/carsten/ros2_test_ws/install/cv_basics --record /home/carsten/ros2_test_ws/build/cv_basics/install.log --single-version-externally-managed
[0.878s] running egg_info
[0.878s] creating ../../build/cv_basics/cv_basics.egg-info
[0.879s] writing ../../build/cv_basics/cv_basics.egg-info/PKG-INFO
[0.879s] writing dependency_links to ../../build/cv_basics/cv_basics.egg-info/dependency_links.txt
[0.879s] writing entry points to ../../build/cv_basics/cv_basics.egg-info/entry_points.txt
[0.879s] writing requirements to ../../build/cv_basics/cv_basics.egg-info/requires.txt
[0.879s] writing top-level names to ../../build/cv_basics/cv_basics.egg-info/top_level.txt
[0.881s] writing manifest file '../../build/cv_basics/cv_basics.egg-info/SOURCES.txt'
[0.911s] reading manifest file '../../build/cv_basics/cv_basics.egg-info/SOURCES.txt'
[0.912s] writing manifest file '../../build/cv_basics/cv_basics.egg-info/SOURCES.txt'
[0.912s] running build
[0.912s] running build_py
[0.912s] creating /home/carsten/ros2_test_ws/build/cv_basics/build
[0.912s] creating /home/carsten/ros2_test_ws/build/cv_basics/build/lib
[0.912s] creating /home/carsten/ros2_test_ws/build/cv_basics/build/lib/cv_basics
[0.913s] copying cv_basics/__init__.py -> /home/carsten/ros2_test_ws/build/cv_basics/build/lib/cv_basics
[0.913s] running install
[0.913s] running install_lib
[0.914s] creating /home/carsten/ros2_test_ws/install/cv_basics/lib/python3.8/site-packages/cv_basics
[0.914s] copying /home/carsten/ros2_test_ws/build/cv_basics/build/lib/cv_basics/__init__.py -> /home/carsten/ros2_test_ws/install/cv_basics/lib/python3.8/site-packages/cv_basics
[0.915s] byte-compiling /home/carsten/ros2_test_ws/install/cv_basics/lib/python3.8/site-packages/cv_basics/__init__.py to __init__.cpython-38.pyc
[0.916s] running install_data
[0.917s] creating /home/carsten/ros2_test_ws/install/cv_basics/share/ament_index
[0.917s] creating /home/carsten/ros2_test_ws/install/cv_basics/share/ament_index/resource_index
[0.917s] creating /home/carsten/ros2_test_ws/install/cv_basics/share/ament_index/resource_index/packages
[0.918s] copying resource/cv_basics -> /home/carsten/ros2_test_ws/install/cv_basics/share/ament_index/resource_index/packages
[0.918s] copying package.xml -> /home/carsten/ros2_test_ws/install/cv_basics/share/cv_basics
[0.918s] running install_egg_info
[0.919s] Copying ../../build/cv_basics/cv_basics.egg-info to /home/carsten/ros2_test_ws/install/cv_basics/lib/python3.8/site-packages/cv_basics-0.0.0-py3.8.egg-info
[0.921s] running install_scripts
[0.937s] writing list of installed files to '/home/carsten/ros2_test_ws/build/cv_basics/install.log'
[0.955s] Invoked command in '/home/carsten/ros2_test_ws/src/cv_basics' returned '0': PYTHONPATH=/home/carsten/ros2_test_ws/install/cv_basics/lib/python3.8/site-packages:${PYTHONPATH} /usr/bin/python3 setup.py egg_info --egg-base ../../build/cv_basics build --build-base /home/carsten/ros2_test_ws/build/cv_basics/build install --prefix /home/carsten/ros2_test_ws/install/cv_basics --record /home/carsten/ros2_test_ws/build/cv_basics/install.log --single-version-externally-managed
