[0.649s] Invoking command in '/home/carsten/ros2_test_ws/src/cv_basics': PYTHONPATH=/home/carsten/ros2_test_ws/install/cv_basics/lib/python3.8/site-packages:${PYTHONPATH} /usr/bin/python3 setup.py egg_info --egg-base ../../build/cv_basics build --build-base /home/carsten/ros2_test_ws/build/cv_basics/build install --prefix /home/carsten/ros2_test_ws/install/cv_basics --record /home/carsten/ros2_test_ws/build/cv_basics/install.log --single-version-externally-managed
[0.870s] running egg_info
[0.871s] writing ../../build/cv_basics/cv_basics.egg-info/PKG-INFO
[0.871s] writing dependency_links to ../../build/cv_basics/cv_basics.egg-info/dependency_links.txt
[0.872s] writing entry points to ../../build/cv_basics/cv_basics.egg-info/entry_points.txt
[0.872s] writing requirements to ../../build/cv_basics/cv_basics.egg-info/requires.txt
[0.872s] writing top-level names to ../../build/cv_basics/cv_basics.egg-info/top_level.txt
[0.905s] reading manifest file '../../build/cv_basics/cv_basics.egg-info/SOURCES.txt'
[0.906s] writing manifest file '../../build/cv_basics/cv_basics.egg-info/SOURCES.txt'
[0.906s] running build
[0.907s] running build_py
[0.907s] copying cv_basics/webcam_sub.py -> /home/carsten/ros2_test_ws/build/cv_basics/build/lib/cv_basics
[0.907s] copying cv_basics/webcam_pub.py -> /home/carsten/ros2_test_ws/build/cv_basics/build/lib/cv_basics
[0.907s] running install
[0.908s] running install_lib
[0.910s] copying /home/carsten/ros2_test_ws/build/cv_basics/build/lib/cv_basics/webcam_sub.py -> /home/carsten/ros2_test_ws/install/cv_basics/lib/python3.8/site-packages/cv_basics
[0.910s] copying /home/carsten/ros2_test_ws/build/cv_basics/build/lib/cv_basics/webcam_pub.py -> /home/carsten/ros2_test_ws/install/cv_basics/lib/python3.8/site-packages/cv_basics
[0.910s] byte-compiling /home/carsten/ros2_test_ws/install/cv_basics/lib/python3.8/site-packages/cv_basics/webcam_sub.py to webcam_sub.cpython-38.pyc
[0.913s] byte-compiling /home/carsten/ros2_test_ws/install/cv_basics/lib/python3.8/site-packages/cv_basics/webcam_pub.py to webcam_pub.cpython-38.pyc
[0.913s] running install_data
[0.914s] copying resource/cv_basics -> /home/carsten/ros2_test_ws/install/cv_basics/share/ament_index/resource_index/packages
[0.914s] running install_egg_info
[0.916s] removing '/home/carsten/ros2_test_ws/install/cv_basics/lib/python3.8/site-packages/cv_basics-0.0.0-py3.8.egg-info' (and everything under it)
[0.917s] Copying ../../build/cv_basics/cv_basics.egg-info to /home/carsten/ros2_test_ws/install/cv_basics/lib/python3.8/site-packages/cv_basics-0.0.0-py3.8.egg-info
[0.918s] running install_scripts
[0.939s] Installing img_publisher script to /home/carsten/ros2_test_ws/install/cv_basics/lib/cv_basics
[0.939s] Installing img_subscriber script to /home/carsten/ros2_test_ws/install/cv_basics/lib/cv_basics
[0.939s] writing list of installed files to '/home/carsten/ros2_test_ws/build/cv_basics/install.log'
[0.962s] Invoked command in '/home/carsten/ros2_test_ws/src/cv_basics' returned '0': PYTHONPATH=/home/carsten/ros2_test_ws/install/cv_basics/lib/python3.8/site-packages:${PYTHONPATH} /usr/bin/python3 setup.py egg_info --egg-base ../../build/cv_basics build --build-base /home/carsten/ros2_test_ws/build/cv_basics/build install --prefix /home/carsten/ros2_test_ws/install/cv_basics --record /home/carsten/ros2_test_ws/build/cv_basics/install.log --single-version-externally-managed
