[0.655s] Invoking command in '/home/carsten/ros2_test_ws/src/cv_basics': PYTHONPATH=/home/carsten/ros2_test_ws/install/cv_basics/lib/python3.8/site-packages:${PYTHONPATH} /usr/bin/python3 setup.py egg_info --egg-base ../../build/cv_basics build --build-base /home/carsten/ros2_test_ws/build/cv_basics/build install --prefix /home/carsten/ros2_test_ws/install/cv_basics --record /home/carsten/ros2_test_ws/build/cv_basics/install.log --single-version-externally-managed
[0.876s] running egg_info
[0.876s] writing ../../build/cv_basics/cv_basics.egg-info/PKG-INFO
[0.877s] writing dependency_links to ../../build/cv_basics/cv_basics.egg-info/dependency_links.txt
[0.877s] writing entry points to ../../build/cv_basics/cv_basics.egg-info/entry_points.txt
[0.877s] writing requirements to ../../build/cv_basics/cv_basics.egg-info/requires.txt
[0.877s] writing top-level names to ../../build/cv_basics/cv_basics.egg-info/top_level.txt
[0.910s] reading manifest file '../../build/cv_basics/cv_basics.egg-info/SOURCES.txt'
[0.911s] writing manifest file '../../build/cv_basics/cv_basics.egg-info/SOURCES.txt'
[0.911s] running build
[0.911s] running build_py
[0.911s] running install
[0.912s] running install_lib
[0.914s] running install_data
[0.914s] running install_egg_info
[0.917s] removing '/home/carsten/ros2_test_ws/install/cv_basics/lib/python3.8/site-packages/cv_basics-0.0.0-py3.8.egg-info' (and everything under it)
[0.917s] Copying ../../build/cv_basics/cv_basics.egg-info to /home/carsten/ros2_test_ws/install/cv_basics/lib/python3.8/site-packages/cv_basics-0.0.0-py3.8.egg-info
[0.918s] running install_scripts
[0.937s] Installing img_publisher script to /home/carsten/ros2_test_ws/install/cv_basics/lib/cv_basics
[0.937s] Installing img_subscriber script to /home/carsten/ros2_test_ws/install/cv_basics/lib/cv_basics
[0.938s] writing list of installed files to '/home/carsten/ros2_test_ws/build/cv_basics/install.log'
[0.962s] Invoked command in '/home/carsten/ros2_test_ws/src/cv_basics' returned '0': PYTHONPATH=/home/carsten/ros2_test_ws/install/cv_basics/lib/python3.8/site-packages:${PYTHONPATH} /usr/bin/python3 setup.py egg_info --egg-base ../../build/cv_basics build --build-base /home/carsten/ros2_test_ws/build/cv_basics/build install --prefix /home/carsten/ros2_test_ws/install/cv_basics --record /home/carsten/ros2_test_ws/build/cv_basics/install.log --single-version-externally-managed
