[0.127s] DEBUG:colcon:Command line arguments: ['/usr/bin/colcon', 'build']
[0.127s] DEBUG:colcon:Parsed command line arguments: Namespace(allow_overriding=[], ament_cmake_args=None, base_paths=['.'], build_base='build', catkin_cmake_args=None, catkin_skip_building_tests=False, cmake_args=None, cmake_clean_cache=False, cmake_clean_first=False, cmake_force_configure=False, cmake_target=None, cmake_target_skip_unavailable=False, continue_on_error=False, event_handlers=None, executor='parallel', ignore_user_meta=False, install_base='install', log_base=None, log_level=None, main=<bound method BuildVerb.main of <colcon_core.verb.build.BuildVerb object at 0x7f6a0a166b50>>, merge_install=False, metas=['./colcon.meta'], packages_above=None, packages_above_and_dependencies=None, packages_above_depth=None, packages_end=None, packages_ignore=None, packages_ignore_regex=None, packages_select=None, packages_select_build_failed=False, packages_select_by_dep=None, packages_select_regex=None, packages_select_test_failures=False, packages_skip=None, packages_skip_build_finished=False, packages_skip_by_dep=None, packages_skip_regex=None, packages_skip_test_passed=False, packages_skip_up_to=None, packages_start=None, packages_up_to=None, packages_up_to_regex=None, parallel_workers=8, paths=None, symlink_install=False, test_result_base=None, verb_extension=<colcon_core.verb.build.BuildVerb object at 0x7f6a0a166b50>, verb_name='build', verb_parser=<colcon_defaults.argument_parser.defaults.DefaultArgumentsDecorator object at 0x7f6a0a16c100>)
[0.149s] Level 1:colcon.colcon_core.package_discovery:discover_packages(colcon_meta) check parameters
[0.149s] Level 1:colcon.colcon_core.package_discovery:discover_packages(recursive) check parameters
[0.149s] Level 1:colcon.colcon_core.package_discovery:discover_packages(ignore) check parameters
[0.149s] Level 1:colcon.colcon_core.package_discovery:discover_packages(path) check parameters
[0.149s] Level 1:colcon.colcon_core.package_discovery:discover_packages(colcon_meta) discover
[0.149s] Level 1:colcon.colcon_core.package_discovery:discover_packages(recursive) discover
[0.149s] INFO:colcon.colcon_core.package_discovery:Crawling recursively for packages in '/home/carsten/ros2_test_ws'
[0.149s] Level 1:colcon.colcon_core.package_identification:_identify(.) by extensions ['ignore', 'ignore_ament_install']
[0.149s] Level 1:colcon.colcon_core.package_identification:_identify(.) by extension 'ignore'
[0.150s] Level 1:colcon.colcon_core.package_identification:_identify(.) by extension 'ignore_ament_install'
[0.150s] Level 1:colcon.colcon_core.package_identification:_identify(.) by extensions ['colcon_pkg']
[0.150s] Level 1:colcon.colcon_core.package_identification:_identify(.) by extension 'colcon_pkg'
[0.150s] Level 1:colcon.colcon_core.package_identification:_identify(.) by extensions ['colcon_meta']
[0.150s] Level 1:colcon.colcon_core.package_identification:_identify(.) by extension 'colcon_meta'
[0.150s] Level 1:colcon.colcon_core.package_identification:_identify(.) by extensions ['ros']
[0.150s] Level 1:colcon.colcon_core.package_identification:_identify(.) by extension 'ros'
[0.163s] Level 1:colcon.colcon_core.package_identification:_identify(.) by extensions ['cmake', 'python']
[0.163s] Level 1:colcon.colcon_core.package_identification:_identify(.) by extension 'cmake'
[0.164s] Level 1:colcon.colcon_core.package_identification:_identify(.) by extension 'python'
[0.164s] Level 1:colcon.colcon_core.package_identification:_identify(.) by extensions ['python_setup_py']
[0.164s] Level 1:colcon.colcon_core.package_identification:_identify(.) by extension 'python_setup_py'
[0.164s] Level 1:colcon.colcon_core.package_identification:_identify(build) by extensions ['ignore', 'ignore_ament_install']
[0.164s] Level 1:colcon.colcon_core.package_identification:_identify(build) by extension 'ignore'
[0.164s] Level 1:colcon.colcon_core.package_identification:_identify(build) ignored
[0.164s] Level 1:colcon.colcon_core.package_identification:_identify(install) by extensions ['ignore', 'ignore_ament_install']
[0.165s] Level 1:colcon.colcon_core.package_identification:_identify(install) by extension 'ignore'
[0.165s] Level 1:colcon.colcon_core.package_identification:_identify(install) ignored
[0.165s] Level 1:colcon.colcon_core.package_identification:_identify(log) by extensions ['ignore', 'ignore_ament_install']
[0.165s] Level 1:colcon.colcon_core.package_identification:_identify(log) by extension 'ignore'
[0.165s] Level 1:colcon.colcon_core.package_identification:_identify(log) ignored
[0.165s] Level 1:colcon.colcon_core.package_identification:_identify(src) by extensions ['ignore', 'ignore_ament_install']
[0.165s] Level 1:colcon.colcon_core.package_identification:_identify(src) by extension 'ignore'
[0.165s] Level 1:colcon.colcon_core.package_identification:_identify(src) by extension 'ignore_ament_install'
[0.165s] Level 1:colcon.colcon_core.package_identification:_identify(src) by extensions ['colcon_pkg']
[0.165s] Level 1:colcon.colcon_core.package_identification:_identify(src) by extension 'colcon_pkg'
[0.165s] Level 1:colcon.colcon_core.package_identification:_identify(src) by extensions ['colcon_meta']
[0.166s] Level 1:colcon.colcon_core.package_identification:_identify(src) by extension 'colcon_meta'
[0.166s] Level 1:colcon.colcon_core.package_identification:_identify(src) by extensions ['ros']
[0.166s] Level 1:colcon.colcon_core.package_identification:_identify(src) by extension 'ros'
[0.166s] Level 1:colcon.colcon_core.package_identification:_identify(src) by extensions ['cmake', 'python']
[0.166s] Level 1:colcon.colcon_core.package_identification:_identify(src) by extension 'cmake'
[0.166s] Level 1:colcon.colcon_core.package_identification:_identify(src) by extension 'python'
[0.166s] Level 1:colcon.colcon_core.package_identification:_identify(src) by extensions ['python_setup_py']
[0.166s] Level 1:colcon.colcon_core.package_identification:_identify(src) by extension 'python_setup_py'
[0.166s] Level 1:colcon.colcon_core.package_identification:_identify(src/cpp_pubsub) by extensions ['ignore', 'ignore_ament_install']
[0.166s] Level 1:colcon.colcon_core.package_identification:_identify(src/cpp_pubsub) by extension 'ignore'
[0.167s] Level 1:colcon.colcon_core.package_identification:_identify(src/cpp_pubsub) by extension 'ignore_ament_install'
[0.167s] Level 1:colcon.colcon_core.package_identification:_identify(src/cpp_pubsub) by extensions ['colcon_pkg']
[0.167s] Level 1:colcon.colcon_core.package_identification:_identify(src/cpp_pubsub) by extension 'colcon_pkg'
[0.167s] Level 1:colcon.colcon_core.package_identification:_identify(src/cpp_pubsub) by extensions ['colcon_meta']
[0.167s] Level 1:colcon.colcon_core.package_identification:_identify(src/cpp_pubsub) by extension 'colcon_meta'
[0.167s] Level 1:colcon.colcon_core.package_identification:_identify(src/cpp_pubsub) by extensions ['ros']
[0.167s] Level 1:colcon.colcon_core.package_identification:_identify(src/cpp_pubsub) by extension 'ros'
[0.170s] DEBUG:colcon.colcon_core.package_identification:Package 'src/cpp_pubsub' with type 'ros.ament_cmake' and name 'cpp_pubsub'
[0.170s] Level 1:colcon.colcon_core.package_identification:_identify(src/cv_basics) by extensions ['ignore', 'ignore_ament_install']
[0.170s] Level 1:colcon.colcon_core.package_identification:_identify(src/cv_basics) by extension 'ignore'
[0.170s] Level 1:colcon.colcon_core.package_identification:_identify(src/cv_basics) by extension 'ignore_ament_install'
[0.171s] Level 1:colcon.colcon_core.package_identification:_identify(src/cv_basics) by extensions ['colcon_pkg']
[0.171s] Level 1:colcon.colcon_core.package_identification:_identify(src/cv_basics) by extension 'colcon_pkg'
[0.171s] Level 1:colcon.colcon_core.package_identification:_identify(src/cv_basics) by extensions ['colcon_meta']
[0.171s] Level 1:colcon.colcon_core.package_identification:_identify(src/cv_basics) by extension 'colcon_meta'
[0.171s] Level 1:colcon.colcon_core.package_identification:_identify(src/cv_basics) by extensions ['ros']
[0.171s] Level 1:colcon.colcon_core.package_identification:_identify(src/cv_basics) by extension 'ros'
[0.174s] DEBUG:colcon.colcon_core.package_identification:Package 'src/cv_basics' with type 'ros.ament_python' and name 'cv_basics'
[0.174s] Level 1:colcon.colcon_core.package_identification:_identify(src/py_pubsub) by extensions ['ignore', 'ignore_ament_install']
[0.174s] Level 1:colcon.colcon_core.package_identification:_identify(src/py_pubsub) by extension 'ignore'
[0.174s] Level 1:colcon.colcon_core.package_identification:_identify(src/py_pubsub) by extension 'ignore_ament_install'
[0.174s] Level 1:colcon.colcon_core.package_identification:_identify(src/py_pubsub) by extensions ['colcon_pkg']
[0.174s] Level 1:colcon.colcon_core.package_identification:_identify(src/py_pubsub) by extension 'colcon_pkg'
[0.175s] Level 1:colcon.colcon_core.package_identification:_identify(src/py_pubsub) by extensions ['colcon_meta']
[0.175s] Level 1:colcon.colcon_core.package_identification:_identify(src/py_pubsub) by extension 'colcon_meta'
[0.175s] Level 1:colcon.colcon_core.package_identification:_identify(src/py_pubsub) by extensions ['ros']
[0.175s] Level 1:colcon.colcon_core.package_identification:_identify(src/py_pubsub) by extension 'ros'
[0.175s] DEBUG:colcon.colcon_core.package_identification:Package 'src/py_pubsub' with type 'ros.ament_python' and name 'py_pubsub'
[0.175s] Level 1:colcon.colcon_core.package_discovery:discover_packages(recursive) using defaults
[0.175s] Level 1:colcon.colcon_core.package_discovery:discover_packages(ignore) discover
[0.175s] Level 1:colcon.colcon_core.package_discovery:discover_packages(ignore) using defaults
[0.176s] Level 1:colcon.colcon_core.package_discovery:discover_packages(path) discover
[0.176s] Level 1:colcon.colcon_core.package_discovery:discover_packages(path) using defaults
[0.205s] Level 1:colcon.colcon_core.package_discovery:discover_packages(prefix_path) check parameters
[0.205s] Level 1:colcon.colcon_core.package_discovery:discover_packages(prefix_path) discover
[0.208s] DEBUG:colcon.colcon_installed_package_information.package_discovery:Found 262 installed packages in /opt/ros/foxy
[0.209s] Level 1:colcon.colcon_core.package_discovery:discover_packages(prefix_path) using defaults
[0.306s] Level 5:colcon.colcon_core.verb:set package 'cpp_pubsub' build argument 'cmake_args' from command line to 'None'
[0.306s] Level 5:colcon.colcon_core.verb:set package 'cpp_pubsub' build argument 'cmake_target' from command line to 'None'
[0.306s] Level 5:colcon.colcon_core.verb:set package 'cpp_pubsub' build argument 'cmake_target_skip_unavailable' from command line to 'False'
[0.306s] Level 5:colcon.colcon_core.verb:set package 'cpp_pubsub' build argument 'cmake_clean_cache' from command line to 'False'
[0.306s] Level 5:colcon.colcon_core.verb:set package 'cpp_pubsub' build argument 'cmake_clean_first' from command line to 'False'
[0.306s] Level 5:colcon.colcon_core.verb:set package 'cpp_pubsub' build argument 'cmake_force_configure' from command line to 'False'
[0.306s] Level 5:colcon.colcon_core.verb:set package 'cpp_pubsub' build argument 'ament_cmake_args' from command line to 'None'
[0.307s] Level 5:colcon.colcon_core.verb:set package 'cpp_pubsub' build argument 'catkin_cmake_args' from command line to 'None'
[0.307s] Level 5:colcon.colcon_core.verb:set package 'cpp_pubsub' build argument 'catkin_skip_building_tests' from command line to 'False'
[0.307s] DEBUG:colcon.colcon_core.verb:Building package 'cpp_pubsub' with the following arguments: {'ament_cmake_args': None, 'build_base': '/home/carsten/ros2_test_ws/build/cpp_pubsub', 'catkin_cmake_args': None, 'catkin_skip_building_tests': False, 'cmake_args': None, 'cmake_clean_cache': False, 'cmake_clean_first': False, 'cmake_force_configure': False, 'cmake_target': None, 'cmake_target_skip_unavailable': False, 'install_base': '/home/carsten/ros2_test_ws/install/cpp_pubsub', 'merge_install': False, 'path': '/home/carsten/ros2_test_ws/src/cpp_pubsub', 'symlink_install': False, 'test_result_base': None}
[0.308s] Level 5:colcon.colcon_core.verb:set package 'cv_basics' build argument 'cmake_args' from command line to 'None'
[0.308s] Level 5:colcon.colcon_core.verb:set package 'cv_basics' build argument 'cmake_target' from command line to 'None'
[0.308s] Level 5:colcon.colcon_core.verb:set package 'cv_basics' build argument 'cmake_target_skip_unavailable' from command line to 'False'
[0.308s] Level 5:colcon.colcon_core.verb:set package 'cv_basics' build argument 'cmake_clean_cache' from command line to 'False'
[0.308s] Level 5:colcon.colcon_core.verb:set package 'cv_basics' build argument 'cmake_clean_first' from command line to 'False'
[0.308s] Level 5:colcon.colcon_core.verb:set package 'cv_basics' build argument 'cmake_force_configure' from command line to 'False'
[0.308s] Level 5:colcon.colcon_core.verb:set package 'cv_basics' build argument 'ament_cmake_args' from command line to 'None'
[0.309s] Level 5:colcon.colcon_core.verb:set package 'cv_basics' build argument 'catkin_cmake_args' from command line to 'None'
[0.309s] Level 5:colcon.colcon_core.verb:set package 'cv_basics' build argument 'catkin_skip_building_tests' from command line to 'False'
[0.309s] DEBUG:colcon.colcon_core.verb:Building package 'cv_basics' with the following arguments: {'ament_cmake_args': None, 'build_base': '/home/carsten/ros2_test_ws/build/cv_basics', 'catkin_cmake_args': None, 'catkin_skip_building_tests': False, 'cmake_args': None, 'cmake_clean_cache': False, 'cmake_clean_first': False, 'cmake_force_configure': False, 'cmake_target': None, 'cmake_target_skip_unavailable': False, 'install_base': '/home/carsten/ros2_test_ws/install/cv_basics', 'merge_install': False, 'path': '/home/carsten/ros2_test_ws/src/cv_basics', 'symlink_install': False, 'test_result_base': None}
[0.310s] Level 5:colcon.colcon_core.verb:set package 'py_pubsub' build argument 'cmake_args' from command line to 'None'
[0.310s] Level 5:colcon.colcon_core.verb:set package 'py_pubsub' build argument 'cmake_target' from command line to 'None'
[0.310s] Level 5:colcon.colcon_core.verb:set package 'py_pubsub' build argument 'cmake_target_skip_unavailable' from command line to 'False'
[0.310s] Level 5:colcon.colcon_core.verb:set package 'py_pubsub' build argument 'cmake_clean_cache' from command line to 'False'
[0.310s] Level 5:colcon.colcon_core.verb:set package 'py_pubsub' build argument 'cmake_clean_first' from command line to 'False'
[0.310s] Level 5:colcon.colcon_core.verb:set package 'py_pubsub' build argument 'cmake_force_configure' from command line to 'False'
[0.310s] Level 5:colcon.colcon_core.verb:set package 'py_pubsub' build argument 'ament_cmake_args' from command line to 'None'
[0.311s] Level 5:colcon.colcon_core.verb:set package 'py_pubsub' build argument 'catkin_cmake_args' from command line to 'None'
[0.311s] Level 5:colcon.colcon_core.verb:set package 'py_pubsub' build argument 'catkin_skip_building_tests' from command line to 'False'
[0.311s] DEBUG:colcon.colcon_core.verb:Building package 'py_pubsub' with the following arguments: {'ament_cmake_args': None, 'build_base': '/home/carsten/ros2_test_ws/build/py_pubsub', 'catkin_cmake_args': None, 'catkin_skip_building_tests': False, 'cmake_args': None, 'cmake_clean_cache': False, 'cmake_clean_first': False, 'cmake_force_configure': False, 'cmake_target': None, 'cmake_target_skip_unavailable': False, 'install_base': '/home/carsten/ros2_test_ws/install/py_pubsub', 'merge_install': False, 'path': '/home/carsten/ros2_test_ws/src/py_pubsub', 'symlink_install': False, 'test_result_base': None}
[0.312s] INFO:colcon.colcon_core.executor:Executing jobs using 'parallel' executor
[0.318s] DEBUG:colcon.colcon_parallel_executor.executor.parallel:run_until_complete
[0.318s] INFO:colcon.colcon_ros.task.ament_cmake.build:Building ROS package in '/home/carsten/ros2_test_ws/src/cpp_pubsub' with build type 'ament_cmake'
[0.319s] INFO:colcon.colcon_cmake.task.cmake.build:Building CMake package in '/home/carsten/ros2_test_ws/src/cpp_pubsub'
[0.325s] INFO:colcon.colcon_core.plugin_system:Skipping extension 'colcon_core.shell.bat': Not used on non-Windows systems
[0.325s] INFO:colcon.colcon_core.shell:Skip shell extension 'powershell' for command environment: Not usable outside of PowerShell
[0.325s] DEBUG:colcon.colcon_core.shell:Skip shell extension 'dsv' for command environment
[0.351s] INFO:colcon.colcon_ros.task.ament_python.build:Building ROS package in '/home/carsten/ros2_test_ws/src/cv_basics' with build type 'ament_python'
[0.353s] Level 1:colcon.colcon_core.shell:create_environment_hook('cv_basics', 'ament_prefix_path')
[0.358s] INFO:colcon.colcon_core.shell:Creating environment hook '/home/carsten/ros2_test_ws/install/cv_basics/share/cv_basics/hook/ament_prefix_path.ps1'
[0.361s] INFO:colcon.colcon_core.shell:Creating environment descriptor '/home/carsten/ros2_test_ws/install/cv_basics/share/cv_basics/hook/ament_prefix_path.dsv'
[0.362s] INFO:colcon.colcon_core.shell:Creating environment hook '/home/carsten/ros2_test_ws/install/cv_basics/share/cv_basics/hook/ament_prefix_path.sh'
[0.366s] INFO:colcon.colcon_core.shell:Skip shell extension 'powershell' for command environment: Not usable outside of PowerShell
[0.367s] DEBUG:colcon.colcon_core.shell:Skip shell extension 'dsv' for command environment
[0.373s] INFO:colcon.colcon_ros.task.ament_python.build:Building ROS package in '/home/carsten/ros2_test_ws/src/py_pubsub' with build type 'ament_python'
[0.373s] Level 1:colcon.colcon_core.shell:create_environment_hook('py_pubsub', 'ament_prefix_path')
[0.375s] INFO:colcon.colcon_core.shell:Creating environment hook '/home/carsten/ros2_test_ws/install/py_pubsub/share/py_pubsub/hook/ament_prefix_path.ps1'
[0.376s] INFO:colcon.colcon_core.shell:Creating environment descriptor '/home/carsten/ros2_test_ws/install/py_pubsub/share/py_pubsub/hook/ament_prefix_path.dsv'
[0.377s] INFO:colcon.colcon_core.shell:Creating environment hook '/home/carsten/ros2_test_ws/install/py_pubsub/share/py_pubsub/hook/ament_prefix_path.sh'
[0.392s] INFO:colcon.colcon_core.shell:Skip shell extension 'powershell' for command environment: Not usable outside of PowerShell
[0.393s] DEBUG:colcon.colcon_core.shell:Skip shell extension 'dsv' for command environment
[0.423s] DEBUG:colcon.colcon_core.event_handler.log_command:Invoking command in '/home/carsten/ros2_test_ws/build/cpp_pubsub': CMAKE_PREFIX_PATH=/opt/ros/foxy /usr/bin/cmake --build /home/carsten/ros2_test_ws/build/cpp_pubsub -- -j8 -l8
[0.978s] INFO:colcon.colcon_core.task.python.build:Building Python package in '/home/carsten/ros2_test_ws/src/cv_basics'
[0.982s] INFO:colcon.colcon_core.shell:Skip shell extension 'powershell' for command environment: Not usable outside of PowerShell
[0.982s] DEBUG:colcon.colcon_core.shell:Skip shell extension 'dsv' for command environment
[1.563s] INFO:colcon.colcon_core.task.python.build:Building Python package in '/home/carsten/ros2_test_ws/src/py_pubsub'
[1.567s] INFO:colcon.colcon_core.shell:Skip shell extension 'powershell' for command environment: Not usable outside of PowerShell
[1.567s] DEBUG:colcon.colcon_core.shell:Skip shell extension 'dsv' for command environment
[1.582s] DEBUG:colcon.colcon_core.event_handler.log_command:Invoked command in '/home/carsten/ros2_test_ws/build/cpp_pubsub' returned '0': CMAKE_PREFIX_PATH=/opt/ros/foxy /usr/bin/cmake --build /home/carsten/ros2_test_ws/build/cpp_pubsub -- -j8 -l8
[1.662s] DEBUG:colcon.colcon_core.event_handler.log_command:Invoking command in '/home/carsten/ros2_test_ws/build/cpp_pubsub': CMAKE_PREFIX_PATH=/opt/ros/foxy /usr/bin/cmake --install /home/carsten/ros2_test_ws/build/cpp_pubsub
[1.712s] Level 1:colcon.colcon_core.environment:create_environment_scripts_only(cpp_pubsub)
[1.714s] DEBUG:colcon.colcon_core.event_handler.log_command:Invoked command in '/home/carsten/ros2_test_ws/build/cpp_pubsub' returned '0': CMAKE_PREFIX_PATH=/opt/ros/foxy /usr/bin/cmake --install /home/carsten/ros2_test_ws/build/cpp_pubsub
[1.727s] Level 1:colcon.colcon_core.environment:checking '/home/carsten/ros2_test_ws/install/cpp_pubsub' for CMake module files
[1.728s] Level 1:colcon.colcon_core.environment:checking '/home/carsten/ros2_test_ws/install/cpp_pubsub' for CMake config files
[1.729s] Level 1:colcon.colcon_core.shell:create_environment_hook('cpp_pubsub', 'cmake_prefix_path')
[1.732s] INFO:colcon.colcon_core.shell:Creating environment hook '/home/carsten/ros2_test_ws/install/cpp_pubsub/share/cpp_pubsub/hook/cmake_prefix_path.ps1'
[1.734s] INFO:colcon.colcon_core.shell:Creating environment descriptor '/home/carsten/ros2_test_ws/install/cpp_pubsub/share/cpp_pubsub/hook/cmake_prefix_path.dsv'
[1.734s] INFO:colcon.colcon_core.shell:Creating environment hook '/home/carsten/ros2_test_ws/install/cpp_pubsub/share/cpp_pubsub/hook/cmake_prefix_path.sh'
[1.736s] Level 1:colcon.colcon_core.environment:checking '/home/carsten/ros2_test_ws/install/cpp_pubsub/bin'
[1.736s] Level 1:colcon.colcon_core.environment:checking '/home/carsten/ros2_test_ws/install/cpp_pubsub/lib/pkgconfig/cpp_pubsub.pc'
[1.736s] Level 1:colcon.colcon_core.environment:checking '/home/carsten/ros2_test_ws/install/cpp_pubsub/lib/python3.8/site-packages'
[1.737s] Level 1:colcon.colcon_core.environment:checking '/home/carsten/ros2_test_ws/install/cpp_pubsub/bin'
[1.740s] INFO:colcon.colcon_core.shell:Creating package script '/home/carsten/ros2_test_ws/install/cpp_pubsub/share/cpp_pubsub/package.ps1'
[1.741s] INFO:colcon.colcon_core.shell:Creating package descriptor '/home/carsten/ros2_test_ws/install/cpp_pubsub/share/cpp_pubsub/package.dsv'
[1.742s] INFO:colcon.colcon_core.shell:Creating package script '/home/carsten/ros2_test_ws/install/cpp_pubsub/share/cpp_pubsub/package.sh'
[1.755s] INFO:colcon.colcon_core.shell:Creating package script '/home/carsten/ros2_test_ws/install/cpp_pubsub/share/cpp_pubsub/package.bash'
[1.765s] INFO:colcon.colcon_core.shell:Creating package script '/home/carsten/ros2_test_ws/install/cpp_pubsub/share/cpp_pubsub/package.zsh'
[1.769s] Level 1:colcon.colcon_core.environment:create_file_with_runtime_dependencies(/home/carsten/ros2_test_ws/install/cpp_pubsub/share/colcon-core/packages/cpp_pubsub)
[1.834s] Level 1:colcon.colcon_core.environment:create_environment_scripts_only(cpp_pubsub)
[1.856s] Level 1:colcon.colcon_core.environment:checking '/home/carsten/ros2_test_ws/install/cpp_pubsub' for CMake module files
[1.858s] Level 1:colcon.colcon_core.environment:checking '/home/carsten/ros2_test_ws/install/cpp_pubsub' for CMake config files
[1.862s] Level 1:colcon.colcon_core.shell:create_environment_hook('cpp_pubsub', 'cmake_prefix_path')
[1.866s] INFO:colcon.colcon_core.shell:Creating environment hook '/home/carsten/ros2_test_ws/install/cpp_pubsub/share/cpp_pubsub/hook/cmake_prefix_path.ps1'
[1.868s] INFO:colcon.colcon_core.shell:Creating environment descriptor '/home/carsten/ros2_test_ws/install/cpp_pubsub/share/cpp_pubsub/hook/cmake_prefix_path.dsv'
[1.869s] INFO:colcon.colcon_core.shell:Creating environment hook '/home/carsten/ros2_test_ws/install/cpp_pubsub/share/cpp_pubsub/hook/cmake_prefix_path.sh'
[1.870s] Level 1:colcon.colcon_core.environment:checking '/home/carsten/ros2_test_ws/install/cpp_pubsub/bin'
[1.870s] Level 1:colcon.colcon_core.environment:checking '/home/carsten/ros2_test_ws/install/cpp_pubsub/lib/pkgconfig/cpp_pubsub.pc'
[1.871s] Level 1:colcon.colcon_core.environment:checking '/home/carsten/ros2_test_ws/install/cpp_pubsub/lib/python3.8/site-packages'
[1.871s] Level 1:colcon.colcon_core.environment:checking '/home/carsten/ros2_test_ws/install/cpp_pubsub/bin'
[1.875s] INFO:colcon.colcon_core.shell:Creating package script '/home/carsten/ros2_test_ws/install/cpp_pubsub/share/cpp_pubsub/package.ps1'
[1.876s] INFO:colcon.colcon_core.shell:Creating package descriptor '/home/carsten/ros2_test_ws/install/cpp_pubsub/share/cpp_pubsub/package.dsv'
[1.877s] INFO:colcon.colcon_core.shell:Creating package script '/home/carsten/ros2_test_ws/install/cpp_pubsub/share/cpp_pubsub/package.sh'
[1.878s] INFO:colcon.colcon_core.shell:Creating package script '/home/carsten/ros2_test_ws/install/cpp_pubsub/share/cpp_pubsub/package.bash'
[1.879s] INFO:colcon.colcon_core.shell:Creating package script '/home/carsten/ros2_test_ws/install/cpp_pubsub/share/cpp_pubsub/package.zsh'
[1.880s] Level 1:colcon.colcon_core.environment:create_file_with_runtime_dependencies(/home/carsten/ros2_test_ws/install/cpp_pubsub/share/colcon-core/packages/cpp_pubsub)
[2.675s] DEBUG:colcon.colcon_core.event_handler.log_command:Invoking command in '/home/carsten/ros2_test_ws/src/py_pubsub': PYTHONPATH=/home/carsten/ros2_test_ws/install/py_pubsub/lib/python3.8/site-packages:${PYTHONPATH} /usr/bin/python3 setup.py egg_info --egg-base ../../build/py_pubsub build --build-base /home/carsten/ros2_test_ws/build/py_pubsub/build install --prefix /home/carsten/ros2_test_ws/install/py_pubsub --record /home/carsten/ros2_test_ws/build/py_pubsub/install.log --single-version-externally-managed
[2.691s] DEBUG:colcon.colcon_core.event_handler.log_command:Invoking command in '/home/carsten/ros2_test_ws/src/cv_basics': PYTHONPATH=/home/carsten/ros2_test_ws/install/cv_basics/lib/python3.8/site-packages:${PYTHONPATH} /usr/bin/python3 setup.py egg_info --egg-base ../../build/cv_basics build --build-base /home/carsten/ros2_test_ws/build/cv_basics/build install --prefix /home/carsten/ros2_test_ws/install/cv_basics --record /home/carsten/ros2_test_ws/build/cv_basics/install.log --single-version-externally-managed
[3.429s] Level 1:colcon.colcon_core.environment:checking '/home/carsten/ros2_test_ws/install/cv_basics' for CMake module files
[3.429s] DEBUG:colcon.colcon_core.event_handler.log_command:Invoked command in '/home/carsten/ros2_test_ws/src/cv_basics' returned '0': PYTHONPATH=/home/carsten/ros2_test_ws/install/cv_basics/lib/python3.8/site-packages:${PYTHONPATH} /usr/bin/python3 setup.py egg_info --egg-base ../../build/cv_basics build --build-base /home/carsten/ros2_test_ws/build/cv_basics/build install --prefix /home/carsten/ros2_test_ws/install/cv_basics --record /home/carsten/ros2_test_ws/build/cv_basics/install.log --single-version-externally-managed
[3.430s] Level 1:colcon.colcon_core.environment:checking '/home/carsten/ros2_test_ws/install/cv_basics' for CMake config files
[3.431s] Level 1:colcon.colcon_core.environment:checking '/home/carsten/ros2_test_ws/install/cv_basics/lib'
[3.431s] Level 1:colcon.colcon_core.environment:checking '/home/carsten/ros2_test_ws/install/cv_basics/bin'
[3.431s] Level 1:colcon.colcon_core.environment:checking '/home/carsten/ros2_test_ws/install/cv_basics/lib/pkgconfig/cv_basics.pc'
[3.431s] Level 1:colcon.colcon_core.environment:checking '/home/carsten/ros2_test_ws/install/cv_basics/lib/python3.8/site-packages'
[3.432s] Level 1:colcon.colcon_core.shell:create_environment_hook('cv_basics', 'pythonpath')
[3.433s] INFO:colcon.colcon_core.shell:Creating environment hook '/home/carsten/ros2_test_ws/install/cv_basics/share/cv_basics/hook/pythonpath.ps1'
[3.434s] INFO:colcon.colcon_core.shell:Creating environment descriptor '/home/carsten/ros2_test_ws/install/cv_basics/share/cv_basics/hook/pythonpath.dsv'
[3.435s] INFO:colcon.colcon_core.shell:Creating environment hook '/home/carsten/ros2_test_ws/install/cv_basics/share/cv_basics/hook/pythonpath.sh'
[3.436s] Level 1:colcon.colcon_core.environment:checking '/home/carsten/ros2_test_ws/install/cv_basics/bin'
[3.436s] Level 1:colcon.colcon_core.environment:create_environment_scripts_only(cv_basics)
[3.439s] INFO:colcon.colcon_core.shell:Creating package script '/home/carsten/ros2_test_ws/install/cv_basics/share/cv_basics/package.ps1'
[3.440s] INFO:colcon.colcon_core.shell:Creating package descriptor '/home/carsten/ros2_test_ws/install/cv_basics/share/cv_basics/package.dsv'
[3.441s] INFO:colcon.colcon_core.shell:Creating package script '/home/carsten/ros2_test_ws/install/cv_basics/share/cv_basics/package.sh'
[3.442s] INFO:colcon.colcon_core.shell:Creating package script '/home/carsten/ros2_test_ws/install/cv_basics/share/cv_basics/package.bash'
[3.442s] INFO:colcon.colcon_core.shell:Creating package script '/home/carsten/ros2_test_ws/install/cv_basics/share/cv_basics/package.zsh'
[3.443s] Level 1:colcon.colcon_core.environment:create_file_with_runtime_dependencies(/home/carsten/ros2_test_ws/install/cv_basics/share/colcon-core/packages/cv_basics)
[3.448s] Level 1:colcon.colcon_core.environment:checking '/home/carsten/ros2_test_ws/install/py_pubsub' for CMake module files
[3.450s] DEBUG:colcon.colcon_core.event_handler.log_command:Invoked command in '/home/carsten/ros2_test_ws/src/py_pubsub' returned '0': PYTHONPATH=/home/carsten/ros2_test_ws/install/py_pubsub/lib/python3.8/site-packages:${PYTHONPATH} /usr/bin/python3 setup.py egg_info --egg-base ../../build/py_pubsub build --build-base /home/carsten/ros2_test_ws/build/py_pubsub/build install --prefix /home/carsten/ros2_test_ws/install/py_pubsub --record /home/carsten/ros2_test_ws/build/py_pubsub/install.log --single-version-externally-managed
[3.451s] Level 1:colcon.colcon_core.environment:checking '/home/carsten/ros2_test_ws/install/py_pubsub' for CMake config files
[3.452s] Level 1:colcon.colcon_core.environment:checking '/home/carsten/ros2_test_ws/install/py_pubsub/lib'
[3.452s] Level 1:colcon.colcon_core.environment:checking '/home/carsten/ros2_test_ws/install/py_pubsub/bin'
[3.452s] Level 1:colcon.colcon_core.environment:checking '/home/carsten/ros2_test_ws/install/py_pubsub/lib/pkgconfig/py_pubsub.pc'
[3.453s] Level 1:colcon.colcon_core.environment:checking '/home/carsten/ros2_test_ws/install/py_pubsub/lib/python3.8/site-packages'
[3.453s] Level 1:colcon.colcon_core.shell:create_environment_hook('py_pubsub', 'pythonpath')
[3.455s] INFO:colcon.colcon_core.shell:Creating environment hook '/home/carsten/ros2_test_ws/install/py_pubsub/share/py_pubsub/hook/pythonpath.ps1'
[3.456s] INFO:colcon.colcon_core.shell:Creating environment descriptor '/home/carsten/ros2_test_ws/install/py_pubsub/share/py_pubsub/hook/pythonpath.dsv'
[3.457s] INFO:colcon.colcon_core.shell:Creating environment hook '/home/carsten/ros2_test_ws/install/py_pubsub/share/py_pubsub/hook/pythonpath.sh'
[3.458s] Level 1:colcon.colcon_core.environment:checking '/home/carsten/ros2_test_ws/install/py_pubsub/bin'
[3.458s] Level 1:colcon.colcon_core.environment:create_environment_scripts_only(py_pubsub)
[3.461s] INFO:colcon.colcon_core.shell:Creating package script '/home/carsten/ros2_test_ws/install/py_pubsub/share/py_pubsub/package.ps1'
[3.461s] INFO:colcon.colcon_core.shell:Creating package descriptor '/home/carsten/ros2_test_ws/install/py_pubsub/share/py_pubsub/package.dsv'
[3.462s] INFO:colcon.colcon_core.shell:Creating package script '/home/carsten/ros2_test_ws/install/py_pubsub/share/py_pubsub/package.sh'
[3.463s] INFO:colcon.colcon_core.shell:Creating package script '/home/carsten/ros2_test_ws/install/py_pubsub/share/py_pubsub/package.bash'
[3.463s] INFO:colcon.colcon_core.shell:Creating package script '/home/carsten/ros2_test_ws/install/py_pubsub/share/py_pubsub/package.zsh'
[3.464s] Level 1:colcon.colcon_core.environment:create_file_with_runtime_dependencies(/home/carsten/ros2_test_ws/install/py_pubsub/share/colcon-core/packages/py_pubsub)
[3.464s] DEBUG:colcon.colcon_parallel_executor.executor.parallel:closing loop
[3.465s] DEBUG:colcon.colcon_parallel_executor.executor.parallel:loop closed
[3.465s] DEBUG:colcon.colcon_parallel_executor.executor.parallel:run_until_complete finished with '0'
[3.465s] DEBUG:colcon.colcon_core.event_reactor:joining thread
[3.479s] INFO:colcon.colcon_core.plugin_system:Skipping extension 'colcon_notification.desktop_notification.terminal_notifier': Not used on non-Darwin systems
[3.479s] INFO:colcon.colcon_core.plugin_system:Skipping extension 'colcon_notification.desktop_notification.win32': Not used on non-Windows systems
[3.479s] INFO:colcon.colcon_notification.desktop_notification:Sending desktop notification using 'notify2'
[3.542s] DEBUG:colcon.colcon_core.event_reactor:joined thread
[3.546s] INFO:colcon.colcon_core.shell:Creating prefix script '/home/carsten/ros2_test_ws/install/local_setup.ps1'
[3.549s] INFO:colcon.colcon_core.shell:Creating prefix util module '/home/carsten/ros2_test_ws/install/_local_setup_util_ps1.py'
[3.552s] INFO:colcon.colcon_core.shell:Creating prefix chain script '/home/carsten/ros2_test_ws/install/setup.ps1'
[3.555s] INFO:colcon.colcon_core.shell:Creating prefix script '/home/carsten/ros2_test_ws/install/local_setup.sh'
[3.556s] INFO:colcon.colcon_core.shell:Creating prefix util module '/home/carsten/ros2_test_ws/install/_local_setup_util_sh.py'
[3.556s] INFO:colcon.colcon_core.shell:Creating prefix chain script '/home/carsten/ros2_test_ws/install/setup.sh'
[3.560s] INFO:colcon.colcon_core.shell:Creating prefix script '/home/carsten/ros2_test_ws/install/local_setup.bash'
[3.561s] INFO:colcon.colcon_core.shell:Creating prefix chain script '/home/carsten/ros2_test_ws/install/setup.bash'
[3.564s] INFO:colcon.colcon_core.shell:Creating prefix script '/home/carsten/ros2_test_ws/install/local_setup.zsh'
[3.565s] INFO:colcon.colcon_core.shell:Creating prefix chain script '/home/carsten/ros2_test_ws/install/setup.zsh'
