[0.133s] DEBUG:colcon:Command line arguments: ['/usr/bin/colcon', 'build']
[0.133s] DEBUG:colcon:Parsed command line arguments: Namespace(allow_overriding=[], ament_cmake_args=None, base_paths=['.'], build_base='build', catkin_cmake_args=None, catkin_skip_building_tests=False, cmake_args=None, cmake_clean_cache=False, cmake_clean_first=False, cmake_force_configure=False, cmake_target=None, cmake_target_skip_unavailable=False, continue_on_error=False, event_handlers=None, executor='parallel', ignore_user_meta=False, install_base='install', log_base=None, log_level=None, main=<bound method BuildVerb.main of <colcon_core.verb.build.BuildVerb object at 0x7f991386aa30>>, merge_install=False, metas=['./colcon.meta'], packages_above=None, packages_above_and_dependencies=None, packages_above_depth=None, packages_end=None, packages_ignore=None, packages_ignore_regex=None, packages_select=None, packages_select_build_failed=False, packages_select_by_dep=None, packages_select_regex=None, packages_select_test_failures=False, packages_skip=None, packages_skip_build_finished=False, packages_skip_by_dep=None, packages_skip_regex=None, packages_skip_test_passed=False, packages_skip_up_to=None, packages_start=None, packages_up_to=None, packages_up_to_regex=None, parallel_workers=8, paths=None, symlink_install=False, test_result_base=None, verb_extension=<colcon_core.verb.build.BuildVerb object at 0x7f991386aa30>, verb_name='build', verb_parser=<colcon_defaults.argument_parser.defaults.DefaultArgumentsDecorator object at 0x7f991386afa0>)
[0.156s] Level 1:colcon.colcon_core.package_discovery:discover_packages(colcon_meta) check parameters
[0.156s] Level 1:colcon.colcon_core.package_discovery:discover_packages(recursive) check parameters
[0.156s] Level 1:colcon.colcon_core.package_discovery:discover_packages(ignore) check parameters
[0.156s] Level 1:colcon.colcon_core.package_discovery:discover_packages(path) check parameters
[0.156s] Level 1:colcon.colcon_core.package_discovery:discover_packages(colcon_meta) discover
[0.156s] Level 1:colcon.colcon_core.package_discovery:discover_packages(recursive) discover
[0.156s] INFO:colcon.colcon_core.package_discovery:Crawling recursively for packages in '/home/carsten/ros2_test_ws'
[0.156s] Level 1:colcon.colcon_core.package_identification:_identify(.) by extensions ['ignore', 'ignore_ament_install']
[0.157s] Level 1:colcon.colcon_core.package_identification:_identify(.) by extension 'ignore'
[0.157s] Level 1:colcon.colcon_core.package_identification:_identify(.) by extension 'ignore_ament_install'
[0.157s] Level 1:colcon.colcon_core.package_identification:_identify(.) by extensions ['colcon_pkg']
[0.157s] Level 1:colcon.colcon_core.package_identification:_identify(.) by extension 'colcon_pkg'
[0.157s] Level 1:colcon.colcon_core.package_identification:_identify(.) by extensions ['colcon_meta']
[0.157s] Level 1:colcon.colcon_core.package_identification:_identify(.) by extension 'colcon_meta'
[0.157s] Level 1:colcon.colcon_core.package_identification:_identify(.) by extensions ['ros']
[0.157s] Level 1:colcon.colcon_core.package_identification:_identify(.) by extension 'ros'
[0.166s] Level 1:colcon.colcon_core.package_identification:_identify(.) by extensions ['cmake', 'python']
[0.166s] Level 1:colcon.colcon_core.package_identification:_identify(.) by extension 'cmake'
[0.166s] Level 1:colcon.colcon_core.package_identification:_identify(.) by extension 'python'
[0.167s] Level 1:colcon.colcon_core.package_identification:_identify(.) by extensions ['python_setup_py']
[0.167s] Level 1:colcon.colcon_core.package_identification:_identify(.) by extension 'python_setup_py'
[0.167s] Level 1:colcon.colcon_core.package_identification:_identify(build) by extensions ['ignore', 'ignore_ament_install']
[0.167s] Level 1:colcon.colcon_core.package_identification:_identify(build) by extension 'ignore'
[0.167s] Level 1:colcon.colcon_core.package_identification:_identify(build) ignored
[0.167s] Level 1:colcon.colcon_core.package_identification:_identify(install) by extensions ['ignore', 'ignore_ament_install']
[0.167s] Level 1:colcon.colcon_core.package_identification:_identify(install) by extension 'ignore'
[0.167s] Level 1:colcon.colcon_core.package_identification:_identify(install) ignored
[0.167s] Level 1:colcon.colcon_core.package_identification:_identify(log) by extensions ['ignore', 'ignore_ament_install']
[0.167s] Level 1:colcon.colcon_core.package_identification:_identify(log) by extension 'ignore'
[0.168s] Level 1:colcon.colcon_core.package_identification:_identify(log) ignored
[0.168s] Level 1:colcon.colcon_core.package_identification:_identify(src) by extensions ['ignore', 'ignore_ament_install']
[0.168s] Level 1:colcon.colcon_core.package_identification:_identify(src) by extension 'ignore'
[0.168s] Level 1:colcon.colcon_core.package_identification:_identify(src) by extension 'ignore_ament_install'
[0.168s] Level 1:colcon.colcon_core.package_identification:_identify(src) by extensions ['colcon_pkg']
[0.168s] Level 1:colcon.colcon_core.package_identification:_identify(src) by extension 'colcon_pkg'
[0.168s] Level 1:colcon.colcon_core.package_identification:_identify(src) by extensions ['colcon_meta']
[0.168s] Level 1:colcon.colcon_core.package_identification:_identify(src) by extension 'colcon_meta'
[0.168s] Level 1:colcon.colcon_core.package_identification:_identify(src) by extensions ['ros']
[0.168s] Level 1:colcon.colcon_core.package_identification:_identify(src) by extension 'ros'
[0.168s] Level 1:colcon.colcon_core.package_identification:_identify(src) by extensions ['cmake', 'python']
[0.168s] Level 1:colcon.colcon_core.package_identification:_identify(src) by extension 'cmake'
[0.168s] Level 1:colcon.colcon_core.package_identification:_identify(src) by extension 'python'
[0.168s] Level 1:colcon.colcon_core.package_identification:_identify(src) by extensions ['python_setup_py']
[0.168s] Level 1:colcon.colcon_core.package_identification:_identify(src) by extension 'python_setup_py'
[0.168s] Level 1:colcon.colcon_core.package_identification:_identify(src/cpp_pubsub) by extensions ['ignore', 'ignore_ament_install']
[0.169s] Level 1:colcon.colcon_core.package_identification:_identify(src/cpp_pubsub) by extension 'ignore'
[0.169s] Level 1:colcon.colcon_core.package_identification:_identify(src/cpp_pubsub) by extension 'ignore_ament_install'
[0.169s] Level 1:colcon.colcon_core.package_identification:_identify(src/cpp_pubsub) by extensions ['colcon_pkg']
[0.169s] Level 1:colcon.colcon_core.package_identification:_identify(src/cpp_pubsub) by extension 'colcon_pkg'
[0.169s] Level 1:colcon.colcon_core.package_identification:_identify(src/cpp_pubsub) by extensions ['colcon_meta']
[0.169s] Level 1:colcon.colcon_core.package_identification:_identify(src/cpp_pubsub) by extension 'colcon_meta'
[0.169s] Level 1:colcon.colcon_core.package_identification:_identify(src/cpp_pubsub) by extensions ['ros']
[0.169s] Level 1:colcon.colcon_core.package_identification:_identify(src/cpp_pubsub) by extension 'ros'
[0.171s] DEBUG:colcon.colcon_core.package_identification:Package 'src/cpp_pubsub' with type 'ros.ament_cmake' and name 'cpp_pubsub'
[0.171s] Level 1:colcon.colcon_core.package_identification:_identify(src/cv_basics) by extensions ['ignore', 'ignore_ament_install']
[0.171s] Level 1:colcon.colcon_core.package_identification:_identify(src/cv_basics) by extension 'ignore'
[0.171s] Level 1:colcon.colcon_core.package_identification:_identify(src/cv_basics) by extension 'ignore_ament_install'
[0.171s] Level 1:colcon.colcon_core.package_identification:_identify(src/cv_basics) by extensions ['colcon_pkg']
[0.171s] Level 1:colcon.colcon_core.package_identification:_identify(src/cv_basics) by extension 'colcon_pkg'
[0.172s] Level 1:colcon.colcon_core.package_identification:_identify(src/cv_basics) by extensions ['colcon_meta']
[0.172s] Level 1:colcon.colcon_core.package_identification:_identify(src/cv_basics) by extension 'colcon_meta'
[0.172s] Level 1:colcon.colcon_core.package_identification:_identify(src/cv_basics) by extensions ['ros']
[0.172s] Level 1:colcon.colcon_core.package_identification:_identify(src/cv_basics) by extension 'ros'
[0.174s] DEBUG:colcon.colcon_core.package_identification:Package 'src/cv_basics' with type 'ros.ament_python' and name 'cv_basics'
[0.174s] Level 1:colcon.colcon_core.package_identification:_identify(src/py_pubsub) by extensions ['ignore', 'ignore_ament_install']
[0.174s] Level 1:colcon.colcon_core.package_identification:_identify(src/py_pubsub) by extension 'ignore'
[0.174s] Level 1:colcon.colcon_core.package_identification:_identify(src/py_pubsub) by extension 'ignore_ament_install'
[0.174s] Level 1:colcon.colcon_core.package_identification:_identify(src/py_pubsub) by extensions ['colcon_pkg']
[0.174s] Level 1:colcon.colcon_core.package_identification:_identify(src/py_pubsub) by extension 'colcon_pkg'
[0.174s] Level 1:colcon.colcon_core.package_identification:_identify(src/py_pubsub) by extensions ['colcon_meta']
[0.174s] Level 1:colcon.colcon_core.package_identification:_identify(src/py_pubsub) by extension 'colcon_meta'
[0.174s] Level 1:colcon.colcon_core.package_identification:_identify(src/py_pubsub) by extensions ['ros']
[0.174s] Level 1:colcon.colcon_core.package_identification:_identify(src/py_pubsub) by extension 'ros'
[0.175s] DEBUG:colcon.colcon_core.package_identification:Package 'src/py_pubsub' with type 'ros.ament_python' and name 'py_pubsub'
[0.175s] Level 1:colcon.colcon_core.package_discovery:discover_packages(recursive) using defaults
[0.175s] Level 1:colcon.colcon_core.package_discovery:discover_packages(ignore) discover
[0.175s] Level 1:colcon.colcon_core.package_discovery:discover_packages(ignore) using defaults
[0.175s] Level 1:colcon.colcon_core.package_discovery:discover_packages(path) discover
[0.175s] Level 1:colcon.colcon_core.package_discovery:discover_packages(path) using defaults
[0.202s] Level 1:colcon.colcon_core.package_discovery:discover_packages(prefix_path) check parameters
[0.202s] Level 1:colcon.colcon_core.package_discovery:discover_packages(prefix_path) discover
[0.205s] DEBUG:colcon.colcon_installed_package_information.package_discovery:Found 262 installed packages in /opt/ros/foxy
[0.206s] Level 1:colcon.colcon_core.package_discovery:discover_packages(prefix_path) using defaults
[0.279s] Level 5:colcon.colcon_core.verb:set package 'cpp_pubsub' build argument 'cmake_args' from command line to 'None'
[0.279s] Level 5:colcon.colcon_core.verb:set package 'cpp_pubsub' build argument 'cmake_target' from command line to 'None'
[0.279s] Level 5:colcon.colcon_core.verb:set package 'cpp_pubsub' build argument 'cmake_target_skip_unavailable' from command line to 'False'
[0.279s] Level 5:colcon.colcon_core.verb:set package 'cpp_pubsub' build argument 'cmake_clean_cache' from command line to 'False'
[0.279s] Level 5:colcon.colcon_core.verb:set package 'cpp_pubsub' build argument 'cmake_clean_first' from command line to 'False'
[0.279s] Level 5:colcon.colcon_core.verb:set package 'cpp_pubsub' build argument 'cmake_force_configure' from command line to 'False'
[0.279s] Level 5:colcon.colcon_core.verb:set package 'cpp_pubsub' build argument 'ament_cmake_args' from command line to 'None'
[0.279s] Level 5:colcon.colcon_core.verb:set package 'cpp_pubsub' build argument 'catkin_cmake_args' from command line to 'None'
[0.279s] Level 5:colcon.colcon_core.verb:set package 'cpp_pubsub' build argument 'catkin_skip_building_tests' from command line to 'False'
[0.280s] DEBUG:colcon.colcon_core.verb:Building package 'cpp_pubsub' with the following arguments: {'ament_cmake_args': None, 'build_base': '/home/carsten/ros2_test_ws/build/cpp_pubsub', 'catkin_cmake_args': None, 'catkin_skip_building_tests': False, 'cmake_args': None, 'cmake_clean_cache': False, 'cmake_clean_first': False, 'cmake_force_configure': False, 'cmake_target': None, 'cmake_target_skip_unavailable': False, 'install_base': '/home/carsten/ros2_test_ws/install/cpp_pubsub', 'merge_install': False, 'path': '/home/carsten/ros2_test_ws/src/cpp_pubsub', 'symlink_install': False, 'test_result_base': None}
[0.281s] Level 5:colcon.colcon_core.verb:set package 'cv_basics' build argument 'cmake_args' from command line to 'None'
[0.281s] Level 5:colcon.colcon_core.verb:set package 'cv_basics' build argument 'cmake_target' from command line to 'None'
[0.281s] Level 5:colcon.colcon_core.verb:set package 'cv_basics' build argument 'cmake_target_skip_unavailable' from command line to 'False'
[0.281s] Level 5:colcon.colcon_core.verb:set package 'cv_basics' build argument 'cmake_clean_cache' from command line to 'False'
[0.281s] Level 5:colcon.colcon_core.verb:set package 'cv_basics' build argument 'cmake_clean_first' from command line to 'False'
[0.281s] Level 5:colcon.colcon_core.verb:set package 'cv_basics' build argument 'cmake_force_configure' from command line to 'False'
[0.281s] Level 5:colcon.colcon_core.verb:set package 'cv_basics' build argument 'ament_cmake_args' from command line to 'None'
[0.281s] Level 5:colcon.colcon_core.verb:set package 'cv_basics' build argument 'catkin_cmake_args' from command line to 'None'
[0.281s] Level 5:colcon.colcon_core.verb:set package 'cv_basics' build argument 'catkin_skip_building_tests' from command line to 'False'
[0.281s] DEBUG:colcon.colcon_core.verb:Building package 'cv_basics' with the following arguments: {'ament_cmake_args': None, 'build_base': '/home/carsten/ros2_test_ws/build/cv_basics', 'catkin_cmake_args': None, 'catkin_skip_building_tests': False, 'cmake_args': None, 'cmake_clean_cache': False, 'cmake_clean_first': False, 'cmake_force_configure': False, 'cmake_target': None, 'cmake_target_skip_unavailable': False, 'install_base': '/home/carsten/ros2_test_ws/install/cv_basics', 'merge_install': False, 'path': '/home/carsten/ros2_test_ws/src/cv_basics', 'symlink_install': False, 'test_result_base': None}
[0.282s] Level 5:colcon.colcon_core.verb:set package 'py_pubsub' build argument 'cmake_args' from command line to 'None'
[0.282s] Level 5:colcon.colcon_core.verb:set package 'py_pubsub' build argument 'cmake_target' from command line to 'None'
[0.282s] Level 5:colcon.colcon_core.verb:set package 'py_pubsub' build argument 'cmake_target_skip_unavailable' from command line to 'False'
[0.282s] Level 5:colcon.colcon_core.verb:set package 'py_pubsub' build argument 'cmake_clean_cache' from command line to 'False'
[0.282s] Level 5:colcon.colcon_core.verb:set package 'py_pubsub' build argument 'cmake_clean_first' from command line to 'False'
[0.282s] Level 5:colcon.colcon_core.verb:set package 'py_pubsub' build argument 'cmake_force_configure' from command line to 'False'
[0.282s] Level 5:colcon.colcon_core.verb:set package 'py_pubsub' build argument 'ament_cmake_args' from command line to 'None'
[0.282s] Level 5:colcon.colcon_core.verb:set package 'py_pubsub' build argument 'catkin_cmake_args' from command line to 'None'
[0.282s] Level 5:colcon.colcon_core.verb:set package 'py_pubsub' build argument 'catkin_skip_building_tests' from command line to 'False'
[0.282s] DEBUG:colcon.colcon_core.verb:Building package 'py_pubsub' with the following arguments: {'ament_cmake_args': None, 'build_base': '/home/carsten/ros2_test_ws/build/py_pubsub', 'catkin_cmake_args': None, 'catkin_skip_building_tests': False, 'cmake_args': None, 'cmake_clean_cache': False, 'cmake_clean_first': False, 'cmake_force_configure': False, 'cmake_target': None, 'cmake_target_skip_unavailable': False, 'install_base': '/home/carsten/ros2_test_ws/install/py_pubsub', 'merge_install': False, 'path': '/home/carsten/ros2_test_ws/src/py_pubsub', 'symlink_install': False, 'test_result_base': None}
[0.283s] INFO:colcon.colcon_core.executor:Executing jobs using 'parallel' executor
[0.288s] DEBUG:colcon.colcon_parallel_executor.executor.parallel:run_until_complete
[0.288s] INFO:colcon.colcon_ros.task.ament_cmake.build:Building ROS package in '/home/carsten/ros2_test_ws/src/cpp_pubsub' with build type 'ament_cmake'
[0.288s] INFO:colcon.colcon_cmake.task.cmake.build:Building CMake package in '/home/carsten/ros2_test_ws/src/cpp_pubsub'
[0.298s] INFO:colcon.colcon_core.plugin_system:Skipping extension 'colcon_core.shell.bat': Not used on non-Windows systems
[0.301s] INFO:colcon.colcon_core.shell:Skip shell extension 'powershell' for command environment: Not usable outside of PowerShell
[0.301s] DEBUG:colcon.colcon_core.shell:Skip shell extension 'dsv' for command environment
[0.327s] INFO:colcon.colcon_ros.task.ament_python.build:Building ROS package in '/home/carsten/ros2_test_ws/src/cv_basics' with build type 'ament_python'
[0.328s] Level 1:colcon.colcon_core.shell:create_environment_hook('cv_basics', 'ament_prefix_path')
[0.333s] INFO:colcon.colcon_core.shell:Creating environment hook '/home/carsten/ros2_test_ws/install/cv_basics/share/cv_basics/hook/ament_prefix_path.ps1'
[0.334s] INFO:colcon.colcon_core.shell:Creating environment descriptor '/home/carsten/ros2_test_ws/install/cv_basics/share/cv_basics/hook/ament_prefix_path.dsv'
[0.335s] INFO:colcon.colcon_core.shell:Creating environment hook '/home/carsten/ros2_test_ws/install/cv_basics/share/cv_basics/hook/ament_prefix_path.sh'
[0.338s] INFO:colcon.colcon_core.shell:Skip shell extension 'powershell' for command environment: Not usable outside of PowerShell
[0.339s] DEBUG:colcon.colcon_core.shell:Skip shell extension 'dsv' for command environment
[0.345s] INFO:colcon.colcon_ros.task.ament_python.build:Building ROS package in '/home/carsten/ros2_test_ws/src/py_pubsub' with build type 'ament_python'
[0.346s] Level 1:colcon.colcon_core.shell:create_environment_hook('py_pubsub', 'ament_prefix_path')
[0.348s] INFO:colcon.colcon_core.shell:Creating environment hook '/home/carsten/ros2_test_ws/install/py_pubsub/share/py_pubsub/hook/ament_prefix_path.ps1'
[0.349s] INFO:colcon.colcon_core.shell:Creating environment descriptor '/home/carsten/ros2_test_ws/install/py_pubsub/share/py_pubsub/hook/ament_prefix_path.dsv'
[0.350s] INFO:colcon.colcon_core.shell:Creating environment hook '/home/carsten/ros2_test_ws/install/py_pubsub/share/py_pubsub/hook/ament_prefix_path.sh'
[0.352s] INFO:colcon.colcon_core.shell:Skip shell extension 'powershell' for command environment: Not usable outside of PowerShell
[0.352s] DEBUG:colcon.colcon_core.shell:Skip shell extension 'dsv' for command environment
[0.397s] DEBUG:colcon.colcon_core.event_handler.log_command:Invoking command in '/home/carsten/ros2_test_ws/build/cpp_pubsub': CMAKE_PREFIX_PATH=/opt/ros/foxy /usr/bin/cmake --build /home/carsten/ros2_test_ws/build/cpp_pubsub -- -j8 -l8
[0.952s] INFO:colcon.colcon_core.task.python.build:Building Python package in '/home/carsten/ros2_test_ws/src/cv_basics'
[0.956s] INFO:colcon.colcon_core.shell:Skip shell extension 'powershell' for command environment: Not usable outside of PowerShell
[0.956s] DEBUG:colcon.colcon_core.shell:Skip shell extension 'dsv' for command environment
[1.559s] INFO:colcon.colcon_core.task.python.build:Building Python package in '/home/carsten/ros2_test_ws/src/py_pubsub'
[1.562s] INFO:colcon.colcon_core.shell:Skip shell extension 'powershell' for command environment: Not usable outside of PowerShell
[1.563s] DEBUG:colcon.colcon_core.shell:Skip shell extension 'dsv' for command environment
[1.576s] DEBUG:colcon.colcon_core.event_handler.log_command:Invoked command in '/home/carsten/ros2_test_ws/build/cpp_pubsub' returned '0': CMAKE_PREFIX_PATH=/opt/ros/foxy /usr/bin/cmake --build /home/carsten/ros2_test_ws/build/cpp_pubsub -- -j8 -l8
[1.720s] DEBUG:colcon.colcon_core.event_handler.log_command:Invoking command in '/home/carsten/ros2_test_ws/build/cpp_pubsub': CMAKE_PREFIX_PATH=/opt/ros/foxy /usr/bin/cmake --install /home/carsten/ros2_test_ws/build/cpp_pubsub
[1.748s] Level 1:colcon.colcon_core.environment:create_environment_scripts_only(cpp_pubsub)
[1.755s] DEBUG:colcon.colcon_core.event_handler.log_command:Invoked command in '/home/carsten/ros2_test_ws/build/cpp_pubsub' returned '0': CMAKE_PREFIX_PATH=/opt/ros/foxy /usr/bin/cmake --install /home/carsten/ros2_test_ws/build/cpp_pubsub
[1.776s] Level 1:colcon.colcon_core.environment:checking '/home/carsten/ros2_test_ws/install/cpp_pubsub' for CMake module files
[1.777s] Level 1:colcon.colcon_core.environment:checking '/home/carsten/ros2_test_ws/install/cpp_pubsub' for CMake config files
[1.777s] Level 1:colcon.colcon_core.shell:create_environment_hook('cpp_pubsub', 'cmake_prefix_path')
[1.780s] INFO:colcon.colcon_core.shell:Creating environment hook '/home/carsten/ros2_test_ws/install/cpp_pubsub/share/cpp_pubsub/hook/cmake_prefix_path.ps1'
[1.781s] INFO:colcon.colcon_core.shell:Creating environment descriptor '/home/carsten/ros2_test_ws/install/cpp_pubsub/share/cpp_pubsub/hook/cmake_prefix_path.dsv'
[1.782s] INFO:colcon.colcon_core.shell:Creating environment hook '/home/carsten/ros2_test_ws/install/cpp_pubsub/share/cpp_pubsub/hook/cmake_prefix_path.sh'
[1.783s] Level 1:colcon.colcon_core.environment:checking '/home/carsten/ros2_test_ws/install/cpp_pubsub/bin'
[1.783s] Level 1:colcon.colcon_core.environment:checking '/home/carsten/ros2_test_ws/install/cpp_pubsub/lib/pkgconfig/cpp_pubsub.pc'
[1.783s] Level 1:colcon.colcon_core.environment:checking '/home/carsten/ros2_test_ws/install/cpp_pubsub/lib/python3.8/site-packages'
[1.784s] Level 1:colcon.colcon_core.environment:checking '/home/carsten/ros2_test_ws/install/cpp_pubsub/bin'
[1.787s] INFO:colcon.colcon_core.shell:Creating package script '/home/carsten/ros2_test_ws/install/cpp_pubsub/share/cpp_pubsub/package.ps1'
[1.788s] INFO:colcon.colcon_core.shell:Creating package descriptor '/home/carsten/ros2_test_ws/install/cpp_pubsub/share/cpp_pubsub/package.dsv'
[1.789s] INFO:colcon.colcon_core.shell:Creating package script '/home/carsten/ros2_test_ws/install/cpp_pubsub/share/cpp_pubsub/package.sh'
[1.791s] INFO:colcon.colcon_core.shell:Creating package script '/home/carsten/ros2_test_ws/install/cpp_pubsub/share/cpp_pubsub/package.bash'
[1.793s] INFO:colcon.colcon_core.shell:Creating package script '/home/carsten/ros2_test_ws/install/cpp_pubsub/share/cpp_pubsub/package.zsh'
[1.794s] Level 1:colcon.colcon_core.environment:create_file_with_runtime_dependencies(/home/carsten/ros2_test_ws/install/cpp_pubsub/share/colcon-core/packages/cpp_pubsub)
[1.881s] Level 1:colcon.colcon_core.environment:create_environment_scripts_only(cpp_pubsub)
[1.886s] Level 1:colcon.colcon_core.environment:checking '/home/carsten/ros2_test_ws/install/cpp_pubsub' for CMake module files
[1.887s] Level 1:colcon.colcon_core.environment:checking '/home/carsten/ros2_test_ws/install/cpp_pubsub' for CMake config files
[1.888s] Level 1:colcon.colcon_core.shell:create_environment_hook('cpp_pubsub', 'cmake_prefix_path')
[1.891s] INFO:colcon.colcon_core.shell:Creating environment hook '/home/carsten/ros2_test_ws/install/cpp_pubsub/share/cpp_pubsub/hook/cmake_prefix_path.ps1'
[1.892s] INFO:colcon.colcon_core.shell:Creating environment descriptor '/home/carsten/ros2_test_ws/install/cpp_pubsub/share/cpp_pubsub/hook/cmake_prefix_path.dsv'
[1.892s] INFO:colcon.colcon_core.shell:Creating environment hook '/home/carsten/ros2_test_ws/install/cpp_pubsub/share/cpp_pubsub/hook/cmake_prefix_path.sh'
[1.893s] Level 1:colcon.colcon_core.environment:checking '/home/carsten/ros2_test_ws/install/cpp_pubsub/bin'
[1.893s] Level 1:colcon.colcon_core.environment:checking '/home/carsten/ros2_test_ws/install/cpp_pubsub/lib/pkgconfig/cpp_pubsub.pc'
[1.894s] Level 1:colcon.colcon_core.environment:checking '/home/carsten/ros2_test_ws/install/cpp_pubsub/lib/python3.8/site-packages'
[1.894s] Level 1:colcon.colcon_core.environment:checking '/home/carsten/ros2_test_ws/install/cpp_pubsub/bin'
[1.912s] INFO:colcon.colcon_core.shell:Creating package script '/home/carsten/ros2_test_ws/install/cpp_pubsub/share/cpp_pubsub/package.ps1'
[1.916s] INFO:colcon.colcon_core.shell:Creating package descriptor '/home/carsten/ros2_test_ws/install/cpp_pubsub/share/cpp_pubsub/package.dsv'
[1.919s] INFO:colcon.colcon_core.shell:Creating package script '/home/carsten/ros2_test_ws/install/cpp_pubsub/share/cpp_pubsub/package.sh'
[1.921s] INFO:colcon.colcon_core.shell:Creating package script '/home/carsten/ros2_test_ws/install/cpp_pubsub/share/cpp_pubsub/package.bash'
[1.923s] INFO:colcon.colcon_core.shell:Creating package script '/home/carsten/ros2_test_ws/install/cpp_pubsub/share/cpp_pubsub/package.zsh'
[1.924s] Level 1:colcon.colcon_core.environment:create_file_with_runtime_dependencies(/home/carsten/ros2_test_ws/install/cpp_pubsub/share/colcon-core/packages/cpp_pubsub)
[2.821s] DEBUG:colcon.colcon_core.event_handler.log_command:Invoking command in '/home/carsten/ros2_test_ws/src/cv_basics': PYTHONPATH=/home/carsten/ros2_test_ws/install/cv_basics/lib/python3.8/site-packages:${PYTHONPATH} /usr/bin/python3 setup.py egg_info --egg-base ../../build/cv_basics build --build-base /home/carsten/ros2_test_ws/build/cv_basics/build install --prefix /home/carsten/ros2_test_ws/install/cv_basics --record /home/carsten/ros2_test_ws/build/cv_basics/install.log --single-version-externally-managed
[2.826s] DEBUG:colcon.colcon_core.event_handler.log_command:Invoking command in '/home/carsten/ros2_test_ws/src/py_pubsub': PYTHONPATH=/home/carsten/ros2_test_ws/install/py_pubsub/lib/python3.8/site-packages:${PYTHONPATH} /usr/bin/python3 setup.py egg_info --egg-base ../../build/py_pubsub build --build-base /home/carsten/ros2_test_ws/build/py_pubsub/build install --prefix /home/carsten/ros2_test_ws/install/py_pubsub --record /home/carsten/ros2_test_ws/build/py_pubsub/install.log --single-version-externally-managed
[3.600s] Level 1:colcon.colcon_core.environment:checking '/home/carsten/ros2_test_ws/install/cv_basics' for CMake module files
[3.601s] DEBUG:colcon.colcon_core.event_handler.log_command:Invoked command in '/home/carsten/ros2_test_ws/src/cv_basics' returned '0': PYTHONPATH=/home/carsten/ros2_test_ws/install/cv_basics/lib/python3.8/site-packages:${PYTHONPATH} /usr/bin/python3 setup.py egg_info --egg-base ../../build/cv_basics build --build-base /home/carsten/ros2_test_ws/build/cv_basics/build install --prefix /home/carsten/ros2_test_ws/install/cv_basics --record /home/carsten/ros2_test_ws/build/cv_basics/install.log --single-version-externally-managed
[3.602s] Level 1:colcon.colcon_core.environment:checking '/home/carsten/ros2_test_ws/install/cv_basics' for CMake config files
[3.604s] Level 1:colcon.colcon_core.environment:checking '/home/carsten/ros2_test_ws/install/cv_basics/lib'
[3.605s] Level 1:colcon.colcon_core.environment:checking '/home/carsten/ros2_test_ws/install/cv_basics/bin'
[3.605s] Level 1:colcon.colcon_core.environment:checking '/home/carsten/ros2_test_ws/install/cv_basics/lib/pkgconfig/cv_basics.pc'
[3.605s] Level 1:colcon.colcon_core.environment:checking '/home/carsten/ros2_test_ws/install/cv_basics/lib/python3.8/site-packages'
[3.606s] Level 1:colcon.colcon_core.shell:create_environment_hook('cv_basics', 'pythonpath')
[3.609s] INFO:colcon.colcon_core.shell:Creating environment hook '/home/carsten/ros2_test_ws/install/cv_basics/share/cv_basics/hook/pythonpath.ps1'
[3.609s] INFO:colcon.colcon_core.shell:Creating environment descriptor '/home/carsten/ros2_test_ws/install/cv_basics/share/cv_basics/hook/pythonpath.dsv'
[3.610s] INFO:colcon.colcon_core.shell:Creating environment hook '/home/carsten/ros2_test_ws/install/cv_basics/share/cv_basics/hook/pythonpath.sh'
[3.611s] Level 1:colcon.colcon_core.environment:checking '/home/carsten/ros2_test_ws/install/cv_basics/bin'
[3.611s] Level 1:colcon.colcon_core.environment:create_environment_scripts_only(cv_basics)
[3.614s] INFO:colcon.colcon_core.shell:Creating package script '/home/carsten/ros2_test_ws/install/cv_basics/share/cv_basics/package.ps1'
[3.615s] INFO:colcon.colcon_core.shell:Creating package descriptor '/home/carsten/ros2_test_ws/install/cv_basics/share/cv_basics/package.dsv'
[3.615s] INFO:colcon.colcon_core.shell:Creating package script '/home/carsten/ros2_test_ws/install/cv_basics/share/cv_basics/package.sh'
[3.616s] INFO:colcon.colcon_core.shell:Creating package script '/home/carsten/ros2_test_ws/install/cv_basics/share/cv_basics/package.bash'
[3.616s] INFO:colcon.colcon_core.shell:Creating package script '/home/carsten/ros2_test_ws/install/cv_basics/share/cv_basics/package.zsh'
[3.617s] Level 1:colcon.colcon_core.environment:create_file_with_runtime_dependencies(/home/carsten/ros2_test_ws/install/cv_basics/share/colcon-core/packages/cv_basics)
[3.625s] Level 1:colcon.colcon_core.environment:checking '/home/carsten/ros2_test_ws/install/py_pubsub' for CMake module files
[3.626s] DEBUG:colcon.colcon_core.event_handler.log_command:Invoked command in '/home/carsten/ros2_test_ws/src/py_pubsub' returned '0': PYTHONPATH=/home/carsten/ros2_test_ws/install/py_pubsub/lib/python3.8/site-packages:${PYTHONPATH} /usr/bin/python3 setup.py egg_info --egg-base ../../build/py_pubsub build --build-base /home/carsten/ros2_test_ws/build/py_pubsub/build install --prefix /home/carsten/ros2_test_ws/install/py_pubsub --record /home/carsten/ros2_test_ws/build/py_pubsub/install.log --single-version-externally-managed
[3.627s] Level 1:colcon.colcon_core.environment:checking '/home/carsten/ros2_test_ws/install/py_pubsub' for CMake config files
[3.628s] Level 1:colcon.colcon_core.environment:checking '/home/carsten/ros2_test_ws/install/py_pubsub/lib'
[3.628s] Level 1:colcon.colcon_core.environment:checking '/home/carsten/ros2_test_ws/install/py_pubsub/bin'
[3.628s] Level 1:colcon.colcon_core.environment:checking '/home/carsten/ros2_test_ws/install/py_pubsub/lib/pkgconfig/py_pubsub.pc'
[3.629s] Level 1:colcon.colcon_core.environment:checking '/home/carsten/ros2_test_ws/install/py_pubsub/lib/python3.8/site-packages'
[3.629s] Level 1:colcon.colcon_core.shell:create_environment_hook('py_pubsub', 'pythonpath')
[3.631s] INFO:colcon.colcon_core.shell:Creating environment hook '/home/carsten/ros2_test_ws/install/py_pubsub/share/py_pubsub/hook/pythonpath.ps1'
[3.632s] INFO:colcon.colcon_core.shell:Creating environment descriptor '/home/carsten/ros2_test_ws/install/py_pubsub/share/py_pubsub/hook/pythonpath.dsv'
[3.632s] INFO:colcon.colcon_core.shell:Creating environment hook '/home/carsten/ros2_test_ws/install/py_pubsub/share/py_pubsub/hook/pythonpath.sh'
[3.633s] Level 1:colcon.colcon_core.environment:checking '/home/carsten/ros2_test_ws/install/py_pubsub/bin'
[3.633s] Level 1:colcon.colcon_core.environment:create_environment_scripts_only(py_pubsub)
[3.636s] INFO:colcon.colcon_core.shell:Creating package script '/home/carsten/ros2_test_ws/install/py_pubsub/share/py_pubsub/package.ps1'
[3.636s] INFO:colcon.colcon_core.shell:Creating package descriptor '/home/carsten/ros2_test_ws/install/py_pubsub/share/py_pubsub/package.dsv'
[3.637s] INFO:colcon.colcon_core.shell:Creating package script '/home/carsten/ros2_test_ws/install/py_pubsub/share/py_pubsub/package.sh'
[3.638s] INFO:colcon.colcon_core.shell:Creating package script '/home/carsten/ros2_test_ws/install/py_pubsub/share/py_pubsub/package.bash'
[3.638s] INFO:colcon.colcon_core.shell:Creating package script '/home/carsten/ros2_test_ws/install/py_pubsub/share/py_pubsub/package.zsh'
[3.638s] Level 1:colcon.colcon_core.environment:create_file_with_runtime_dependencies(/home/carsten/ros2_test_ws/install/py_pubsub/share/colcon-core/packages/py_pubsub)
[3.639s] DEBUG:colcon.colcon_parallel_executor.executor.parallel:closing loop
[3.640s] DEBUG:colcon.colcon_parallel_executor.executor.parallel:loop closed
[3.640s] DEBUG:colcon.colcon_parallel_executor.executor.parallel:run_until_complete finished with '0'
[3.640s] DEBUG:colcon.colcon_core.event_reactor:joining thread
[3.673s] INFO:colcon.colcon_core.plugin_system:Skipping extension 'colcon_notification.desktop_notification.terminal_notifier': Not used on non-Darwin systems
[3.674s] INFO:colcon.colcon_core.plugin_system:Skipping extension 'colcon_notification.desktop_notification.win32': Not used on non-Windows systems
[3.674s] INFO:colcon.colcon_notification.desktop_notification:Sending desktop notification using 'notify2'
[3.753s] DEBUG:colcon.colcon_core.event_reactor:joined thread
[3.757s] INFO:colcon.colcon_core.shell:Creating prefix script '/home/carsten/ros2_test_ws/install/local_setup.ps1'
[3.759s] INFO:colcon.colcon_core.shell:Creating prefix util module '/home/carsten/ros2_test_ws/install/_local_setup_util_ps1.py'
[3.763s] INFO:colcon.colcon_core.shell:Creating prefix chain script '/home/carsten/ros2_test_ws/install/setup.ps1'
[3.765s] INFO:colcon.colcon_core.shell:Creating prefix script '/home/carsten/ros2_test_ws/install/local_setup.sh'
[3.767s] INFO:colcon.colcon_core.shell:Creating prefix util module '/home/carsten/ros2_test_ws/install/_local_setup_util_sh.py'
[3.767s] INFO:colcon.colcon_core.shell:Creating prefix chain script '/home/carsten/ros2_test_ws/install/setup.sh'
[3.771s] INFO:colcon.colcon_core.shell:Creating prefix script '/home/carsten/ros2_test_ws/install/local_setup.bash'
[3.773s] INFO:colcon.colcon_core.shell:Creating prefix chain script '/home/carsten/ros2_test_ws/install/setup.bash'
[3.776s] INFO:colcon.colcon_core.shell:Creating prefix script '/home/carsten/ros2_test_ws/install/local_setup.zsh'
[3.777s] INFO:colcon.colcon_core.shell:Creating prefix chain script '/home/carsten/ros2_test_ws/install/setup.zsh'
