[1.048s] Invoking command in '/home/carsten/ros2_test_ws/src/cv_basics': PYTHONPATH=/home/carsten/ros2_test_ws/install/cv_basics/lib/python3.8/site-packages:${PYTHONPATH} /usr/bin/python3 setup.py egg_info --egg-base ../../build/cv_basics build --build-base /home/carsten/ros2_test_ws/build/cv_basics/build install --prefix /home/carsten/ros2_test_ws/install/cv_basics --record /home/carsten/ros2_test_ws/build/cv_basics/install.log --single-version-externally-managed
[1.380s] running egg_info
[1.381s] writing ../../build/cv_basics/cv_basics.egg-info/PKG-INFO
[1.381s] writing dependency_links to ../../build/cv_basics/cv_basics.egg-info/dependency_links.txt
[1.382s] writing entry points to ../../build/cv_basics/cv_basics.egg-info/entry_points.txt
[1.383s] writing requirements to ../../build/cv_basics/cv_basics.egg-info/requires.txt
[1.383s] writing top-level names to ../../build/cv_basics/cv_basics.egg-info/top_level.txt
[1.426s] reading manifest file '../../build/cv_basics/cv_basics.egg-info/SOURCES.txt'
[1.427s] writing manifest file '../../build/cv_basics/cv_basics.egg-info/SOURCES.txt'
[1.427s] running build
[1.427s] running build_py
[1.428s] copying cv_basics/webcam_pub.py -> /home/carsten/ros2_test_ws/build/cv_basics/build/lib/cv_basics
[1.428s] running install
[1.429s] running install_lib
[1.431s] copying /home/carsten/ros2_test_ws/build/cv_basics/build/lib/cv_basics/webcam_pub.py -> /home/carsten/ros2_test_ws/install/cv_basics/lib/python3.8/site-packages/cv_basics
[1.432s] byte-compiling /home/carsten/ros2_test_ws/install/cv_basics/lib/python3.8/site-packages/cv_basics/webcam_pub.py to webcam_pub.cpython-38.pyc
[1.435s] running install_data
[1.436s] running install_egg_info
[1.439s] removing '/home/carsten/ros2_test_ws/install/cv_basics/lib/python3.8/site-packages/cv_basics-0.0.0-py3.8.egg-info' (and everything under it)
[1.440s] Copying ../../build/cv_basics/cv_basics.egg-info to /home/carsten/ros2_test_ws/install/cv_basics/lib/python3.8/site-packages/cv_basics-0.0.0-py3.8.egg-info
[1.441s] running install_scripts
[1.463s] Installing img_publisher script to /home/carsten/ros2_test_ws/install/cv_basics/lib/cv_basics
[1.467s] Installing img_subscriber script to /home/carsten/ros2_test_ws/install/cv_basics/lib/cv_basics
[1.468s] writing list of installed files to '/home/carsten/ros2_test_ws/build/cv_basics/install.log'
[1.505s] Invoked command in '/home/carsten/ros2_test_ws/src/cv_basics' returned '0': PYTHONPATH=/home/carsten/ros2_test_ws/install/cv_basics/lib/python3.8/site-packages:${PYTHONPATH} /usr/bin/python3 setup.py egg_info --egg-base ../../build/cv_basics build --build-base /home/carsten/ros2_test_ws/build/cv_basics/build install --prefix /home/carsten/ros2_test_ws/install/cv_basics --record /home/carsten/ros2_test_ws/build/cv_basics/install.log --single-version-externally-managed
