/home/carsten/ros2_test_ws/install/cv_basics/lib/python3.8/site-packages/cv_basics/show_center_depth.py
/home/carsten/ros2_test_ws/install/cv_basics/lib/python3.8/site-packages/cv_basics/realsense_depth.py
/home/carsten/ros2_test_ws/install/cv_basics/lib/python3.8/site-packages/cv_basics/depth-sub.py
/home/carsten/ros2_test_ws/install/cv_basics/lib/python3.8/site-packages/cv_basics/__init__.py
/home/carsten/ros2_test_ws/install/cv_basics/lib/python3.8/site-packages/cv_basics/webcam_sub.py
/home/carsten/ros2_test_ws/install/cv_basics/lib/python3.8/site-packages/cv_basics/webcam_pub.py
/home/carsten/ros2_test_ws/install/cv_basics/lib/python3.8/site-packages/cv_basics/__pycache__/show_center_depth.cpython-38.pyc
/home/carsten/ros2_test_ws/install/cv_basics/lib/python3.8/site-packages/cv_basics/__pycache__/realsense_depth.cpython-38.pyc
/home/carsten/ros2_test_ws/install/cv_basics/lib/python3.8/site-packages/cv_basics/__pycache__/depth-sub.cpython-38.pyc
/home/carsten/ros2_test_ws/install/cv_basics/lib/python3.8/site-packages/cv_basics/__pycache__/__init__.cpython-38.pyc
/home/carsten/ros2_test_ws/install/cv_basics/lib/python3.8/site-packages/cv_basics/__pycache__/webcam_sub.cpython-38.pyc
/home/carsten/ros2_test_ws/install/cv_basics/lib/python3.8/site-packages/cv_basics/__pycache__/webcam_pub.cpython-38.pyc
/home/carsten/ros2_test_ws/install/cv_basics/share/ament_index/resource_index/packages/cv_basics
/home/carsten/ros2_test_ws/install/cv_basics/share/cv_basics/package.xml
/home/carsten/ros2_test_ws/install/cv_basics/lib/python3.8/site-packages/cv_basics-0.0.0-py3.8.egg-info/dependency_links.txt
/home/carsten/ros2_test_ws/install/cv_basics/lib/python3.8/site-packages/cv_basics-0.0.0-py3.8.egg-info/entry_points.txt
/home/carsten/ros2_test_ws/install/cv_basics/lib/python3.8/site-packages/cv_basics-0.0.0-py3.8.egg-info/top_level.txt
/home/carsten/ros2_test_ws/install/cv_basics/lib/python3.8/site-packages/cv_basics-0.0.0-py3.8.egg-info/requires.txt
/home/carsten/ros2_test_ws/install/cv_basics/lib/python3.8/site-packages/cv_basics-0.0.0-py3.8.egg-info/SOURCES.txt
/home/carsten/ros2_test_ws/install/cv_basics/lib/python3.8/site-packages/cv_basics-0.0.0-py3.8.egg-info/PKG-INFO
/home/carsten/ros2_test_ws/install/cv_basics/lib/python3.8/site-packages/cv_basics-0.0.0-py3.8.egg-info/zip-safe
/home/carsten/ros2_test_ws/install/cv_basics/lib/cv_basics/img_publisher
/home/carsten/ros2_test_ws/install/cv_basics/lib/cv_basics/img_subscriber
/home/carsten/ros2_test_ws/install/cv_basics/lib/cv_basics/show_center_depth
