[0.107s] Invoking command in '/home/carsten/ros2_test_ws/build/cpp_pubsub': CMAKE_PREFIX_PATH=/opt/ros/foxy /usr/bin/cmake --build /home/carsten/ros2_test_ws/build/cpp_pubsub -- -j8 -l8
[1.285s] Invoked command in '/home/carsten/ros2_test_ws/build/cpp_pubsub' returned '0': CMAKE_PREFIX_PATH=/opt/ros/foxy /usr/bin/cmake --build /home/carsten/ros2_test_ws/build/cpp_pubsub -- -j8 -l8
[1.430s] Invoking command in '/home/carsten/ros2_test_ws/build/cpp_pubsub': CMAKE_PREFIX_PATH=/opt/ros/foxy /usr/bin/cmake --install /home/carsten/ros2_test_ws/build/cpp_pubsub
[1.448s] -- Install configuration: ""
[1.449s] -- Up-to-date: /home/carsten/ros2_test_ws/install/cpp_pubsub/share/ament_index/resource_index/package_run_dependencies/cpp_pubsub
[1.449s] -- Up-to-date: /home/carsten/ros2_test_ws/install/cpp_pubsub/share/ament_index/resource_index/parent_prefix_path/cpp_pubsub
[1.449s] -- Up-to-date: /home/carsten/ros2_test_ws/install/cpp_pubsub/share/cpp_pubsub/environment/ament_prefix_path.sh
[1.449s] -- Up-to-date: /home/carsten/ros2_test_ws/install/cpp_pubsub/share/cpp_pubsub/environment/ament_prefix_path.dsv
[1.450s] -- Up-to-date: /home/carsten/ros2_test_ws/install/cpp_pubsub/share/cpp_pubsub/environment/path.sh
[1.450s] -- Up-to-date: /home/carsten/ros2_test_ws/install/cpp_pubsub/share/cpp_pubsub/environment/path.dsv
[1.450s] -- Up-to-date: /home/carsten/ros2_test_ws/install/cpp_pubsub/share/cpp_pubsub/local_setup.bash
[1.450s] -- Up-to-date: /home/carsten/ros2_test_ws/install/cpp_pubsub/share/cpp_pubsub/local_setup.sh
[1.451s] -- Up-to-date: /home/carsten/ros2_test_ws/install/cpp_pubsub/share/cpp_pubsub/local_setup.zsh
[1.455s] -- Up-to-date: /home/carsten/ros2_test_ws/install/cpp_pubsub/share/cpp_pubsub/local_setup.dsv
[1.455s] -- Installing: /home/carsten/ros2_test_ws/install/cpp_pubsub/share/cpp_pubsub/package.dsv
[1.455s] -- Up-to-date: /home/carsten/ros2_test_ws/install/cpp_pubsub/share/ament_index/resource_index/packages/cpp_pubsub
[1.455s] -- Up-to-date: /home/carsten/ros2_test_ws/install/cpp_pubsub/share/cpp_pubsub/cmake/cpp_pubsubConfig.cmake
[1.455s] -- Up-to-date: /home/carsten/ros2_test_ws/install/cpp_pubsub/share/cpp_pubsub/cmake/cpp_pubsubConfig-version.cmake
[1.456s] -- Up-to-date: /home/carsten/ros2_test_ws/install/cpp_pubsub/share/cpp_pubsub/package.xml
[1.465s] Invoked command in '/home/carsten/ros2_test_ws/build/cpp_pubsub' returned '0': CMAKE_PREFIX_PATH=/opt/ros/foxy /usr/bin/cmake --install /home/carsten/ros2_test_ws/build/cpp_pubsub
