[0.681s] Invoking command in '/home/carsten/ros2_test_ws/src/cv_basics': PYTHONPATH=/home/carsten/ros2_test_ws/install/cv_basics/lib/python3.8/site-packages:${PYTHONPATH} /usr/bin/python3 setup.py egg_info --egg-base ../../build/cv_basics build --build-base /home/carsten/ros2_test_ws/build/cv_basics/build install --prefix /home/carsten/ros2_test_ws/install/cv_basics --record /home/carsten/ros2_test_ws/build/cv_basics/install.log --single-version-externally-managed
[0.917s] running egg_info
[0.917s] writing ../../build/cv_basics/cv_basics.egg-info/PKG-INFO
[0.918s] writing dependency_links to ../../build/cv_basics/cv_basics.egg-info/dependency_links.txt
[0.919s] writing entry points to ../../build/cv_basics/cv_basics.egg-info/entry_points.txt
[0.919s] writing requirements to ../../build/cv_basics/cv_basics.egg-info/requires.txt
[0.919s] writing top-level names to ../../build/cv_basics/cv_basics.egg-info/top_level.txt
[0.953s] reading manifest file '../../build/cv_basics/cv_basics.egg-info/SOURCES.txt'
[0.954s] writing manifest file '../../build/cv_basics/cv_basics.egg-info/SOURCES.txt'
[0.954s] running build
[0.954s] running build_py
[0.954s] copying cv_basics/webcam_sub.py -> /home/carsten/ros2_test_ws/build/cv_basics/build/lib/cv_basics
[0.955s] running install
[0.955s] running install_lib
[0.956s] copying /home/carsten/ros2_test_ws/build/cv_basics/build/lib/cv_basics/webcam_sub.py -> /home/carsten/ros2_test_ws/install/cv_basics/lib/python3.8/site-packages/cv_basics
[0.957s] byte-compiling /home/carsten/ros2_test_ws/install/cv_basics/lib/python3.8/site-packages/cv_basics/webcam_sub.py to webcam_sub.cpython-38.pyc
[0.958s] running install_data
[0.959s] running install_egg_info
[0.960s] removing '/home/carsten/ros2_test_ws/install/cv_basics/lib/python3.8/site-packages/cv_basics-0.0.0-py3.8.egg-info' (and everything under it)
[0.961s] Copying ../../build/cv_basics/cv_basics.egg-info to /home/carsten/ros2_test_ws/install/cv_basics/lib/python3.8/site-packages/cv_basics-0.0.0-py3.8.egg-info
[0.962s] running install_scripts
[0.984s] Installing img_publisher script to /home/carsten/ros2_test_ws/install/cv_basics/lib/cv_basics
[0.985s] Installing img_subscriber script to /home/carsten/ros2_test_ws/install/cv_basics/lib/cv_basics
[0.985s] writing list of installed files to '/home/carsten/ros2_test_ws/build/cv_basics/install.log'
[1.004s] Invoked command in '/home/carsten/ros2_test_ws/src/cv_basics' returned '0': PYTHONPATH=/home/carsten/ros2_test_ws/install/cv_basics/lib/python3.8/site-packages:${PYTHONPATH} /usr/bin/python3 setup.py egg_info --egg-base ../../build/cv_basics build --build-base /home/carsten/ros2_test_ws/build/cv_basics/build install --prefix /home/carsten/ros2_test_ws/install/cv_basics --record /home/carsten/ros2_test_ws/build/cv_basics/install.log --single-version-externally-managed
