[0.679s] Invoking command in '/home/carsten/ros2_test_ws/src/cv_basics': PYTHONPATH=/home/carsten/ros2_test_ws/install/cv_basics/lib/python3.8/site-packages:${PYTHONPATH} /usr/bin/python3 setup.py egg_info --egg-base ../../build/cv_basics build --build-base /home/carsten/ros2_test_ws/build/cv_basics/build install --prefix /home/carsten/ros2_test_ws/install/cv_basics --record /home/carsten/ros2_test_ws/build/cv_basics/install.log --single-version-externally-managed
[0.956s] running egg_info
[0.957s] writing ../../build/cv_basics/cv_basics.egg-info/PKG-INFO
[0.957s] writing dependency_links to ../../build/cv_basics/cv_basics.egg-info/dependency_links.txt
[0.957s] writing entry points to ../../build/cv_basics/cv_basics.egg-info/entry_points.txt
[0.957s] writing requirements to ../../build/cv_basics/cv_basics.egg-info/requires.txt
[0.957s] writing top-level names to ../../build/cv_basics/cv_basics.egg-info/top_level.txt
[0.992s] reading manifest file '../../build/cv_basics/cv_basics.egg-info/SOURCES.txt'
[0.993s] writing manifest file '../../build/cv_basics/cv_basics.egg-info/SOURCES.txt'
[0.993s] running build
[0.993s] running build_py
[0.993s] copying cv_basics/depth-sub.py -> /home/carsten/ros2_test_ws/build/cv_basics/build/lib/cv_basics
[0.993s] running install
[0.994s] running install_lib
[0.995s] copying /home/carsten/ros2_test_ws/build/cv_basics/build/lib/cv_basics/depth-sub.py -> /home/carsten/ros2_test_ws/install/cv_basics/lib/python3.8/site-packages/cv_basics
[0.996s] byte-compiling /home/carsten/ros2_test_ws/install/cv_basics/lib/python3.8/site-packages/cv_basics/depth-sub.py to depth-sub.cpython-38.pyc
[0.998s] running install_data
[0.999s] running install_egg_info
[1.001s] removing '/home/carsten/ros2_test_ws/install/cv_basics/lib/python3.8/site-packages/cv_basics-0.0.0-py3.8.egg-info' (and everything under it)
[1.001s] Copying ../../build/cv_basics/cv_basics.egg-info to /home/carsten/ros2_test_ws/install/cv_basics/lib/python3.8/site-packages/cv_basics-0.0.0-py3.8.egg-info
[1.002s] running install_scripts
[1.051s] Installing img_publisher script to /home/carsten/ros2_test_ws/install/cv_basics/lib/cv_basics
[1.051s] Installing img_subscriber script to /home/carsten/ros2_test_ws/install/cv_basics/lib/cv_basics
[1.052s] writing list of installed files to '/home/carsten/ros2_test_ws/build/cv_basics/install.log'
[1.078s] Invoked command in '/home/carsten/ros2_test_ws/src/cv_basics' returned '0': PYTHONPATH=/home/carsten/ros2_test_ws/install/cv_basics/lib/python3.8/site-packages:${PYTHONPATH} /usr/bin/python3 setup.py egg_info --egg-base ../../build/cv_basics build --build-base /home/carsten/ros2_test_ws/build/cv_basics/build install --prefix /home/carsten/ros2_test_ws/install/cv_basics --record /home/carsten/ros2_test_ws/build/cv_basics/install.log --single-version-externally-managed
