[0.979s] Invoking command in '/home/carsten/ros2_test_ws/src/py_pubsub': PYTHONPATH=/home/carsten/ros2_test_ws/install/py_pubsub/lib/python3.8/site-packages:${PYTHONPATH} /usr/bin/python3 setup.py egg_info --egg-base ../../build/py_pubsub build --build-base /home/carsten/ros2_test_ws/build/py_pubsub/build install --prefix /home/carsten/ros2_test_ws/install/py_pubsub --record /home/carsten/ros2_test_ws/build/py_pubsub/install.log --single-version-externally-managed
[1.216s] running egg_info
[1.216s] writing ../../build/py_pubsub/py_pubsub.egg-info/PKG-INFO
[1.216s] writing dependency_links to ../../build/py_pubsub/py_pubsub.egg-info/dependency_links.txt
[1.217s] writing entry points to ../../build/py_pubsub/py_pubsub.egg-info/entry_points.txt
[1.217s] writing requirements to ../../build/py_pubsub/py_pubsub.egg-info/requires.txt
[1.217s] writing top-level names to ../../build/py_pubsub/py_pubsub.egg-info/top_level.txt
[1.256s] reading manifest file '../../build/py_pubsub/py_pubsub.egg-info/SOURCES.txt'
[1.257s] writing manifest file '../../build/py_pubsub/py_pubsub.egg-info/SOURCES.txt'
[1.257s] running build
[1.258s] running build_py
[1.258s] running install
[1.259s] running install_lib
[1.261s] running install_data
[1.261s] running install_egg_info
[1.263s] removing '/home/carsten/ros2_test_ws/install/py_pubsub/lib/python3.8/site-packages/py_pubsub-0.0.0-py3.8.egg-info' (and everything under it)
[1.263s] Copying ../../build/py_pubsub/py_pubsub.egg-info to /home/carsten/ros2_test_ws/install/py_pubsub/lib/python3.8/site-packages/py_pubsub-0.0.0-py3.8.egg-info
[1.264s] running install_scripts
[1.282s] writing list of installed files to '/home/carsten/ros2_test_ws/build/py_pubsub/install.log'
[1.315s] Invoked command in '/home/carsten/ros2_test_ws/src/py_pubsub' returned '0': PYTHONPATH=/home/carsten/ros2_test_ws/install/py_pubsub/lib/python3.8/site-packages:${PYTHONPATH} /usr/bin/python3 setup.py egg_info --egg-base ../../build/py_pubsub build --build-base /home/carsten/ros2_test_ws/build/py_pubsub/build install --prefix /home/carsten/ros2_test_ws/install/py_pubsub --record /home/carsten/ros2_test_ws/build/py_pubsub/install.log --single-version-externally-managed
