[2.486s] Invoking command in '/home/carsten/ros2_test_ws/src/cv_basics': PYTHONPATH=/home/carsten/ros2_test_ws/install/cv_basics/lib/python3.8/site-packages:${PYTHONPATH} /usr/bin/python3 setup.py egg_info --egg-base ../../build/cv_basics build --build-base /home/carsten/ros2_test_ws/build/cv_basics/build install --prefix /home/carsten/ros2_test_ws/install/cv_basics --record /home/carsten/ros2_test_ws/build/cv_basics/install.log --single-version-externally-managed
[3.066s] running egg_info
[3.067s] writing ../../build/cv_basics/cv_basics.egg-info/PKG-INFO
[3.067s] writing dependency_links to ../../build/cv_basics/cv_basics.egg-info/dependency_links.txt
[3.068s] writing entry points to ../../build/cv_basics/cv_basics.egg-info/entry_points.txt
[3.068s] writing requirements to ../../build/cv_basics/cv_basics.egg-info/requires.txt
[3.068s] writing top-level names to ../../build/cv_basics/cv_basics.egg-info/top_level.txt
[3.195s] reading manifest file '../../build/cv_basics/cv_basics.egg-info/SOURCES.txt'
[3.198s] writing manifest file '../../build/cv_basics/cv_basics.egg-info/SOURCES.txt'
[3.198s] running build
[3.198s] running build_py
[3.198s] copying cv_basics/show_center_depth.py -> /home/carsten/ros2_test_ws/build/cv_basics/build/lib/cv_basics
[3.200s] running install
[3.201s] running install_lib
[3.203s] copying /home/carsten/ros2_test_ws/build/cv_basics/build/lib/cv_basics/show_center_depth.py -> /home/carsten/ros2_test_ws/install/cv_basics/lib/python3.8/site-packages/cv_basics
[3.204s] byte-compiling /home/carsten/ros2_test_ws/install/cv_basics/lib/python3.8/site-packages/cv_basics/show_center_depth.py to show_center_depth.cpython-38.pyc
[3.208s] running install_data
[3.208s] running install_egg_info
[3.213s] removing '/home/carsten/ros2_test_ws/install/cv_basics/lib/python3.8/site-packages/cv_basics-0.0.0-py3.8.egg-info' (and everything under it)
[3.213s] Copying ../../build/cv_basics/cv_basics.egg-info to /home/carsten/ros2_test_ws/install/cv_basics/lib/python3.8/site-packages/cv_basics-0.0.0-py3.8.egg-info
[3.213s] running install_scripts
[3.274s] Installing img_publisher script to /home/carsten/ros2_test_ws/install/cv_basics/lib/cv_basics
[3.275s] Installing img_subscriber script to /home/carsten/ros2_test_ws/install/cv_basics/lib/cv_basics
[3.275s] Installing show_center_depth script to /home/carsten/ros2_test_ws/install/cv_basics/lib/cv_basics
[3.276s] writing list of installed files to '/home/carsten/ros2_test_ws/build/cv_basics/install.log'
[3.325s] Invoked command in '/home/carsten/ros2_test_ws/src/cv_basics' returned '0': PYTHONPATH=/home/carsten/ros2_test_ws/install/cv_basics/lib/python3.8/site-packages:${PYTHONPATH} /usr/bin/python3 setup.py egg_info --egg-base ../../build/cv_basics build --build-base /home/carsten/ros2_test_ws/build/cv_basics/build install --prefix /home/carsten/ros2_test_ws/install/cv_basics --record /home/carsten/ros2_test_ws/build/cv_basics/install.log --single-version-externally-managed
