[1.541s] Invoking command in '/home/carsten/ros2_test_ws/src/cv_basics': PYTHONPATH=/home/carsten/ros2_test_ws/install/cv_basics/lib/python3.8/site-packages:${PYTHONPATH} /usr/bin/python3 setup.py egg_info --egg-base ../../build/cv_basics build --build-base /home/carsten/ros2_test_ws/build/cv_basics/build install --prefix /home/carsten/ros2_test_ws/install/cv_basics --record /home/carsten/ros2_test_ws/build/cv_basics/install.log --single-version-externally-managed
[1.939s] running egg_info
[1.941s] writing ../../build/cv_basics/cv_basics.egg-info/PKG-INFO
[1.941s] writing dependency_links to ../../build/cv_basics/cv_basics.egg-info/dependency_links.txt
[1.941s] writing entry points to ../../build/cv_basics/cv_basics.egg-info/entry_points.txt
[1.942s] writing requirements to ../../build/cv_basics/cv_basics.egg-info/requires.txt
[1.942s] writing top-level names to ../../build/cv_basics/cv_basics.egg-info/top_level.txt
[2.000s] reading manifest file '../../build/cv_basics/cv_basics.egg-info/SOURCES.txt'
[2.005s] writing manifest file '../../build/cv_basics/cv_basics.egg-info/SOURCES.txt'
[2.005s] running build
[2.006s] running build_py
[2.006s] copying cv_basics/show_center_depth.py -> /home/carsten/ros2_test_ws/build/cv_basics/build/lib/cv_basics
[2.008s] running install
[2.016s] running install_lib
[2.016s] copying /home/carsten/ros2_test_ws/build/cv_basics/build/lib/cv_basics/show_center_depth.py -> /home/carsten/ros2_test_ws/install/cv_basics/lib/python3.8/site-packages/cv_basics
[2.017s] byte-compiling /home/carsten/ros2_test_ws/install/cv_basics/lib/python3.8/site-packages/cv_basics/show_center_depth.py to show_center_depth.cpython-38.pyc
[2.023s] running install_data
[2.024s] running install_egg_info
[2.027s] removing '/home/carsten/ros2_test_ws/install/cv_basics/lib/python3.8/site-packages/cv_basics-0.0.0-py3.8.egg-info' (and everything under it)
[2.028s] Copying ../../build/cv_basics/cv_basics.egg-info to /home/carsten/ros2_test_ws/install/cv_basics/lib/python3.8/site-packages/cv_basics-0.0.0-py3.8.egg-info
[2.030s] running install_scripts
[2.057s] Installing img_publisher script to /home/carsten/ros2_test_ws/install/cv_basics/lib/cv_basics
[2.057s] Installing img_subscriber script to /home/carsten/ros2_test_ws/install/cv_basics/lib/cv_basics
[2.057s] Installing show_center_depth script to /home/carsten/ros2_test_ws/install/cv_basics/lib/cv_basics
[2.057s] writing list of installed files to '/home/carsten/ros2_test_ws/build/cv_basics/install.log'
[2.121s] Invoked command in '/home/carsten/ros2_test_ws/src/cv_basics' returned '0': PYTHONPATH=/home/carsten/ros2_test_ws/install/cv_basics/lib/python3.8/site-packages:${PYTHONPATH} /usr/bin/python3 setup.py egg_info --egg-base ../../build/cv_basics build --build-base /home/carsten/ros2_test_ws/build/cv_basics/build install --prefix /home/carsten/ros2_test_ws/install/cv_basics --record /home/carsten/ros2_test_ws/build/cv_basics/install.log --single-version-externally-managed
