[2.338s] Invoking command in '/home/carsten/ros2_test_ws/src/cv_basics': PYTHONPATH=/home/carsten/ros2_test_ws/install/cv_basics/lib/python3.8/site-packages:${PYTHONPATH} /usr/bin/python3 setup.py egg_info --egg-base ../../build/cv_basics build --build-base /home/carsten/ros2_test_ws/build/cv_basics/build install --prefix /home/carsten/ros2_test_ws/install/cv_basics --record /home/carsten/ros2_test_ws/build/cv_basics/install.log --single-version-externally-managed
[2.885s] running egg_info
[2.886s] writing ../../build/cv_basics/cv_basics.egg-info/PKG-INFO
[2.886s] writing dependency_links to ../../build/cv_basics/cv_basics.egg-info/dependency_links.txt
[2.887s] writing entry points to ../../build/cv_basics/cv_basics.egg-info/entry_points.txt
[2.887s] writing requirements to ../../build/cv_basics/cv_basics.egg-info/requires.txt
[2.887s] writing top-level names to ../../build/cv_basics/cv_basics.egg-info/top_level.txt
[2.972s] reading manifest file '../../build/cv_basics/cv_basics.egg-info/SOURCES.txt'
[2.973s] writing manifest file '../../build/cv_basics/cv_basics.egg-info/SOURCES.txt'
[2.973s] running build
[2.973s] running build_py
[2.973s] copying cv_basics/show_center_depth.py -> /home/carsten/ros2_test_ws/build/cv_basics/build/lib/cv_basics
[2.974s] running install
[2.975s] running install_lib
[2.976s] copying /home/carsten/ros2_test_ws/build/cv_basics/build/lib/cv_basics/show_center_depth.py -> /home/carsten/ros2_test_ws/install/cv_basics/lib/python3.8/site-packages/cv_basics
[2.977s] byte-compiling /home/carsten/ros2_test_ws/install/cv_basics/lib/python3.8/site-packages/cv_basics/show_center_depth.py to show_center_depth.cpython-38.pyc
[2.979s] running install_data
[2.980s] running install_egg_info
[2.994s] removing '/home/carsten/ros2_test_ws/install/cv_basics/lib/python3.8/site-packages/cv_basics-0.0.0-py3.8.egg-info' (and everything under it)
[2.996s] Copying ../../build/cv_basics/cv_basics.egg-info to /home/carsten/ros2_test_ws/install/cv_basics/lib/python3.8/site-packages/cv_basics-0.0.0-py3.8.egg-info
[3.001s] running install_scripts
[3.042s] Installing img_publisher script to /home/carsten/ros2_test_ws/install/cv_basics/lib/cv_basics
[3.042s] Installing img_subscriber script to /home/carsten/ros2_test_ws/install/cv_basics/lib/cv_basics
[3.042s] Installing show_center_depth script to /home/carsten/ros2_test_ws/install/cv_basics/lib/cv_basics
[3.042s] writing list of installed files to '/home/carsten/ros2_test_ws/build/cv_basics/install.log'
[3.076s] Invoked command in '/home/carsten/ros2_test_ws/src/cv_basics' returned '0': PYTHONPATH=/home/carsten/ros2_test_ws/install/cv_basics/lib/python3.8/site-packages:${PYTHONPATH} /usr/bin/python3 setup.py egg_info --egg-base ../../build/cv_basics build --build-base /home/carsten/ros2_test_ws/build/cv_basics/build install --prefix /home/carsten/ros2_test_ws/install/cv_basics --record /home/carsten/ros2_test_ws/build/cv_basics/install.log --single-version-externally-managed
