[1.508s] Invoking command in '/home/carsten/ros2_test_ws/src/cv_basics': PYTHONPATH=/home/carsten/ros2_test_ws/install/cv_basics/lib/python3.8/site-packages:${PYTHONPATH} /usr/bin/python3 setup.py egg_info --egg-base ../../build/cv_basics build --build-base /home/carsten/ros2_test_ws/build/cv_basics/build install --prefix /home/carsten/ros2_test_ws/install/cv_basics --record /home/carsten/ros2_test_ws/build/cv_basics/install.log --single-version-externally-managed
[1.886s] running egg_info
[1.887s] writing ../../build/cv_basics/cv_basics.egg-info/PKG-INFO
[1.887s] writing dependency_links to ../../build/cv_basics/cv_basics.egg-info/dependency_links.txt
[1.888s] writing entry points to ../../build/cv_basics/cv_basics.egg-info/entry_points.txt
[1.888s] writing requirements to ../../build/cv_basics/cv_basics.egg-info/requires.txt
[1.889s] writing top-level names to ../../build/cv_basics/cv_basics.egg-info/top_level.txt
[1.957s] reading manifest file '../../build/cv_basics/cv_basics.egg-info/SOURCES.txt'
[1.959s] writing manifest file '../../build/cv_basics/cv_basics.egg-info/SOURCES.txt'
[1.960s] running build
[1.960s] running build_py
[1.961s] copying cv_basics/show_center_depth.py -> /home/carsten/ros2_test_ws/build/cv_basics/build/lib/cv_basics
[1.962s] copying cv_basics/webcam_sub.py -> /home/carsten/ros2_test_ws/build/cv_basics/build/lib/cv_basics
[1.963s] copying cv_basics/webcam_pub.py -> /home/carsten/ros2_test_ws/build/cv_basics/build/lib/cv_basics
[1.963s] running install
[1.965s] running install_lib
[1.967s] copying /home/carsten/ros2_test_ws/build/cv_basics/build/lib/cv_basics/show_center_depth.py -> /home/carsten/ros2_test_ws/install/cv_basics/lib/python3.8/site-packages/cv_basics
[1.968s] copying /home/carsten/ros2_test_ws/build/cv_basics/build/lib/cv_basics/webcam_sub.py -> /home/carsten/ros2_test_ws/install/cv_basics/lib/python3.8/site-packages/cv_basics
[1.968s] copying /home/carsten/ros2_test_ws/build/cv_basics/build/lib/cv_basics/webcam_pub.py -> /home/carsten/ros2_test_ws/install/cv_basics/lib/python3.8/site-packages/cv_basics
[1.969s] byte-compiling /home/carsten/ros2_test_ws/install/cv_basics/lib/python3.8/site-packages/cv_basics/show_center_depth.py to show_center_depth.cpython-38.pyc
[1.973s] byte-compiling /home/carsten/ros2_test_ws/install/cv_basics/lib/python3.8/site-packages/cv_basics/webcam_sub.py to webcam_sub.cpython-38.pyc
[1.974s] byte-compiling /home/carsten/ros2_test_ws/install/cv_basics/lib/python3.8/site-packages/cv_basics/webcam_pub.py to webcam_pub.cpython-38.pyc
[1.974s] running install_data
[1.975s] running install_egg_info
[1.978s] removing '/home/carsten/ros2_test_ws/install/cv_basics/lib/python3.8/site-packages/cv_basics-0.0.0-py3.8.egg-info' (and everything under it)
[1.979s] Copying ../../build/cv_basics/cv_basics.egg-info to /home/carsten/ros2_test_ws/install/cv_basics/lib/python3.8/site-packages/cv_basics-0.0.0-py3.8.egg-info
[1.981s] running install_scripts
[2.006s] Installing img_publisher script to /home/carsten/ros2_test_ws/install/cv_basics/lib/cv_basics
[2.006s] Installing img_subscriber script to /home/carsten/ros2_test_ws/install/cv_basics/lib/cv_basics
[2.007s] writing list of installed files to '/home/carsten/ros2_test_ws/build/cv_basics/install.log'
[2.056s] Invoked command in '/home/carsten/ros2_test_ws/src/cv_basics' returned '0': PYTHONPATH=/home/carsten/ros2_test_ws/install/cv_basics/lib/python3.8/site-packages:${PYTHONPATH} /usr/bin/python3 setup.py egg_info --egg-base ../../build/cv_basics build --build-base /home/carsten/ros2_test_ws/build/cv_basics/build install --prefix /home/carsten/ros2_test_ws/install/cv_basics --record /home/carsten/ros2_test_ws/build/cv_basics/install.log --single-version-externally-managed
