[2.492s] Invoking command in '/home/carsten/ros2_test_ws/src/cv_basics': PYTHONPATH=/home/carsten/ros2_test_ws/install/cv_basics/lib/python3.8/site-packages:${PYTHONPATH} /usr/bin/python3 setup.py egg_info --egg-base ../../build/cv_basics build --build-base /home/carsten/ros2_test_ws/build/cv_basics/build install --prefix /home/carsten/ros2_test_ws/install/cv_basics --record /home/carsten/ros2_test_ws/build/cv_basics/install.log --single-version-externally-managed
[3.039s] running egg_info
[3.040s] writing ../../build/cv_basics/cv_basics.egg-info/PKG-INFO
[3.041s] writing dependency_links to ../../build/cv_basics/cv_basics.egg-info/dependency_links.txt
[3.041s] writing entry points to ../../build/cv_basics/cv_basics.egg-info/entry_points.txt
[3.042s] writing requirements to ../../build/cv_basics/cv_basics.egg-info/requires.txt
[3.042s] writing top-level names to ../../build/cv_basics/cv_basics.egg-info/top_level.txt
[3.135s] reading manifest file '../../build/cv_basics/cv_basics.egg-info/SOURCES.txt'
[3.136s] writing manifest file '../../build/cv_basics/cv_basics.egg-info/SOURCES.txt'
[3.136s] running build
[3.137s] running build_py
[3.137s] copying cv_basics/show_center_depth.py -> /home/carsten/ros2_test_ws/build/cv_basics/build/lib/cv_basics
[3.138s] running install
[3.139s] running install_lib
[3.140s] copying /home/carsten/ros2_test_ws/build/cv_basics/build/lib/cv_basics/show_center_depth.py -> /home/carsten/ros2_test_ws/install/cv_basics/lib/python3.8/site-packages/cv_basics
[3.141s] byte-compiling /home/carsten/ros2_test_ws/install/cv_basics/lib/python3.8/site-packages/cv_basics/show_center_depth.py to show_center_depth.cpython-38.pyc
[3.156s] running install_data
[3.159s] running install_egg_info
[3.164s] removing '/home/carsten/ros2_test_ws/install/cv_basics/lib/python3.8/site-packages/cv_basics-0.0.0-py3.8.egg-info' (and everything under it)
[3.166s] Copying ../../build/cv_basics/cv_basics.egg-info to /home/carsten/ros2_test_ws/install/cv_basics/lib/python3.8/site-packages/cv_basics-0.0.0-py3.8.egg-info
[3.169s] running install_scripts
[3.205s] Installing img_publisher script to /home/carsten/ros2_test_ws/install/cv_basics/lib/cv_basics
[3.205s] Installing img_subscriber script to /home/carsten/ros2_test_ws/install/cv_basics/lib/cv_basics
[3.206s] Installing show_center_depth script to /home/carsten/ros2_test_ws/install/cv_basics/lib/cv_basics
[3.207s] writing list of installed files to '/home/carsten/ros2_test_ws/build/cv_basics/install.log'
[3.272s] Invoked command in '/home/carsten/ros2_test_ws/src/cv_basics' returned '0': PYTHONPATH=/home/carsten/ros2_test_ws/install/cv_basics/lib/python3.8/site-packages:${PYTHONPATH} /usr/bin/python3 setup.py egg_info --egg-base ../../build/cv_basics build --build-base /home/carsten/ros2_test_ws/build/cv_basics/build install --prefix /home/carsten/ros2_test_ws/install/cv_basics --record /home/carsten/ros2_test_ws/build/cv_basics/install.log --single-version-externally-managed
