[2.301s] Invoking command in '/home/carsten/ros2_test_ws/src/py_pubsub': PYTHONPATH=/home/carsten/ros2_test_ws/install/py_pubsub/lib/python3.8/site-packages:${PYTHONPATH} /usr/bin/python3 setup.py egg_info --egg-base ../../build/py_pubsub build --build-base /home/carsten/ros2_test_ws/build/py_pubsub/build install --prefix /home/carsten/ros2_test_ws/install/py_pubsub --record /home/carsten/ros2_test_ws/build/py_pubsub/install.log --single-version-externally-managed
[2.871s] running egg_info
[2.872s] writing ../../build/py_pubsub/py_pubsub.egg-info/PKG-INFO
[2.872s] writing dependency_links to ../../build/py_pubsub/py_pubsub.egg-info/dependency_links.txt
[2.872s] writing entry points to ../../build/py_pubsub/py_pubsub.egg-info/entry_points.txt
[2.873s] writing requirements to ../../build/py_pubsub/py_pubsub.egg-info/requires.txt
[2.873s] writing top-level names to ../../build/py_pubsub/py_pubsub.egg-info/top_level.txt
[2.986s] reading manifest file '../../build/py_pubsub/py_pubsub.egg-info/SOURCES.txt'
[2.989s] writing manifest file '../../build/py_pubsub/py_pubsub.egg-info/SOURCES.txt'
[2.995s] running build
[2.995s] running build_py
[2.996s] running install
[2.998s] running install_lib
[3.001s] running install_data
[3.003s] running install_egg_info
[3.007s] removing '/home/carsten/ros2_test_ws/install/py_pubsub/lib/python3.8/site-packages/py_pubsub-0.0.0-py3.8.egg-info' (and everything under it)
[3.013s] Copying ../../build/py_pubsub/py_pubsub.egg-info to /home/carsten/ros2_test_ws/install/py_pubsub/lib/python3.8/site-packages/py_pubsub-0.0.0-py3.8.egg-info
[3.015s] running install_scripts
[3.039s] writing list of installed files to '/home/carsten/ros2_test_ws/build/py_pubsub/install.log'
[3.076s] Invoked command in '/home/carsten/ros2_test_ws/src/py_pubsub' returned '0': PYTHONPATH=/home/carsten/ros2_test_ws/install/py_pubsub/lib/python3.8/site-packages:${PYTHONPATH} /usr/bin/python3 setup.py egg_info --egg-base ../../build/py_pubsub build --build-base /home/carsten/ros2_test_ws/build/py_pubsub/build install --prefix /home/carsten/ros2_test_ws/install/py_pubsub --record /home/carsten/ros2_test_ws/build/py_pubsub/install.log --single-version-externally-managed
