[0.044s] Invoking command in '/home/carsten/ros2_test_ws/build/cpp_pubsub': CMAKE_PREFIX_PATH=/opt/ros/foxy /usr/bin/cmake /home/carsten/ros2_test_ws/src/cpp_pubsub -DCMAKE_INSTALL_PREFIX=/home/carsten/ros2_test_ws/install/cpp_pubsub
[0.348s] -- The C compiler identification is GNU 9.4.0
[0.350s] -- The CXX compiler identification is GNU 9.4.0
[0.350s] -- Check for working C compiler: /usr/bin/cc
[0.372s] -- Check for working C compiler: /usr/bin/cc -- works
[0.374s] -- Detecting C compiler ABI info
[0.458s] -- Detecting C compiler ABI info - done
[0.473s] -- Detecting C compile features
[0.473s] -- Detecting C compile features - done
[0.476s] -- Check for working CXX compiler: /usr/bin/c++
[0.572s] -- Check for working CXX compiler: /usr/bin/c++ -- works
[0.573s] -- Detecting CXX compiler ABI info
[0.675s] -- Detecting CXX compiler ABI info - done
[0.688s] -- Detecting CXX compile features
[0.689s] -- Detecting CXX compile features - done
[0.705s] -- Found ament_cmake: 0.9.11 (/opt/ros/foxy/share/ament_cmake/cmake)
[0.789s] -- Found PythonInterp: /usr/bin/python3 (found suitable version "3.8.10", minimum required is "3") 
[0.789s] -- Using PYTHON_EXECUTABLE: /usr/bin/python3
[1.208s] -- Found ament_lint_auto: 0.9.7 (/opt/ros/foxy/share/ament_lint_auto/cmake)
[1.366s] -- Added test 'copyright' to check source files copyright and LICENSE
[1.368s] -- Added test 'cppcheck' to perform static code analysis on C / C++ code
[1.368s] -- Configured cppcheck include dirs: 
[1.368s] -- Configured cppcheck exclude dirs and/or files: 
[1.369s] -- Added test 'cpplint' to check C / C++ code against the Google style
[1.370s] -- Configured cpplint exclude dirs and/or files: 
[1.371s] -- Added test 'lint_cmake' to check CMake code style
[1.372s] -- Added test 'uncrustify' to check C / C++ code style
[1.373s] -- Configured uncrustify additional arguments: 
[1.373s] -- Added test 'xmllint' to check XML markup files
[1.377s] -- Configuring done
[1.380s] -- Generating done
[1.382s] -- Build files have been written to: /home/carsten/ros2_test_ws/build/cpp_pubsub
[1.386s] Invoked command in '/home/carsten/ros2_test_ws/build/cpp_pubsub' returned '0': CMAKE_PREFIX_PATH=/opt/ros/foxy /usr/bin/cmake /home/carsten/ros2_test_ws/src/cpp_pubsub -DCMAKE_INSTALL_PREFIX=/home/carsten/ros2_test_ws/install/cpp_pubsub
[1.390s] Invoking command in '/home/carsten/ros2_test_ws/build/cpp_pubsub': CMAKE_PREFIX_PATH=/opt/ros/foxy /usr/bin/cmake --build /home/carsten/ros2_test_ws/build/cpp_pubsub -- -j8 -l8
[1.452s] Invoked command in '/home/carsten/ros2_test_ws/build/cpp_pubsub' returned '0': CMAKE_PREFIX_PATH=/opt/ros/foxy /usr/bin/cmake --build /home/carsten/ros2_test_ws/build/cpp_pubsub -- -j8 -l8
[1.508s] Invoking command in '/home/carsten/ros2_test_ws/build/cpp_pubsub': CMAKE_PREFIX_PATH=/opt/ros/foxy /usr/bin/cmake --install /home/carsten/ros2_test_ws/build/cpp_pubsub
[1.525s] -- Install configuration: ""
[1.525s] -- Installing: /home/carsten/ros2_test_ws/install/cpp_pubsub/share/ament_index/resource_index/package_run_dependencies/cpp_pubsub
[1.526s] -- Installing: /home/carsten/ros2_test_ws/install/cpp_pubsub/share/ament_index/resource_index/parent_prefix_path/cpp_pubsub
[1.528s] -- Installing: /home/carsten/ros2_test_ws/install/cpp_pubsub/share/cpp_pubsub/environment/ament_prefix_path.sh
[1.528s] -- Installing: /home/carsten/ros2_test_ws/install/cpp_pubsub/share/cpp_pubsub/environment/ament_prefix_path.dsv
[1.528s] -- Installing: /home/carsten/ros2_test_ws/install/cpp_pubsub/share/cpp_pubsub/environment/path.sh
[1.528s] -- Installing: /home/carsten/ros2_test_ws/install/cpp_pubsub/share/cpp_pubsub/environment/path.dsv
[1.528s] -- Installing: /home/carsten/ros2_test_ws/install/cpp_pubsub/share/cpp_pubsub/local_setup.bash
[1.529s] -- Installing: /home/carsten/ros2_test_ws/install/cpp_pubsub/share/cpp_pubsub/local_setup.sh
[1.540s] -- Installing: /home/carsten/ros2_test_ws/install/cpp_pubsub/share/cpp_pubsub/local_setup.zsh
[1.543s] -- Installing: /home/carsten/ros2_test_ws/install/cpp_pubsub/share/cpp_pubsub/local_setup.dsv
[1.545s] -- Installing: /home/carsten/ros2_test_ws/install/cpp_pubsub/share/cpp_pubsub/package.dsv
[1.545s] -- Installing: /home/carsten/ros2_test_ws/install/cpp_pubsub/share/ament_index/resource_index/packages/cpp_pubsub
[1.547s] -- Installing: /home/carsten/ros2_test_ws/install/cpp_pubsub/share/cpp_pubsub/cmake/cpp_pubsubConfig.cmake
[1.548s] -- Installing: /home/carsten/ros2_test_ws/install/cpp_pubsub/share/cpp_pubsub/cmake/cpp_pubsubConfig-version.cmake
[1.548s] -- Installing: /home/carsten/ros2_test_ws/install/cpp_pubsub/share/cpp_pubsub/package.xml
[1.549s] Invoked command in '/home/carsten/ros2_test_ws/build/cpp_pubsub' returned '0': CMAKE_PREFIX_PATH=/opt/ros/foxy /usr/bin/cmake --install /home/carsten/ros2_test_ws/build/cpp_pubsub
