[1.551s] Invoking command in '/home/carsten/ros2_test_ws/src/cv_basics': PYTHONPATH=/home/carsten/ros2_test_ws/install/cv_basics/lib/python3.8/site-packages:${PYTHONPATH} /usr/bin/python3 setup.py egg_info --egg-base ../../build/cv_basics build --build-base /home/carsten/ros2_test_ws/build/cv_basics/build install --prefix /home/carsten/ros2_test_ws/install/cv_basics --record /home/carsten/ros2_test_ws/build/cv_basics/install.log --single-version-externally-managed
[1.897s] running egg_info
[1.897s] writing ../../build/cv_basics/cv_basics.egg-info/PKG-INFO
[1.897s] writing dependency_links to ../../build/cv_basics/cv_basics.egg-info/dependency_links.txt
[1.898s] writing entry points to ../../build/cv_basics/cv_basics.egg-info/entry_points.txt
[1.898s] writing requirements to ../../build/cv_basics/cv_basics.egg-info/requires.txt
[1.898s] writing top-level names to ../../build/cv_basics/cv_basics.egg-info/top_level.txt
[1.972s] reading manifest file '../../build/cv_basics/cv_basics.egg-info/SOURCES.txt'
[1.974s] writing manifest file '../../build/cv_basics/cv_basics.egg-info/SOURCES.txt'
[1.974s] running build
[1.974s] running build_py
[1.974s] copying cv_basics/show_center_depth.py -> /home/carsten/ros2_test_ws/build/cv_basics/build/lib/cv_basics
[1.974s] copying cv_basics/realsense_depth.py -> /home/carsten/ros2_test_ws/build/cv_basics/build/lib/cv_basics
[1.975s] running install
[1.976s] running install_lib
[1.978s] copying /home/carsten/ros2_test_ws/build/cv_basics/build/lib/cv_basics/show_center_depth.py -> /home/carsten/ros2_test_ws/install/cv_basics/lib/python3.8/site-packages/cv_basics
[1.978s] copying /home/carsten/ros2_test_ws/build/cv_basics/build/lib/cv_basics/realsense_depth.py -> /home/carsten/ros2_test_ws/install/cv_basics/lib/python3.8/site-packages/cv_basics
[1.979s] byte-compiling /home/carsten/ros2_test_ws/install/cv_basics/lib/python3.8/site-packages/cv_basics/show_center_depth.py to show_center_depth.cpython-38.pyc
[1.982s] byte-compiling /home/carsten/ros2_test_ws/install/cv_basics/lib/python3.8/site-packages/cv_basics/realsense_depth.py to realsense_depth.cpython-38.pyc
[1.982s] running install_data
[1.983s] copying package.xml -> /home/carsten/ros2_test_ws/install/cv_basics/share/cv_basics
[1.983s] running install_egg_info
[1.985s] removing '/home/carsten/ros2_test_ws/install/cv_basics/lib/python3.8/site-packages/cv_basics-0.0.0-py3.8.egg-info' (and everything under it)
[1.985s] Copying ../../build/cv_basics/cv_basics.egg-info to /home/carsten/ros2_test_ws/install/cv_basics/lib/python3.8/site-packages/cv_basics-0.0.0-py3.8.egg-info
[1.987s] running install_scripts
[2.008s] Installing img_publisher script to /home/carsten/ros2_test_ws/install/cv_basics/lib/cv_basics
[2.024s] Installing img_subscriber script to /home/carsten/ros2_test_ws/install/cv_basics/lib/cv_basics
[2.028s] Installing show_center_depth script to /home/carsten/ros2_test_ws/install/cv_basics/lib/cv_basics
[2.028s] writing list of installed files to '/home/carsten/ros2_test_ws/build/cv_basics/install.log'
[2.076s] Invoked command in '/home/carsten/ros2_test_ws/src/cv_basics' returned '0': PYTHONPATH=/home/carsten/ros2_test_ws/install/cv_basics/lib/python3.8/site-packages:${PYTHONPATH} /usr/bin/python3 setup.py egg_info --egg-base ../../build/cv_basics build --build-base /home/carsten/ros2_test_ws/build/cv_basics/build install --prefix /home/carsten/ros2_test_ws/install/cv_basics --record /home/carsten/ros2_test_ws/build/cv_basics/install.log --single-version-externally-managed
