[0.980s] Invoking command in '/home/carsten/ros2_test_ws/src/cv_basics': PYTHONPATH=/home/carsten/ros2_test_ws/install/cv_basics/lib/python3.8/site-packages:${PYTHONPATH} /usr/bin/python3 setup.py egg_info --egg-base ../../build/cv_basics build --build-base /home/carsten/ros2_test_ws/build/cv_basics/build install --prefix /home/carsten/ros2_test_ws/install/cv_basics --record /home/carsten/ros2_test_ws/build/cv_basics/install.log --single-version-externally-managed
[1.211s] running egg_info
[1.212s] writing ../../build/cv_basics/cv_basics.egg-info/PKG-INFO
[1.212s] writing dependency_links to ../../build/cv_basics/cv_basics.egg-info/dependency_links.txt
[1.212s] writing entry points to ../../build/cv_basics/cv_basics.egg-info/entry_points.txt
[1.212s] writing requirements to ../../build/cv_basics/cv_basics.egg-info/requires.txt
[1.212s] writing top-level names to ../../build/cv_basics/cv_basics.egg-info/top_level.txt
[1.247s] reading manifest file '../../build/cv_basics/cv_basics.egg-info/SOURCES.txt'
[1.248s] writing manifest file '../../build/cv_basics/cv_basics.egg-info/SOURCES.txt'
[1.248s] running build
[1.248s] running build_py
[1.248s] copying cv_basics/webcam_pub.py -> /home/carsten/ros2_test_ws/build/cv_basics/build/lib/cv_basics
[1.248s] running install
[1.249s] running install_lib
[1.250s] copying /home/carsten/ros2_test_ws/build/cv_basics/build/lib/cv_basics/webcam_pub.py -> /home/carsten/ros2_test_ws/install/cv_basics/lib/python3.8/site-packages/cv_basics
[1.251s] byte-compiling /home/carsten/ros2_test_ws/install/cv_basics/lib/python3.8/site-packages/cv_basics/webcam_pub.py to webcam_pub.cpython-38.pyc
[1.252s] running install_data
[1.253s] running install_egg_info
[1.254s] removing '/home/carsten/ros2_test_ws/install/cv_basics/lib/python3.8/site-packages/cv_basics-0.0.0-py3.8.egg-info' (and everything under it)
[1.255s] Copying ../../build/cv_basics/cv_basics.egg-info to /home/carsten/ros2_test_ws/install/cv_basics/lib/python3.8/site-packages/cv_basics-0.0.0-py3.8.egg-info
[1.256s] running install_scripts
[1.271s] Installing img_publisher script to /home/carsten/ros2_test_ws/install/cv_basics/lib/cv_basics
[1.271s] Installing img_subscriber script to /home/carsten/ros2_test_ws/install/cv_basics/lib/cv_basics
[1.272s] writing list of installed files to '/home/carsten/ros2_test_ws/build/cv_basics/install.log'
[1.301s] Invoked command in '/home/carsten/ros2_test_ws/src/cv_basics' returned '0': PYTHONPATH=/home/carsten/ros2_test_ws/install/cv_basics/lib/python3.8/site-packages:${PYTHONPATH} /usr/bin/python3 setup.py egg_info --egg-base ../../build/cv_basics build --build-base /home/carsten/ros2_test_ws/build/cv_basics/build install --prefix /home/carsten/ros2_test_ws/install/cv_basics --record /home/carsten/ros2_test_ws/build/cv_basics/install.log --single-version-externally-managed
